INFO:root:Start: 3_preprocess_target_tweets.py 
DEBUG:root:Processing tweet 1/990
DEBUG:root:Processing tweet 2/990
DEBUG:root:Processing tweet 3/990
DEBUG:root:Tweet 1324408160459890690 already processed
DEBUG:root:Processing tweet 4/990
DEBUG:root:Processing tweet 5/990
DEBUG:root:Processing tweet 6/990
DEBUG:root:Processing tweet 7/990
DEBUG:root:Processing tweet 8/990
DEBUG:root:Processing tweet 9/990
DEBUG:root:Processing tweet 10/990
DEBUG:root:Processing tweet 11/990
DEBUG:root:Processing tweet 12/990
DEBUG:root:Processing tweet 13/990
DEBUG:root:Processing tweet 14/990
DEBUG:root:Processing tweet 15/990
DEBUG:root:Processing tweet 16/990
DEBUG:root:Processing tweet 17/990
DEBUG:root:Processing tweet 18/990
DEBUG:root:Processing tweet 19/990
DEBUG:root:Processing tweet 20/990
DEBUG:root:Processing tweet 21/990
DEBUG:root:Processing tweet 22/990
DEBUG:root:Processing tweet 23/990
DEBUG:root:Processing tweet 24/990
DEBUG:root:Tweet 1324358439347187716 already processed
DEBUG:root:Processing tweet 25/990
DEBUG:root:Processing tweet 26/990
DEBUG:root:Tweet 1324354854987436032 already processed
DEBUG:root:Processing tweet 27/990
DEBUG:root:Processing tweet 28/990
DEBUG:root:Processing tweet 29/990
DEBUG:root:Processing tweet 30/990
DEBUG:root:Processing tweet 31/990
DEBUG:root:Processing tweet 32/990
DEBUG:root:Tweet 1324339831846150144 already processed
DEBUG:root:Processing tweet 33/990
DEBUG:root:Processing tweet 34/990
DEBUG:root:Tweet 1324337435548024832 already processed
DEBUG:root:Processing tweet 35/990
DEBUG:root:Processing tweet 36/990
DEBUG:root:Processing tweet 37/990
DEBUG:root:Processing tweet 38/990
DEBUG:root:Processing tweet 39/990
DEBUG:root:Processing tweet 40/990
DEBUG:root:Processing tweet 41/990
DEBUG:root:Processing tweet 42/990
DEBUG:root:Processing tweet 43/990
DEBUG:root:Processing tweet 44/990
DEBUG:root:Processing tweet 45/990
DEBUG:root:Processing tweet 46/990
DEBUG:root:Processing tweet 47/990
DEBUG:root:Processing tweet 48/990
DEBUG:root:Processing tweet 49/990
DEBUG:root:Processing tweet 50/990
DEBUG:root:Tweet 1324208290155421696 already processed
DEBUG:root:Processing tweet 51/990
DEBUG:root:Processing tweet 52/990
DEBUG:root:Processing tweet 53/990
DEBUG:root:Processing tweet 54/990
DEBUG:root:Tweet 1324172311411499009 already processed
DEBUG:root:Processing tweet 55/990
DEBUG:root:Processing tweet 56/990
DEBUG:root:Processing tweet 57/990
DEBUG:root:Processing tweet 58/990
DEBUG:root:Processing tweet 59/990
DEBUG:root:Processing tweet 60/990
DEBUG:root:Processing tweet 61/990
DEBUG:root:Processing tweet 62/990
DEBUG:root:Processing tweet 63/990
DEBUG:root:Processing tweet 64/990
DEBUG:root:Processing tweet 65/990
DEBUG:root:Tweet 1324139363383599109 already processed
DEBUG:root:Processing tweet 66/990
DEBUG:root:Processing tweet 67/990
DEBUG:root:Processing tweet 68/990
DEBUG:root:Processing tweet 69/990
DEBUG:root:Processing tweet 70/990
DEBUG:root:Processing tweet 71/990
DEBUG:root:Processing tweet 72/990
DEBUG:root:Processing tweet 73/990
DEBUG:root:Processing tweet 74/990
DEBUG:root:Processing tweet 75/990
DEBUG:root:Processing tweet 76/990
DEBUG:root:Processing tweet 77/990
DEBUG:root:Processing tweet 78/990
DEBUG:root:Processing tweet 79/990
DEBUG:root:Tweet 1324079044569292800 already processed
DEBUG:root:Processing tweet 80/990
DEBUG:root:Processing tweet 81/990
DEBUG:root:Processing tweet 82/990
DEBUG:root:Processing tweet 83/990
DEBUG:root:Processing tweet 84/990
DEBUG:root:Processing tweet 85/990
DEBUG:root:Processing tweet 86/990
DEBUG:root:Processing tweet 87/990
DEBUG:root:Processing tweet 88/990
DEBUG:root:Processing tweet 89/990
DEBUG:root:Processing tweet 90/990
DEBUG:root:Processing tweet 91/990
DEBUG:root:Processing tweet 92/990
DEBUG:root:Processing tweet 93/990
DEBUG:root:Processing tweet 94/990
DEBUG:root:Processing tweet 95/990
DEBUG:root:Processing tweet 96/990
DEBUG:root:Processing tweet 97/990
DEBUG:root:Processing tweet 98/990
DEBUG:root:Processing tweet 99/990
DEBUG:root:Tweet 1324027419913801730 already processed
DEBUG:root:Processing tweet 100/990
DEBUG:root:Processing tweet 101/990
DEBUG:root:Processing tweet 102/990
DEBUG:root:Processing tweet 103/990
DEBUG:root:Tweet 1324026658186285060 already processed
DEBUG:root:Processing tweet 104/990
DEBUG:root:Tweet 1324023377330397184 already processed
DEBUG:root:Processing tweet 105/990
DEBUG:root:Processing tweet 106/990
DEBUG:root:Processing tweet 107/990
DEBUG:root:Processing tweet 108/990
DEBUG:root:Processing tweet 109/990
DEBUG:root:Processing tweet 110/990
DEBUG:root:Processing tweet 111/990
DEBUG:root:Processing tweet 112/990
DEBUG:root:Processing tweet 113/990
DEBUG:root:Processing tweet 114/990
DEBUG:root:Processing tweet 115/990
DEBUG:root:Processing tweet 116/990
DEBUG:root:Processing tweet 117/990
DEBUG:root:Processing tweet 118/990
DEBUG:root:Processing tweet 119/990
DEBUG:root:Processing tweet 120/990
DEBUG:root:Processing tweet 121/990
DEBUG:root:Processing tweet 122/990
DEBUG:root:Processing tweet 123/990
DEBUG:root:Processing tweet 124/990
DEBUG:root:Processing tweet 125/990
DEBUG:root:Processing tweet 126/990
DEBUG:root:Processing tweet 127/990
DEBUG:root:Processing tweet 128/990
DEBUG:root:Processing tweet 129/990
DEBUG:root:Processing tweet 130/990
DEBUG:root:Processing tweet 131/990
DEBUG:root:Processing tweet 132/990
DEBUG:root:Processing tweet 133/990
DEBUG:root:Processing tweet 134/990
DEBUG:root:Processing tweet 135/990
DEBUG:root:Processing tweet 136/990
DEBUG:root:Tweet 1324004776099631112 already processed
DEBUG:root:Processing tweet 137/990
DEBUG:root:Processing tweet 138/990
DEBUG:root:Processing tweet 139/990
DEBUG:root:Processing tweet 140/990
DEBUG:root:Processing tweet 141/990
DEBUG:root:Processing tweet 142/990
DEBUG:root:Processing tweet 143/990
DEBUG:root:Processing tweet 144/990
DEBUG:root:Processing tweet 145/990
DEBUG:root:Processing tweet 146/990
DEBUG:root:Processing tweet 147/990
DEBUG:root:Processing tweet 148/990
DEBUG:root:Processing tweet 149/990
DEBUG:root:Processing tweet 150/990
DEBUG:root:Processing tweet 151/990
DEBUG:root:Tweet 1323992213676765186 already processed
DEBUG:root:Processing tweet 152/990
DEBUG:root:Processing tweet 153/990
DEBUG:root:Processing tweet 154/990
DEBUG:root:Processing tweet 155/990
DEBUG:root:Processing tweet 156/990
DEBUG:root:Processing tweet 157/990
DEBUG:root:Processing tweet 158/990
DEBUG:root:Processing tweet 159/990
DEBUG:root:Processing tweet 160/990
DEBUG:root:Processing tweet 161/990
DEBUG:root:Processing tweet 162/990
DEBUG:root:Processing tweet 163/990
DEBUG:root:Processing tweet 164/990
DEBUG:root:Processing tweet 165/990
DEBUG:root:Processing tweet 166/990
DEBUG:root:Processing tweet 167/990
DEBUG:root:Processing tweet 168/990
DEBUG:root:Processing tweet 169/990
DEBUG:root:Processing tweet 170/990
DEBUG:root:Processing tweet 171/990
DEBUG:root:Processing tweet 172/990
DEBUG:root:Processing tweet 173/990
DEBUG:root:Processing tweet 174/990
DEBUG:root:Processing tweet 175/990
DEBUG:root:Processing tweet 176/990
DEBUG:root:Processing tweet 177/990
DEBUG:root:Tweet 1323973859700318209 already processed
DEBUG:root:Processing tweet 178/990
DEBUG:root:Processing tweet 179/990
DEBUG:root:Processing tweet 180/990
DEBUG:root:Processing tweet 181/990
DEBUG:root:Processing tweet 182/990
DEBUG:root:Processing tweet 183/990
DEBUG:root:Processing tweet 184/990
DEBUG:root:Processing tweet 185/990
DEBUG:root:Processing tweet 186/990
DEBUG:root:Processing tweet 187/990
DEBUG:root:Processing tweet 188/990
DEBUG:root:Processing tweet 189/990
DEBUG:root:Processing tweet 190/990
DEBUG:root:Processing tweet 191/990
DEBUG:root:Processing tweet 192/990
DEBUG:root:Processing tweet 193/990
DEBUG:root:Processing tweet 194/990
DEBUG:root:Processing tweet 195/990
DEBUG:root:Processing tweet 196/990
DEBUG:root:Processing tweet 197/990
DEBUG:root:Processing tweet 198/990
DEBUG:root:Processing tweet 199/990
DEBUG:root:Processing tweet 200/990
DEBUG:root:Processing tweet 201/990
DEBUG:root:Processing tweet 202/990
DEBUG:root:Processing tweet 203/990
DEBUG:root:Processing tweet 204/990
DEBUG:root:Processing tweet 205/990
DEBUG:root:Processing tweet 206/990
DEBUG:root:Processing tweet 207/990
DEBUG:root:Processing tweet 208/990
DEBUG:root:Processing tweet 209/990
DEBUG:root:Processing tweet 210/990
DEBUG:root:Processing tweet 211/990
DEBUG:root:Processing tweet 212/990
DEBUG:root:Processing tweet 213/990
DEBUG:root:Processing tweet 214/990
DEBUG:root:Processing tweet 215/990
DEBUG:root:Processing tweet 216/990
DEBUG:root:Tweet 1323958728564088834 already processed
DEBUG:root:Processing tweet 217/990
DEBUG:root:Processing tweet 218/990
DEBUG:root:Processing tweet 219/990
DEBUG:root:Processing tweet 220/990
DEBUG:root:Processing tweet 221/990
DEBUG:root:Processing tweet 222/990
DEBUG:root:Processing tweet 223/990
DEBUG:root:Processing tweet 224/990
DEBUG:root:Processing tweet 225/990
DEBUG:root:Processing tweet 226/990
DEBUG:root:Processing tweet 227/990
DEBUG:root:Processing tweet 228/990
DEBUG:root:Processing tweet 229/990
DEBUG:root:Processing tweet 230/990
DEBUG:root:Processing tweet 231/990
DEBUG:root:Processing tweet 232/990
DEBUG:root:Processing tweet 233/990
DEBUG:root:Processing tweet 234/990
DEBUG:root:Processing tweet 235/990
DEBUG:root:Processing tweet 236/990
DEBUG:root:Processing tweet 237/990
DEBUG:root:Processing tweet 238/990
DEBUG:root:Processing tweet 239/990
DEBUG:root:Processing tweet 240/990
DEBUG:root:Processing tweet 241/990
DEBUG:root:Processing tweet 242/990
DEBUG:root:Processing tweet 243/990
DEBUG:root:Processing tweet 244/990
DEBUG:root:Processing tweet 245/990
DEBUG:root:Processing tweet 246/990
DEBUG:root:Processing tweet 247/990
DEBUG:root:Processing tweet 248/990
DEBUG:root:Processing tweet 249/990
DEBUG:root:Processing tweet 250/990
DEBUG:root:Processing tweet 251/990
DEBUG:root:Processing tweet 252/990
DEBUG:root:Processing tweet 253/990
DEBUG:root:Processing tweet 254/990
DEBUG:root:Processing tweet 255/990
DEBUG:root:Processing tweet 256/990
DEBUG:root:Processing tweet 257/990
DEBUG:root:Processing tweet 258/990
DEBUG:root:Processing tweet 259/990
DEBUG:root:Processing tweet 260/990
DEBUG:root:Processing tweet 261/990
DEBUG:root:Processing tweet 262/990
DEBUG:root:Processing tweet 263/990
DEBUG:root:Processing tweet 264/990
DEBUG:root:Processing tweet 265/990
DEBUG:root:Processing tweet 266/990
DEBUG:root:Processing tweet 267/990
DEBUG:root:Processing tweet 268/990
DEBUG:root:Processing tweet 269/990
DEBUG:root:Processing tweet 270/990
DEBUG:root:Processing tweet 271/990
DEBUG:root:Processing tweet 272/990
DEBUG:root:Processing tweet 273/990
DEBUG:root:Processing tweet 274/990
DEBUG:root:Processing tweet 275/990
DEBUG:root:Processing tweet 276/990
DEBUG:root:Processing tweet 277/990
DEBUG:root:Processing tweet 278/990
DEBUG:root:Processing tweet 279/990
DEBUG:root:Processing tweet 280/990
DEBUG:root:Processing tweet 281/990
DEBUG:root:Processing tweet 282/990
DEBUG:root:Processing tweet 283/990
DEBUG:root:Processing tweet 284/990
DEBUG:root:Processing tweet 285/990
DEBUG:root:Processing tweet 286/990
DEBUG:root:Processing tweet 287/990
DEBUG:root:Processing tweet 288/990
DEBUG:root:Processing tweet 289/990
DEBUG:root:Processing tweet 290/990
DEBUG:root:Processing tweet 291/990
DEBUG:root:Processing tweet 292/990
DEBUG:root:Processing tweet 293/990
DEBUG:root:Processing tweet 294/990
DEBUG:root:Tweet 1323858095601307648 already processed
DEBUG:root:Processing tweet 295/990
DEBUG:root:Processing tweet 296/990
DEBUG:root:Processing tweet 297/990
DEBUG:root:Processing tweet 298/990
DEBUG:root:Processing tweet 299/990
DEBUG:root:Processing tweet 300/990
DEBUG:root:Processing tweet 301/990
DEBUG:root:Processing tweet 302/990
DEBUG:root:Processing tweet 303/990
DEBUG:root:Processing tweet 304/990
DEBUG:root:Processing tweet 305/990
DEBUG:root:Processing tweet 306/990
DEBUG:root:Processing tweet 307/990
DEBUG:root:Processing tweet 308/990
DEBUG:root:Processing tweet 309/990
DEBUG:root:Processing tweet 310/990
DEBUG:root:Processing tweet 311/990
DEBUG:root:Processing tweet 312/990
DEBUG:root:Processing tweet 313/990
DEBUG:root:Tweet 1323806222475296774 already processed
DEBUG:root:Processing tweet 314/990
DEBUG:root:Processing tweet 315/990
DEBUG:root:Processing tweet 316/990
DEBUG:root:Processing tweet 317/990
DEBUG:root:Processing tweet 318/990
DEBUG:root:Processing tweet 319/990
DEBUG:root:Processing tweet 320/990
DEBUG:root:Processing tweet 321/990
DEBUG:root:Processing tweet 322/990
DEBUG:root:Processing tweet 323/990
DEBUG:root:Processing tweet 324/990
DEBUG:root:Tweet 1323765885132222472 already processed
DEBUG:root:Processing tweet 325/990
DEBUG:root:Processing tweet 326/990
DEBUG:root:Processing tweet 327/990
DEBUG:root:Processing tweet 328/990
DEBUG:root:Processing tweet 329/990
DEBUG:root:Processing tweet 330/990
DEBUG:root:Processing tweet 331/990
DEBUG:root:Processing tweet 332/990
DEBUG:root:Processing tweet 333/990
DEBUG:root:Tweet 1323760944414035968 already processed
DEBUG:root:Processing tweet 334/990
DEBUG:root:Tweet 1323760591383744513 already processed
DEBUG:root:Processing tweet 335/990
DEBUG:root:Tweet 1323753673252499456 already processed
DEBUG:root:Processing tweet 336/990
DEBUG:root:Processing tweet 337/990
DEBUG:root:Tweet 1323753316266881025 already processed
DEBUG:root:Processing tweet 338/990
DEBUG:root:Processing tweet 339/990
DEBUG:root:Processing tweet 340/990
DEBUG:root:Processing tweet 341/990
DEBUG:root:Processing tweet 342/990
DEBUG:root:Processing tweet 343/990
DEBUG:root:Processing tweet 344/990
DEBUG:root:Tweet 1323704713016127488 already processed
DEBUG:root:Processing tweet 345/990
DEBUG:root:Processing tweet 346/990
DEBUG:root:Tweet 1323701380448690178 already processed
DEBUG:root:Processing tweet 347/990
DEBUG:root:Processing tweet 348/990
DEBUG:root:Processing tweet 349/990
DEBUG:root:Processing tweet 350/990
DEBUG:root:Processing tweet 351/990
DEBUG:root:Processing tweet 352/990
DEBUG:root:Processing tweet 353/990
DEBUG:root:Processing tweet 354/990
DEBUG:root:Processing tweet 355/990
DEBUG:root:Tweet 1323668107290882048 already processed
DEBUG:root:Processing tweet 356/990
DEBUG:root:Tweet 1323668099053297667 already processed
DEBUG:root:Processing tweet 357/990
DEBUG:root:Processing tweet 358/990
DEBUG:root:Tweet 1323662188935106561 already processed
DEBUG:root:Processing tweet 359/990
DEBUG:root:Processing tweet 360/990
DEBUG:root:Processing tweet 361/990
DEBUG:root:Processing tweet 362/990
DEBUG:root:Processing tweet 363/990
DEBUG:root:Processing tweet 364/990
DEBUG:root:Processing tweet 365/990
DEBUG:root:Processing tweet 366/990
DEBUG:root:Processing tweet 367/990
DEBUG:root:Processing tweet 368/990
DEBUG:root:Processing tweet 369/990
DEBUG:root:Processing tweet 370/990
DEBUG:root:Processing tweet 371/990
DEBUG:root:Processing tweet 372/990
DEBUG:root:Processing tweet 373/990
DEBUG:root:Processing tweet 374/990
DEBUG:root:Processing tweet 375/990
DEBUG:root:Processing tweet 376/990
DEBUG:root:Processing tweet 377/990
DEBUG:root:Processing tweet 378/990
DEBUG:root:Processing tweet 379/990
DEBUG:root:Processing tweet 380/990
DEBUG:root:Processing tweet 381/990
DEBUG:root:Tweet 1323630251218505730 already processed
DEBUG:root:Processing tweet 382/990
DEBUG:root:Processing tweet 383/990
DEBUG:root:Processing tweet 384/990
DEBUG:root:Processing tweet 385/990
DEBUG:root:Processing tweet 386/990
DEBUG:root:Processing tweet 387/990
DEBUG:root:Processing tweet 388/990
DEBUG:root:Processing tweet 389/990
DEBUG:root:Processing tweet 390/990
DEBUG:root:Processing tweet 391/990
DEBUG:root:Processing tweet 392/990
DEBUG:root:Processing tweet 393/990
DEBUG:root:Processing tweet 394/990
DEBUG:root:Processing tweet 395/990
DEBUG:root:Processing tweet 396/990
DEBUG:root:Processing tweet 397/990
DEBUG:root:Processing tweet 398/990
DEBUG:root:Processing tweet 399/990
DEBUG:root:Tweet 1323602028917129216 already processed
DEBUG:root:Processing tweet 400/990
DEBUG:root:Processing tweet 401/990
DEBUG:root:Processing tweet 402/990
DEBUG:root:Processing tweet 403/990
DEBUG:root:Processing tweet 404/990
DEBUG:root:Processing tweet 405/990
DEBUG:root:Tweet 1323459589300510722 already processed
DEBUG:root:Processing tweet 406/990
DEBUG:root:Processing tweet 407/990
DEBUG:root:Processing tweet 408/990
DEBUG:root:Processing tweet 409/990
DEBUG:root:Processing tweet 410/990
DEBUG:root:Processing tweet 411/990
DEBUG:root:Processing tweet 412/990
DEBUG:root:Processing tweet 413/990
DEBUG:root:Processing tweet 414/990
DEBUG:root:Processing tweet 415/990
DEBUG:root:Processing tweet 416/990
DEBUG:root:Processing tweet 417/990
DEBUG:root:Processing tweet 418/990
DEBUG:root:Processing tweet 419/990
DEBUG:root:Tweet 1323379465196609539 already processed
DEBUG:root:Processing tweet 420/990
DEBUG:root:Processing tweet 421/990
DEBUG:root:Processing tweet 422/990
DEBUG:root:Processing tweet 423/990
DEBUG:root:Processing tweet 424/990
DEBUG:root:Tweet 1323359572044689416 already processed
DEBUG:root:Processing tweet 425/990
DEBUG:root:Processing tweet 426/990
DEBUG:root:Processing tweet 427/990
DEBUG:root:Processing tweet 428/990
DEBUG:root:Tweet 1323353222929616896 already processed
DEBUG:root:Processing tweet 429/990
DEBUG:root:Tweet 1323352725996752896 already processed
DEBUG:root:Processing tweet 430/990
DEBUG:root:Processing tweet 431/990
DEBUG:root:Processing tweet 432/990
DEBUG:root:Processing tweet 433/990
DEBUG:root:Processing tweet 434/990
DEBUG:root:Processing tweet 435/990
DEBUG:root:Processing tweet 436/990
DEBUG:root:Processing tweet 437/990
DEBUG:root:Processing tweet 438/990
DEBUG:root:Processing tweet 439/990
DEBUG:root:Processing tweet 440/990
DEBUG:root:Processing tweet 441/990
DEBUG:root:Processing tweet 442/990
DEBUG:root:Processing tweet 443/990
DEBUG:root:Processing tweet 444/990
DEBUG:root:Processing tweet 445/990
DEBUG:root:Tweet 1323295977260883969 already processed
DEBUG:root:Processing tweet 446/990
DEBUG:root:Processing tweet 447/990
DEBUG:root:Processing tweet 448/990
DEBUG:root:Processing tweet 449/990
DEBUG:root:Tweet 1323281288053334017 already processed
DEBUG:root:Processing tweet 450/990
DEBUG:root:Tweet 1323280381370662912 already processed
DEBUG:root:Processing tweet 451/990
DEBUG:root:Tweet 1323278693050077185 already processed
DEBUG:root:Processing tweet 452/990
DEBUG:root:Processing tweet 453/990
DEBUG:root:Processing tweet 454/990
DEBUG:root:Processing tweet 455/990
DEBUG:root:Processing tweet 456/990
DEBUG:root:Processing tweet 457/990
DEBUG:root:Processing tweet 458/990
DEBUG:root:Processing tweet 459/990
DEBUG:root:Processing tweet 460/990
DEBUG:root:Tweet 1323248493369073667 already processed
DEBUG:root:Processing tweet 461/990
DEBUG:root:Processing tweet 462/990
DEBUG:root:Processing tweet 463/990
DEBUG:root:Processing tweet 464/990
DEBUG:root:Processing tweet 465/990
DEBUG:root:Processing tweet 466/990
DEBUG:root:Processing tweet 467/990
DEBUG:root:Processing tweet 468/990
DEBUG:root:Processing tweet 469/990
DEBUG:root:Processing tweet 470/990
DEBUG:root:Processing tweet 471/990
DEBUG:root:Processing tweet 472/990
DEBUG:root:Processing tweet 473/990
DEBUG:root:Processing tweet 474/990
DEBUG:root:Processing tweet 475/990
DEBUG:root:Processing tweet 476/990
DEBUG:root:Processing tweet 477/990
DEBUG:root:Processing tweet 478/990
DEBUG:root:Processing tweet 479/990
DEBUG:root:Processing tweet 480/990
DEBUG:root:Processing tweet 481/990
DEBUG:root:Processing tweet 482/990
DEBUG:root:Processing tweet 483/990
DEBUG:root:Tweet 1323047806559490049 already processed
DEBUG:root:Processing tweet 484/990
DEBUG:root:Tweet 1323046148639281155 already processed
DEBUG:root:Processing tweet 485/990
DEBUG:root:Processing tweet 486/990
DEBUG:root:Processing tweet 487/990
DEBUG:root:Processing tweet 488/990
DEBUG:root:Processing tweet 489/990
DEBUG:root:Processing tweet 490/990
DEBUG:root:Processing tweet 491/990
DEBUG:root:Processing tweet 492/990
DEBUG:root:Processing tweet 493/990
DEBUG:root:Processing tweet 494/990
DEBUG:root:Tweet 1323017986299539458 already processed
DEBUG:root:Processing tweet 495/990
DEBUG:root:Processing tweet 496/990
DEBUG:root:Processing tweet 497/990
DEBUG:root:Processing tweet 498/990
DEBUG:root:Processing tweet 499/990
DEBUG:root:Processing tweet 500/990
DEBUG:root:Processing tweet 501/990
DEBUG:root:Processing tweet 502/990
DEBUG:root:Processing tweet 503/990
DEBUG:root:Processing tweet 504/990
DEBUG:root:Processing tweet 505/990
DEBUG:root:Processing tweet 506/990
DEBUG:root:Processing tweet 507/990
DEBUG:root:Processing tweet 508/990
DEBUG:root:Processing tweet 509/990
DEBUG:root:Tweet 1322921373497511938 already processed
DEBUG:root:Processing tweet 510/990
DEBUG:root:Processing tweet 511/990
DEBUG:root:Processing tweet 512/990
DEBUG:root:Processing tweet 513/990
DEBUG:root:Processing tweet 514/990
DEBUG:root:Processing tweet 515/990
DEBUG:root:Processing tweet 516/990
DEBUG:root:Tweet 1322871348180455429 already processed
DEBUG:root:Processing tweet 517/990
DEBUG:root:Processing tweet 518/990
DEBUG:root:Tweet 1322828561800138754 already processed
DEBUG:root:Processing tweet 519/990
DEBUG:root:Processing tweet 520/990
DEBUG:root:Processing tweet 521/990
DEBUG:root:Processing tweet 522/990
DEBUG:root:Processing tweet 523/990
DEBUG:root:Processing tweet 524/990
DEBUG:root:Processing tweet 525/990
DEBUG:root:Processing tweet 526/990
DEBUG:root:Processing tweet 527/990
DEBUG:root:Processing tweet 528/990
DEBUG:root:Processing tweet 529/990
DEBUG:root:Processing tweet 530/990
DEBUG:root:Processing tweet 531/990
DEBUG:root:Processing tweet 532/990
DEBUG:root:Tweet 1322613955865567232 already processed
DEBUG:root:Processing tweet 533/990
DEBUG:root:Processing tweet 534/990
DEBUG:root:Tweet 1322584116307484672 already processed
DEBUG:root:Processing tweet 535/990
DEBUG:root:Processing tweet 536/990
DEBUG:root:Tweet 1322574461443448833 already processed
DEBUG:root:Processing tweet 537/990
DEBUG:root:Processing tweet 538/990
DEBUG:root:Processing tweet 539/990
DEBUG:root:Processing tweet 540/990
DEBUG:root:Tweet 1322524174112428034 already processed
DEBUG:root:Processing tweet 541/990
DEBUG:root:Processing tweet 542/990
DEBUG:root:Processing tweet 543/990
DEBUG:root:Processing tweet 544/990
DEBUG:root:Processing tweet 545/990
DEBUG:root:Processing tweet 546/990
DEBUG:root:Tweet 1322434839799365632 already processed
DEBUG:root:Processing tweet 547/990
DEBUG:root:Processing tweet 548/990
DEBUG:root:Processing tweet 549/990
DEBUG:root:Processing tweet 550/990
DEBUG:root:Processing tweet 551/990
DEBUG:root:Processing tweet 552/990
DEBUG:root:Tweet 1322370573826220033 already processed
DEBUG:root:Processing tweet 553/990
DEBUG:root:Processing tweet 554/990
DEBUG:root:Processing tweet 555/990
DEBUG:root:Processing tweet 556/990
DEBUG:root:Processing tweet 557/990
DEBUG:root:Processing tweet 558/990
DEBUG:root:Tweet 1322305672935960576 already processed
DEBUG:root:Processing tweet 559/990
DEBUG:root:Processing tweet 560/990
DEBUG:root:Processing tweet 561/990
DEBUG:root:Processing tweet 562/990
DEBUG:root:Processing tweet 563/990
DEBUG:root:Processing tweet 564/990
DEBUG:root:Processing tweet 565/990
DEBUG:root:Processing tweet 566/990
DEBUG:root:Processing tweet 567/990
DEBUG:root:Processing tweet 568/990
DEBUG:root:Processing tweet 569/990
DEBUG:root:Processing tweet 570/990
DEBUG:root:Processing tweet 571/990
DEBUG:root:Processing tweet 572/990
DEBUG:root:Processing tweet 573/990
DEBUG:root:Processing tweet 574/990
DEBUG:root:Processing tweet 575/990
DEBUG:root:Processing tweet 576/990
DEBUG:root:Processing tweet 577/990
DEBUG:root:Processing tweet 578/990
DEBUG:root:Tweet 1322259801213194241 already processed
DEBUG:root:Processing tweet 579/990
DEBUG:root:Processing tweet 580/990
DEBUG:root:Processing tweet 581/990
DEBUG:root:Processing tweet 582/990
DEBUG:root:Processing tweet 583/990
DEBUG:root:Processing tweet 584/990
DEBUG:root:Processing tweet 585/990
DEBUG:root:Processing tweet 586/990
DEBUG:root:Processing tweet 587/990
DEBUG:root:Processing tweet 588/990
DEBUG:root:Processing tweet 589/990
DEBUG:root:Processing tweet 590/990
DEBUG:root:Processing tweet 591/990
DEBUG:root:Processing tweet 592/990
DEBUG:root:Processing tweet 593/990
DEBUG:root:Processing tweet 594/990
DEBUG:root:Processing tweet 595/990
DEBUG:root:Processing tweet 596/990
DEBUG:root:Processing tweet 597/990
DEBUG:root:Processing tweet 598/990
DEBUG:root:Processing tweet 599/990
DEBUG:root:Processing tweet 600/990
DEBUG:root:Processing tweet 601/990
DEBUG:root:Processing tweet 602/990
DEBUG:root:Processing tweet 603/990
DEBUG:root:Processing tweet 604/990
DEBUG:root:Tweet 1322191631697743873 already processed
DEBUG:root:Processing tweet 605/990
DEBUG:root:Processing tweet 606/990
DEBUG:root:Processing tweet 607/990
DEBUG:root:Processing tweet 608/990
DEBUG:root:Processing tweet 609/990
DEBUG:root:Processing tweet 610/990
DEBUG:root:Processing tweet 611/990
DEBUG:root:Tweet 1322170934783021058 already processed
DEBUG:root:Processing tweet 612/990
DEBUG:root:Processing tweet 613/990
DEBUG:root:Tweet 1322167600332328965 already processed
DEBUG:root:Processing tweet 614/990
DEBUG:root:Processing tweet 615/990
DEBUG:root:Processing tweet 616/990
DEBUG:root:Processing tweet 617/990
DEBUG:root:Tweet 1322147957647372288 already processed
DEBUG:root:Processing tweet 618/990
DEBUG:root:Processing tweet 619/990
DEBUG:root:Processing tweet 620/990
DEBUG:root:Processing tweet 621/990
DEBUG:root:Processing tweet 622/990
DEBUG:root:Processing tweet 623/990
DEBUG:root:Processing tweet 624/990
DEBUG:root:Processing tweet 625/990
DEBUG:root:Processing tweet 626/990
DEBUG:root:Processing tweet 627/990
DEBUG:root:Processing tweet 628/990
DEBUG:root:Processing tweet 629/990
DEBUG:root:Processing tweet 630/990
DEBUG:root:Processing tweet 631/990
DEBUG:root:Processing tweet 632/990
DEBUG:root:Processing tweet 633/990
DEBUG:root:Processing tweet 634/990
DEBUG:root:Processing tweet 635/990
DEBUG:root:Processing tweet 636/990
DEBUG:root:Processing tweet 637/990
DEBUG:root:Processing tweet 638/990
DEBUG:root:Processing tweet 639/990
DEBUG:root:Processing tweet 640/990
DEBUG:root:Processing tweet 641/990
DEBUG:root:Processing tweet 642/990
DEBUG:root:Processing tweet 643/990
DEBUG:root:Processing tweet 644/990
DEBUG:root:Processing tweet 645/990
DEBUG:root:Processing tweet 646/990
DEBUG:root:Processing tweet 647/990
DEBUG:root:Processing tweet 648/990
DEBUG:root:Processing tweet 649/990
DEBUG:root:Processing tweet 650/990
DEBUG:root:Processing tweet 651/990
DEBUG:root:Processing tweet 652/990
DEBUG:root:Processing tweet 653/990
DEBUG:root:Processing tweet 654/990
DEBUG:root:Processing tweet 655/990
DEBUG:root:Processing tweet 656/990
DEBUG:root:Processing tweet 657/990
DEBUG:root:Tweet 1321968414638940161 already processed
DEBUG:root:Processing tweet 658/990
DEBUG:root:Tweet 1321966700166860800 already processed
DEBUG:root:Processing tweet 659/990
DEBUG:root:Processing tweet 660/990
DEBUG:root:Processing tweet 661/990
DEBUG:root:Processing tweet 662/990
DEBUG:root:Processing tweet 663/990
DEBUG:root:Processing tweet 664/990
DEBUG:root:Processing tweet 665/990
DEBUG:root:Processing tweet 666/990
DEBUG:root:Processing tweet 667/990
DEBUG:root:Processing tweet 668/990
DEBUG:root:Processing tweet 669/990
DEBUG:root:Processing tweet 670/990
DEBUG:root:Processing tweet 671/990
DEBUG:root:Processing tweet 672/990
DEBUG:root:Processing tweet 673/990
DEBUG:root:Processing tweet 674/990
DEBUG:root:Tweet 1321890636862312450 already processed
DEBUG:root:Processing tweet 675/990
DEBUG:root:Tweet 1321890438618488838 already processed
DEBUG:root:Processing tweet 676/990
DEBUG:root:Tweet 1321889544120213504 already processed
DEBUG:root:Processing tweet 677/990
DEBUG:root:Processing tweet 678/990
DEBUG:root:Processing tweet 679/990
DEBUG:root:Processing tweet 680/990
DEBUG:root:Processing tweet 681/990
DEBUG:root:Processing tweet 682/990
DEBUG:root:Processing tweet 683/990
DEBUG:root:Processing tweet 684/990
DEBUG:root:Processing tweet 685/990
DEBUG:root:Processing tweet 686/990
DEBUG:root:Processing tweet 687/990
DEBUG:root:Processing tweet 688/990
DEBUG:root:Processing tweet 689/990
DEBUG:root:Processing tweet 690/990
DEBUG:root:Tweet 1321865767307104259 already processed
DEBUG:root:Processing tweet 691/990
DEBUG:root:Processing tweet 692/990
DEBUG:root:Processing tweet 693/990
DEBUG:root:Processing tweet 694/990
DEBUG:root:Processing tweet 695/990
DEBUG:root:Processing tweet 696/990
DEBUG:root:Processing tweet 697/990
DEBUG:root:Processing tweet 698/990
DEBUG:root:Processing tweet 699/990
DEBUG:root:Processing tweet 700/990
DEBUG:root:Processing tweet 701/990
DEBUG:root:Processing tweet 702/990
DEBUG:root:Processing tweet 703/990
DEBUG:root:Tweet 1321847640355708930 already processed
DEBUG:root:Processing tweet 704/990
DEBUG:root:Processing tweet 705/990
DEBUG:root:Tweet 1321846542416838657 already processed
DEBUG:root:Processing tweet 706/990
DEBUG:root:Processing tweet 707/990
DEBUG:root:Processing tweet 708/990
DEBUG:root:Tweet 1321844250963709954 already processed
DEBUG:root:Processing tweet 709/990
DEBUG:root:Tweet 1321844019484393474 already processed
DEBUG:root:Processing tweet 710/990
DEBUG:root:Processing tweet 711/990
DEBUG:root:Processing tweet 712/990
DEBUG:root:Processing tweet 713/990
DEBUG:root:Processing tweet 714/990
DEBUG:root:Processing tweet 715/990
DEBUG:root:Tweet 1321826201384685569 already processed
DEBUG:root:Processing tweet 716/990
DEBUG:root:Processing tweet 717/990
DEBUG:root:Tweet 1321814052000030721 already processed
DEBUG:root:Processing tweet 718/990
DEBUG:root:Tweet 1321806485815517184 already processed
DEBUG:root:Processing tweet 719/990
DEBUG:root:Processing tweet 720/990
DEBUG:root:Processing tweet 721/990
DEBUG:root:Processing tweet 722/990
DEBUG:root:Processing tweet 723/990
DEBUG:root:Processing tweet 724/990
DEBUG:root:Processing tweet 725/990
DEBUG:root:Tweet 1321777272374894592 already processed
DEBUG:root:Processing tweet 726/990
DEBUG:root:Processing tweet 727/990
DEBUG:root:Processing tweet 728/990
DEBUG:root:Processing tweet 729/990
DEBUG:root:Processing tweet 730/990
DEBUG:root:Processing tweet 731/990
DEBUG:root:Processing tweet 732/990
DEBUG:root:Tweet 1321607530045472773 already processed
DEBUG:root:Processing tweet 733/990
DEBUG:root:Processing tweet 734/990
DEBUG:root:Processing tweet 735/990
DEBUG:root:Tweet 1321594854300884992 already processed
DEBUG:root:Processing tweet 736/990
DEBUG:root:Tweet 1321587554060136448 already processed
DEBUG:root:Processing tweet 737/990
DEBUG:root:Processing tweet 738/990
DEBUG:root:Processing tweet 739/990
DEBUG:root:Processing tweet 740/990
DEBUG:root:Processing tweet 741/990
DEBUG:root:Processing tweet 742/990
DEBUG:root:Processing tweet 743/990
DEBUG:root:Processing tweet 744/990
DEBUG:root:Processing tweet 745/990
DEBUG:root:Processing tweet 746/990
DEBUG:root:Processing tweet 747/990
DEBUG:root:Processing tweet 748/990
DEBUG:root:Processing tweet 749/990
DEBUG:root:Processing tweet 750/990
DEBUG:root:Processing tweet 751/990
DEBUG:root:Tweet 1321490335525208064 already processed
DEBUG:root:Processing tweet 752/990
DEBUG:root:Processing tweet 753/990
DEBUG:root:Tweet 1321487169161146369 already processed
DEBUG:root:Processing tweet 754/990
DEBUG:root:Tweet 1321481853933670402 already processed
DEBUG:root:Processing tweet 755/990
DEBUG:root:Processing tweet 756/990
DEBUG:root:Processing tweet 757/990
DEBUG:root:Processing tweet 758/990
DEBUG:root:Processing tweet 759/990
DEBUG:root:Processing tweet 760/990
DEBUG:root:Processing tweet 761/990
DEBUG:root:Tweet 1321451787338043393 already processed
DEBUG:root:Processing tweet 762/990
DEBUG:root:Processing tweet 763/990
DEBUG:root:Processing tweet 764/990
DEBUG:root:Processing tweet 765/990
DEBUG:root:Processing tweet 766/990
DEBUG:root:Processing tweet 767/990
DEBUG:root:Processing tweet 768/990
DEBUG:root:Processing tweet 769/990
DEBUG:root:Processing tweet 770/990
DEBUG:root:Processing tweet 771/990
DEBUG:root:Processing tweet 772/990
DEBUG:root:Processing tweet 773/990
DEBUG:root:Processing tweet 774/990
DEBUG:root:Processing tweet 775/990
DEBUG:root:Processing tweet 776/990
DEBUG:root:Processing tweet 777/990
DEBUG:root:Processing tweet 778/990
DEBUG:root:Processing tweet 779/990
DEBUG:root:Tweet 1321302826686025732 already processed
DEBUG:root:Processing tweet 780/990
DEBUG:root:Processing tweet 781/990
DEBUG:root:Processing tweet 782/990
DEBUG:root:Processing tweet 783/990
DEBUG:root:Processing tweet 784/990
DEBUG:root:Processing tweet 785/990
DEBUG:root:Processing tweet 786/990
DEBUG:root:Processing tweet 787/990
DEBUG:root:Processing tweet 788/990
DEBUG:root:Processing tweet 789/990
DEBUG:root:Processing tweet 790/990
DEBUG:root:Processing tweet 791/990
DEBUG:root:Processing tweet 792/990
DEBUG:root:Processing tweet 793/990
DEBUG:root:Processing tweet 794/990
DEBUG:root:Processing tweet 795/990
DEBUG:root:Processing tweet 796/990
DEBUG:root:Tweet 1321220356389150722 already processed
DEBUG:root:Processing tweet 797/990
DEBUG:root:Processing tweet 798/990
DEBUG:root:Processing tweet 799/990
DEBUG:root:Processing tweet 800/990
DEBUG:root:Processing tweet 801/990
DEBUG:root:Processing tweet 802/990
DEBUG:root:Processing tweet 803/990
DEBUG:root:Processing tweet 804/990
DEBUG:root:Processing tweet 805/990
DEBUG:root:Processing tweet 806/990
DEBUG:root:Processing tweet 807/990
DEBUG:root:Tweet 1321186323659661312 already processed
DEBUG:root:Processing tweet 808/990
DEBUG:root:Processing tweet 809/990
DEBUG:root:Processing tweet 810/990
DEBUG:root:Tweet 1321169833749348352 already processed
DEBUG:root:Processing tweet 811/990
DEBUG:root:Processing tweet 812/990
DEBUG:root:Processing tweet 813/990
DEBUG:root:Processing tweet 814/990
DEBUG:root:Processing tweet 815/990
DEBUG:root:Processing tweet 816/990
DEBUG:root:Processing tweet 817/990
DEBUG:root:Processing tweet 818/990
DEBUG:root:Processing tweet 819/990
DEBUG:root:Processing tweet 820/990
DEBUG:root:Processing tweet 821/990
INFO:root:Academic word match in bio: university
DEBUG:root:Processing tweet 822/990
DEBUG:root:Processing tweet 823/990
DEBUG:root:Processing tweet 824/990
DEBUG:root:Processing tweet 825/990
DEBUG:root:Processing tweet 826/990
DEBUG:root:Processing tweet 827/990
INFO:root:Academic word match in bio: research
DEBUG:root:Processing tweet 828/990
DEBUG:root:Processing tweet 829/990
INFO:root:Academic word match in bio: education
INFO:root:Academic word match in bio: student
DEBUG:root:Processing tweet 830/990
DEBUG:root:Processing tweet 831/990
DEBUG:root:Processing tweet 832/990
DEBUG:root:Processing tweet 833/990
DEBUG:root:Processing tweet 834/990
DEBUG:root:Processing tweet 835/990
DEBUG:root:Processing tweet 836/990
DEBUG:root:Processing tweet 837/990
DEBUG:root:Processing tweet 838/990
DEBUG:root:Processing tweet 839/990
DEBUG:root:Processing tweet 840/990
DEBUG:root:Processing tweet 841/990
INFO:root:Academic word match in bio: sciences
INFO:root:Academic word match in bio: science
DEBUG:root:Processing tweet 842/990
DEBUG:root:Processing tweet 843/990
DEBUG:root:Processing tweet 844/990
DEBUG:root:Processing tweet 845/990
DEBUG:root:Processing tweet 846/990
DEBUG:root:Processing tweet 847/990
DEBUG:root:Processing tweet 848/990
INFO:root:Academic word match in bio: professor
DEBUG:root:Processing tweet 849/990
DEBUG:root:Processing tweet 850/990
DEBUG:root:Processing tweet 851/990
INFO:root:Academic word match in bio: educator
DEBUG:root:Processing tweet 852/990
DEBUG:root:Processing tweet 853/990
DEBUG:root:Processing tweet 854/990
DEBUG:root:Processing tweet 855/990
DEBUG:root:Processing tweet 856/990
DEBUG:root:Processing tweet 857/990
DEBUG:root:Processing tweet 858/990
INFO:root:Academic word match in bio: professor
DEBUG:root:Processing tweet 859/990
DEBUG:root:Processing tweet 860/990
DEBUG:root:Processing tweet 861/990
DEBUG:root:Processing tweet 862/990
DEBUG:root:Processing tweet 863/990
DEBUG:root:Processing tweet 864/990
DEBUG:root:Processing tweet 865/990
DEBUG:root:Processing tweet 866/990
DEBUG:root:Processing tweet 867/990
DEBUG:root:Processing tweet 868/990
DEBUG:root:Processing tweet 869/990
DEBUG:root:Processing tweet 870/990
DEBUG:root:Processing tweet 871/990
DEBUG:root:Processing tweet 872/990
DEBUG:root:Processing tweet 873/990
DEBUG:root:Processing tweet 874/990
DEBUG:root:Processing tweet 875/990
DEBUG:root:Processing tweet 876/990
DEBUG:root:Processing tweet 877/990
DEBUG:root:Processing tweet 878/990
DEBUG:root:Processing tweet 879/990
DEBUG:root:Processing tweet 880/990
INFO:root:Academic word match in bio: research
INFO:root:Academic word match in bio: university
DEBUG:root:Processing tweet 881/990
DEBUG:root:Processing tweet 882/990
DEBUG:root:Processing tweet 883/990
DEBUG:root:Processing tweet 884/990
DEBUG:root:Processing tweet 885/990
DEBUG:root:Processing tweet 886/990
DEBUG:root:Processing tweet 887/990
DEBUG:root:Processing tweet 888/990
DEBUG:root:Processing tweet 889/990
DEBUG:root:Processing tweet 890/990
DEBUG:root:Processing tweet 891/990
DEBUG:root:Processing tweet 892/990
DEBUG:root:Processing tweet 893/990
DEBUG:root:Processing tweet 894/990
DEBUG:root:Processing tweet 895/990
DEBUG:root:Processing tweet 896/990
DEBUG:root:Processing tweet 897/990
DEBUG:root:Processing tweet 898/990
DEBUG:root:Processing tweet 899/990
DEBUG:root:Processing tweet 900/990
DEBUG:root:Processing tweet 901/990
DEBUG:root:Processing tweet 902/990
DEBUG:root:Processing tweet 903/990
INFO:root:Academic word match in bio: scientist
INFO:root:Academic word match in bio: research
DEBUG:root:Processing tweet 904/990
DEBUG:root:Processing tweet 905/990
DEBUG:root:Processing tweet 906/990
INFO:root:Academic word match in bio: sciences
INFO:root:Academic word match in bio: science
DEBUG:root:Processing tweet 907/990
DEBUG:root:Processing tweet 908/990
DEBUG:root:Processing tweet 909/990
DEBUG:root:Processing tweet 910/990
DEBUG:root:Processing tweet 911/990
DEBUG:root:Processing tweet 912/990
DEBUG:root:Processing tweet 913/990
DEBUG:root:Processing tweet 914/990
DEBUG:root:Processing tweet 915/990
INFO:root:Academic word match in bio: college
DEBUG:root:Processing tweet 916/990
DEBUG:root:Processing tweet 917/990
DEBUG:root:Processing tweet 918/990
DEBUG:root:Processing tweet 919/990
INFO:root:Academic word match in bio: university
INFO:root:Academic word match in bio: education
DEBUG:root:Processing tweet 920/990
DEBUG:root:Processing tweet 921/990
INFO:root:Academic word match in bio: science
DEBUG:root:Processing tweet 922/990
DEBUG:root:Processing tweet 923/990
DEBUG:root:Processing tweet 924/990
INFO:root:Academic word match in bio: sciences
INFO:root:Academic word match in bio: science
DEBUG:root:Processing tweet 925/990
INFO:root:Academic word match in bio: university
DEBUG:root:Processing tweet 926/990
DEBUG:root:Processing tweet 927/990
DEBUG:root:Processing tweet 928/990
DEBUG:root:Processing tweet 929/990
INFO:root:Academic word match in bio: researcher
INFO:root:Academic word match in bio: research
INFO:root:Academic word match in bio: science
DEBUG:root:Processing tweet 930/990
INFO:root:Academic word match in bio: researcher
INFO:root:Academic word match in bio: research
INFO:root:Academic word match in bio: science
DEBUG:root:Processing tweet 931/990
DEBUG:root:Processing tweet 932/990
DEBUG:root:Processing tweet 933/990
DEBUG:root:Processing tweet 934/990
DEBUG:root:Processing tweet 935/990
DEBUG:root:Processing tweet 936/990
DEBUG:root:Processing tweet 937/990
DEBUG:root:Processing tweet 938/990
DEBUG:root:Processing tweet 939/990
DEBUG:root:Processing tweet 940/990
DEBUG:root:Processing tweet 941/990
INFO:root:Academic word match in bio: professor
DEBUG:root:Processing tweet 942/990
DEBUG:root:Processing tweet 943/990
DEBUG:root:Processing tweet 944/990
DEBUG:root:Processing tweet 945/990
DEBUG:root:Processing tweet 946/990
DEBUG:root:Processing tweet 947/990
DEBUG:root:Processing tweet 948/990
DEBUG:root:Processing tweet 949/990
DEBUG:root:Processing tweet 950/990
DEBUG:root:Processing tweet 951/990
DEBUG:root:Processing tweet 952/990
DEBUG:root:Processing tweet 953/990
DEBUG:root:Processing tweet 954/990
INFO:root:Academic word match in bio: student
DEBUG:root:Processing tweet 955/990
DEBUG:root:Processing tweet 956/990
DEBUG:root:Processing tweet 957/990
DEBUG:root:Processing tweet 958/990
DEBUG:root:Processing tweet 959/990
DEBUG:root:Processing tweet 960/990
INFO:root:Academic word match in bio: student
DEBUG:root:Processing tweet 961/990
DEBUG:root:Processing tweet 962/990
INFO:root:Academic word match in bio: sciences
INFO:root:Academic word match in bio: science
DEBUG:root:Processing tweet 963/990
DEBUG:root:Processing tweet 964/990
DEBUG:root:Processing tweet 965/990
DEBUG:root:Processing tweet 966/990
DEBUG:root:Processing tweet 967/990
DEBUG:root:Processing tweet 968/990
DEBUG:root:Processing tweet 969/990
DEBUG:root:Processing tweet 970/990
DEBUG:root:Processing tweet 971/990
DEBUG:root:Processing tweet 972/990
DEBUG:root:Processing tweet 973/990
DEBUG:root:Processing tweet 974/990
DEBUG:root:Processing tweet 975/990
DEBUG:root:Processing tweet 976/990
DEBUG:root:Processing tweet 977/990
DEBUG:root:Processing tweet 978/990
DEBUG:root:Processing tweet 979/990
DEBUG:root:Processing tweet 980/990
INFO:root:Academic word match in bio: historian
DEBUG:root:Processing tweet 981/990
DEBUG:root:Processing tweet 982/990
DEBUG:root:Processing tweet 983/990
DEBUG:root:Processing tweet 984/990
DEBUG:root:Processing tweet 985/990
DEBUG:root:Processing tweet 986/990
DEBUG:root:Processing tweet 987/990
DEBUG:root:Processing tweet 988/990
DEBUG:root:Processing tweet 989/990
DEBUG:root:Processing tweet 990/990
DEBUG:root:Processing tweet 1/105
DEBUG:root:Processing tweet 2/105
DEBUG:root:Processing tweet 3/105
DEBUG:root:Processing tweet 4/105
DEBUG:root:Processing tweet 5/105
DEBUG:root:Processing tweet 6/105
DEBUG:root:Processing tweet 7/105
DEBUG:root:Processing tweet 8/105
DEBUG:root:Processing tweet 9/105
DEBUG:root:Processing tweet 10/105
DEBUG:root:Processing tweet 11/105
DEBUG:root:Processing tweet 12/105
DEBUG:root:Processing tweet 13/105
DEBUG:root:Processing tweet 14/105
DEBUG:root:Processing tweet 15/105
DEBUG:root:Processing tweet 16/105
DEBUG:root:Processing tweet 17/105
DEBUG:root:Processing tweet 18/105
DEBUG:root:Processing tweet 19/105
DEBUG:root:Processing tweet 20/105
DEBUG:root:Processing tweet 21/105
DEBUG:root:Processing tweet 22/105
DEBUG:root:Processing tweet 23/105
DEBUG:root:Processing tweet 24/105
DEBUG:root:Processing tweet 25/105
DEBUG:root:Processing tweet 26/105
DEBUG:root:Processing tweet 27/105
DEBUG:root:Processing tweet 28/105
DEBUG:root:Processing tweet 29/105
DEBUG:root:Processing tweet 30/105
DEBUG:root:Processing tweet 31/105
DEBUG:root:Processing tweet 32/105
DEBUG:root:Processing tweet 33/105
DEBUG:root:Processing tweet 34/105
DEBUG:root:Processing tweet 35/105
DEBUG:root:Processing tweet 36/105
DEBUG:root:Processing tweet 37/105
DEBUG:root:Processing tweet 38/105
DEBUG:root:Processing tweet 39/105
DEBUG:root:Processing tweet 40/105
DEBUG:root:Processing tweet 41/105
DEBUG:root:Processing tweet 42/105
DEBUG:root:Processing tweet 43/105
DEBUG:root:Processing tweet 44/105
DEBUG:root:Processing tweet 45/105
DEBUG:root:Processing tweet 46/105
DEBUG:root:Processing tweet 47/105
DEBUG:root:Processing tweet 48/105
DEBUG:root:Processing tweet 49/105
DEBUG:root:Processing tweet 50/105
DEBUG:root:Processing tweet 51/105
DEBUG:root:Processing tweet 52/105
DEBUG:root:Processing tweet 53/105
DEBUG:root:Processing tweet 54/105
DEBUG:root:Processing tweet 55/105
DEBUG:root:Processing tweet 56/105
DEBUG:root:Processing tweet 57/105
DEBUG:root:Processing tweet 58/105
DEBUG:root:Processing tweet 59/105
DEBUG:root:Processing tweet 60/105
DEBUG:root:Processing tweet 61/105
DEBUG:root:Processing tweet 62/105
DEBUG:root:Processing tweet 63/105
DEBUG:root:Processing tweet 64/105
DEBUG:root:Processing tweet 65/105
DEBUG:root:Processing tweet 66/105
DEBUG:root:Processing tweet 67/105
DEBUG:root:Processing tweet 68/105
DEBUG:root:Processing tweet 69/105
DEBUG:root:Processing tweet 70/105
DEBUG:root:Processing tweet 71/105
DEBUG:root:Processing tweet 72/105
DEBUG:root:Processing tweet 73/105
DEBUG:root:Processing tweet 74/105
DEBUG:root:Processing tweet 75/105
DEBUG:root:Processing tweet 76/105
DEBUG:root:Processing tweet 77/105
DEBUG:root:Processing tweet 78/105
DEBUG:root:Processing tweet 79/105
DEBUG:root:Processing tweet 80/105
DEBUG:root:Processing tweet 81/105
DEBUG:root:Processing tweet 82/105
DEBUG:root:Processing tweet 83/105
DEBUG:root:Processing tweet 84/105
DEBUG:root:Processing tweet 85/105
DEBUG:root:Processing tweet 86/105
DEBUG:root:Processing tweet 87/105
DEBUG:root:Processing tweet 88/105
DEBUG:root:Processing tweet 89/105
DEBUG:root:Processing tweet 90/105
DEBUG:root:Processing tweet 91/105
DEBUG:root:Processing tweet 92/105
DEBUG:root:Processing tweet 93/105
DEBUG:root:Processing tweet 94/105
DEBUG:root:Processing tweet 95/105
DEBUG:root:Processing tweet 96/105
DEBUG:root:Processing tweet 97/105
DEBUG:root:Processing tweet 98/105
DEBUG:root:Processing tweet 99/105
DEBUG:root:Processing tweet 100/105
DEBUG:root:Processing tweet 101/105
DEBUG:root:Processing tweet 102/105
DEBUG:root:Processing tweet 103/105
DEBUG:root:Processing tweet 104/105
DEBUG:root:Processing tweet 105/105
