INFO:root:Start: 2_parse_target_tweets.py 
INFO:root:Processing mode of research: UNCW
INFO:root:Processing file files\target_tweets_UNCW\UNCW\UNCW-20201025194056.txt 1/8
INFO:root:Processing file files\target_tweets_UNCW\UNCW\UNCW-20201101221202.txt 2/8
INFO:root:Processing file files\target_tweets_UNCW\UNCW\UNCW-20201105130502.txt 3/8
INFO:root:Tweet ID 1323098457708572672 already processed, skipping...
INFO:root:Tweet ID 1323095056891453441 already processed, skipping...
INFO:root:Tweet ID 1323090134615662592 already processed, skipping...
INFO:root:Tweet ID 1323086328200892418 already processed, skipping...
INFO:root:Tweet ID 1323084419503071233 already processed, skipping...
INFO:root:Tweet ID 1323079513643896832 already processed, skipping...
INFO:root:Tweet ID 1323078007456780288 already processed, skipping...
INFO:root:Tweet ID 1323072976644878337 already processed, skipping...
INFO:root:Tweet ID 1323066412701810688 already processed, skipping...
INFO:root:Tweet ID 1323064760703897600 already processed, skipping...
INFO:root:Tweet ID 1323061954760577029 already processed, skipping...
INFO:root:Tweet ID 1323061074887876609 already processed, skipping...
INFO:root:Tweet ID 1323047806559490049 already processed, skipping...
INFO:root:Tweet ID 1323045278207848448 already processed, skipping...
INFO:root:Tweet ID 1323044676086222848 already processed, skipping...
INFO:root:Tweet ID 1323043747207282693 already processed, skipping...
INFO:root:Tweet ID 1323039740749357056 already processed, skipping...
INFO:root:Tweet ID 1323037901282807824 already processed, skipping...
INFO:root:Tweet ID 1323030250855505920 already processed, skipping...
INFO:root:Tweet ID 1323027625351237632 already processed, skipping...
INFO:root:Tweet ID 1323026154308161537 already processed, skipping...
INFO:root:Tweet ID 1323024078043861001 already processed, skipping...
INFO:root:Tweet ID 1323017986299539458 already processed, skipping...
INFO:root:Tweet ID 1323010237260046336 already processed, skipping...
INFO:root:Tweet ID 1322997691958382592 already processed, skipping...
INFO:root:Tweet ID 1322997172158238731 already processed, skipping...
INFO:root:Tweet ID 1322997132954079232 already processed, skipping...
INFO:root:Tweet ID 1322976594613444623 already processed, skipping...
INFO:root:Tweet ID 1322974974139756546 already processed, skipping...
INFO:root:Tweet ID 1322974691447971840 already processed, skipping...
INFO:root:Tweet ID 1322974124852105218 already processed, skipping...
INFO:root:Tweet ID 1322973789055930368 already processed, skipping...
INFO:root:Tweet ID 1322963989593235458 already processed, skipping...
INFO:root:Tweet ID 1322963323802050560 already processed, skipping...
INFO:root:Tweet ID 1322961505051172866 already processed, skipping...
INFO:root:Tweet ID 1322947473388830721 already processed, skipping...
INFO:root:Tweet ID 1322921788876140546 already processed, skipping...
INFO:root:Tweet ID 1322921373497511938 already processed, skipping...
INFO:root:Tweet ID 1322915538583068672 already processed, skipping...
INFO:root:Tweet ID 1322913481046327296 already processed, skipping...
INFO:root:Tweet ID 1322911992923959298 already processed, skipping...
INFO:root:Tweet ID 1322892378823401472 already processed, skipping...
INFO:root:Tweet ID 1322883500689793026 already processed, skipping...
INFO:root:Tweet ID 1322881935107117056 already processed, skipping...
INFO:root:Tweet ID 1322871348180455429 already processed, skipping...
INFO:root:Tweet ID 1322863997864071168 already processed, skipping...
INFO:root:Tweet ID 1322828561800138754 already processed, skipping...
INFO:root:Tweet ID 1322753572229009408 already processed, skipping...
INFO:root:Tweet ID 1322738459665195009 already processed, skipping...
INFO:root:Tweet ID 1322705476119875584 already processed, skipping...
INFO:root:Tweet ID 1322705111622311936 already processed, skipping...
INFO:root:Tweet ID 1322704503188185090 already processed, skipping...
INFO:root:Tweet ID 1322704262204428288 already processed, skipping...
INFO:root:Tweet ID 1322704128854970368 already processed, skipping...
INFO:root:Tweet ID 1322671840263917569 already processed, skipping...
INFO:root:Tweet ID 1322661754472714248 already processed, skipping...
INFO:root:Tweet ID 1322652443319193601 already processed, skipping...
INFO:root:Tweet ID 1322638655194832897 already processed, skipping...
INFO:root:Tweet ID 1322617361892102144 already processed, skipping...
INFO:root:Tweet ID 1322616908030554113 already processed, skipping...
INFO:root:Tweet ID 1322613955865567232 already processed, skipping...
INFO:root:Tweet ID 1322599315769073668 already processed, skipping...
INFO:root:Tweet ID 1322584116307484672 already processed, skipping...
INFO:root:Tweet ID 1322582398488485888 already processed, skipping...
INFO:root:Tweet ID 1322574461443448833 already processed, skipping...
INFO:root:Tweet ID 1322573519591407619 already processed, skipping...
INFO:root:Tweet ID 1322552811608018945 already processed, skipping...
INFO:root:Tweet ID 1322539179394424832 already processed, skipping...
INFO:root:Tweet ID 1322524174112428034 already processed, skipping...
INFO:root:Tweet ID 1322514745224822785 already processed, skipping...
INFO:root:Tweet ID 1322505852260126722 already processed, skipping...
INFO:root:Tweet ID 1322504966838358016 already processed, skipping...
INFO:root:Tweet ID 1322501378166738944 already processed, skipping...
INFO:root:Tweet ID 1322495588311703553 already processed, skipping...
INFO:root:Tweet ID 1322434839799365632 already processed, skipping...
INFO:root:Tweet ID 1322416480017768448 already processed, skipping...
INFO:root:Tweet ID 1322409341669036032 already processed, skipping...
INFO:root:Tweet ID 1322380774365143045 already processed, skipping...
INFO:root:Tweet ID 1322376489128648705 already processed, skipping...
INFO:root:Tweet ID 1322372370443784192 already processed, skipping...
INFO:root:Tweet ID 1322370573826220033 already processed, skipping...
INFO:root:Tweet ID 1322370229213671424 already processed, skipping...
INFO:root:Tweet ID 1322350567449088000 already processed, skipping...
INFO:root:Tweet ID 1322346968547557376 already processed, skipping...
INFO:root:Tweet ID 1322337272000352256 already processed, skipping...
INFO:root:Tweet ID 1322330102856851458 already processed, skipping...
INFO:root:Tweet ID 1322305672935960576 already processed, skipping...
INFO:root:Tweet ID 1322299799622897665 already processed, skipping...
INFO:root:Tweet ID 1322299267843764234 already processed, skipping...
INFO:root:Tweet ID 1322297361528508418 already processed, skipping...
INFO:root:Tweet ID 1322295380739084299 already processed, skipping...
INFO:root:Tweet ID 1322288411504500737 already processed, skipping...
INFO:root:Tweet ID 1322286548579221504 already processed, skipping...
INFO:root:Tweet ID 1322283384362729472 already processed, skipping...
INFO:root:Tweet ID 1322282146069884930 already processed, skipping...
INFO:root:Tweet ID 1322282103875215360 already processed, skipping...
INFO:root:Tweet ID 1322281991308533760 already processed, skipping...
INFO:root:Tweet ID 1322275313993342978 already processed, skipping...
INFO:root:Tweet ID 1322274238963896321 already processed, skipping...
INFO:root:Tweet ID 1322272395365912576 already processed, skipping...
INFO:root:Tweet ID 1322272128339714050 already processed, skipping...
INFO:root:Tweet ID 1322272126532046849 already processed, skipping...
INFO:root:Tweet ID 1322268786888757248 already processed, skipping...
INFO:root:Tweet ID 1322267026702807040 already processed, skipping...
INFO:root:Tweet ID 1322266510740627456 already processed, skipping...
INFO:root:Tweet ID 1322261866400329729 already processed, skipping...
INFO:root:Tweet ID 1322259801213194241 already processed, skipping...
INFO:root:Tweet ID 1322252515874758656 already processed, skipping...
INFO:root:Tweet ID 1322251470205554689 already processed, skipping...
INFO:root:Tweet ID 1322250971255312385 already processed, skipping...
INFO:root:Tweet ID 1322250607953088512 already processed, skipping...
INFO:root:Tweet ID 1322244580687925248 already processed, skipping...
INFO:root:Tweet ID 1322244004071804929 already processed, skipping...
INFO:root:Tweet ID 1322239984611532800 already processed, skipping...
INFO:root:Tweet ID 1322236647245795329 already processed, skipping...
INFO:root:Tweet ID 1322235689912668160 already processed, skipping...
INFO:root:Tweet ID 1322235470290604033 already processed, skipping...
INFO:root:Tweet ID 1322231641838915586 already processed, skipping...
INFO:root:Tweet ID 1322231226649006080 already processed, skipping...
INFO:root:Tweet ID 1322227046446190593 already processed, skipping...
INFO:root:Tweet ID 1322215428232531975 already processed, skipping...
INFO:root:Tweet ID 1322215184702820352 already processed, skipping...
INFO:root:Tweet ID 1322213105275936768 already processed, skipping...
INFO:root:Tweet ID 1322212811666296832 already processed, skipping...
INFO:root:Tweet ID 1322199547049775106 already processed, skipping...
INFO:root:Tweet ID 1322198402201980928 already processed, skipping...
INFO:root:Tweet ID 1322196074174599171 already processed, skipping...
INFO:root:Tweet ID 1322194255817920514 already processed, skipping...
INFO:root:Tweet ID 1322193801558020101 already processed, skipping...
INFO:root:Tweet ID 1322193355124690944 already processed, skipping...
INFO:root:Tweet ID 1322193329367470085 already processed, skipping...
INFO:root:Tweet ID 1322192822414561282 already processed, skipping...
INFO:root:Tweet ID 1322191631697743873 already processed, skipping...
INFO:root:Tweet ID 1322189069368045568 already processed, skipping...
INFO:root:Tweet ID 1322186592686084096 already processed, skipping...
INFO:root:Tweet ID 1322185334088716288 already processed, skipping...
INFO:root:Tweet ID 1322181302607642625 already processed, skipping...
INFO:root:Tweet ID 1322173549570908160 already processed, skipping...
INFO:root:Tweet ID 1322173061303599104 already processed, skipping...
INFO:root:Tweet ID 1322170934783021058 already processed, skipping...
INFO:root:Tweet ID 1322169960739856386 already processed, skipping...
INFO:root:Tweet ID 1322167600332328965 already processed, skipping...
INFO:root:Tweet ID 1322165519089233920 already processed, skipping...
INFO:root:Tweet ID 1322152608627347461 already processed, skipping...
INFO:root:Tweet ID 1322152012528734208 already processed, skipping...
INFO:root:Tweet ID 1322147957647372288 already processed, skipping...
INFO:root:Tweet ID 1322143696599613441 already processed, skipping...
INFO:root:Tweet ID 1322143036458094592 already processed, skipping...
INFO:root:Tweet ID 1322140992582144000 already processed, skipping...
INFO:root:Tweet ID 1322139027714248705 already processed, skipping...
INFO:root:Tweet ID 1322116602091966464 already processed, skipping...
INFO:root:Tweet ID 1322116275892637698 already processed, skipping...
INFO:root:Tweet ID 1322094893309722630 already processed, skipping...
INFO:root:Tweet ID 1322085219122483202 already processed, skipping...
INFO:root:Tweet ID 1322076462506102784 already processed, skipping...
INFO:root:Tweet ID 1322069376162504704 already processed, skipping...
INFO:root:Tweet ID 1322068233814495232 already processed, skipping...
INFO:root:Tweet ID 1322068064842600454 already processed, skipping...
INFO:root:Tweet ID 1322067353341931525 already processed, skipping...
INFO:root:Tweet ID 1322067342629765120 already processed, skipping...
INFO:root:Tweet ID 1322066697537376256 already processed, skipping...
INFO:root:Tweet ID 1322059306427187200 already processed, skipping...
INFO:root:Tweet ID 1322059296985751552 already processed, skipping...
INFO:root:Tweet ID 1322049251082268672 already processed, skipping...
INFO:root:Tweet ID 1322047405752201216 already processed, skipping...
INFO:root:Tweet ID 1322037572479176704 already processed, skipping...
INFO:root:Tweet ID 1322032908203364353 already processed, skipping...
INFO:root:Tweet ID 1322032073717272576 already processed, skipping...
INFO:root:Tweet ID 1322030343524737024 already processed, skipping...
INFO:root:Tweet ID 1322029744775327745 already processed, skipping...
INFO:root:Tweet ID 1322029513614655489 already processed, skipping...
INFO:root:Tweet ID 1322029414159278080 already processed, skipping...
INFO:root:Tweet ID 1322028537562484736 already processed, skipping...
INFO:root:Tweet ID 1322027221859577856 already processed, skipping...
INFO:root:Tweet ID 1322023383878541314 already processed, skipping...
INFO:root:Tweet ID 1322020541579100160 already processed, skipping...
INFO:root:Tweet ID 1322019954393272320 already processed, skipping...
INFO:root:Tweet ID 1322010283519447040 already processed, skipping...
INFO:root:Tweet ID 1322009181197578240 already processed, skipping...
INFO:root:Tweet ID 1322001742989561864 already processed, skipping...
INFO:root:Tweet ID 1321979257099354113 already processed, skipping...
INFO:root:Tweet ID 1321979240477302784 already processed, skipping...
INFO:root:Tweet ID 1321977922496925704 already processed, skipping...
INFO:root:Tweet ID 1321973795234742272 already processed, skipping...
INFO:root:Tweet ID 1321968593018347520 already processed, skipping...
INFO:root:Tweet ID 1321968414638940161 already processed, skipping...
INFO:root:Tweet ID 1321966700166860800 already processed, skipping...
INFO:root:Tweet ID 1321949674404827136 already processed, skipping...
INFO:root:Tweet ID 1321948420412755968 already processed, skipping...
INFO:root:Tweet ID 1321948194994032640 already processed, skipping...
INFO:root:Tweet ID 1321941322345959425 already processed, skipping...
INFO:root:Tweet ID 1321937544754434048 already processed, skipping...
INFO:root:Tweet ID 1321924357518725121 already processed, skipping...
INFO:root:Tweet ID 1321919754672631808 already processed, skipping...
INFO:root:Tweet ID 1321915083165999105 already processed, skipping...
INFO:root:Tweet ID 1321909571233800197 already processed, skipping...
INFO:root:Tweet ID 1321907095654998017 already processed, skipping...
INFO:root:Tweet ID 1321907020736417801 already processed, skipping...
INFO:root:Tweet ID 1321906119405498368 already processed, skipping...
INFO:root:Tweet ID 1321903990809022464 already processed, skipping...
INFO:root:Tweet ID 1321891191869222912 already processed, skipping...
INFO:root:Tweet ID 1321890742676164609 already processed, skipping...
INFO:root:Tweet ID 1321890636862312450 already processed, skipping...
INFO:root:Tweet ID 1321890438618488838 already processed, skipping...
INFO:root:Tweet ID 1321889544120213504 already processed, skipping...
INFO:root:Tweet ID 1321887051298516993 already processed, skipping...
INFO:root:Tweet ID 1321886713346629637 already processed, skipping...
INFO:root:Tweet ID 1321885898225684486 already processed, skipping...
INFO:root:Tweet ID 1321879846935560192 already processed, skipping...
INFO:root:Tweet ID 1321875715650801665 already processed, skipping...
INFO:root:Tweet ID 1321875570498654208 already processed, skipping...
INFO:root:Tweet ID 1321870019689619457 already processed, skipping...
INFO:root:Tweet ID 1321869910037860352 already processed, skipping...
INFO:root:Tweet ID 1321869896838307840 already processed, skipping...
INFO:root:Tweet ID 1321869192149131264 already processed, skipping...
INFO:root:Tweet ID 1321867314510352384 already processed, skipping...
INFO:root:Tweet ID 1321866872774709248 already processed, skipping...
INFO:root:Tweet ID 1321866851840905217 already processed, skipping...
INFO:root:Tweet ID 1321865767307104259 already processed, skipping...
INFO:root:Tweet ID 1321863746520842241 already processed, skipping...
INFO:root:Tweet ID 1321858320450375682 already processed, skipping...
INFO:root:Tweet ID 1321858106997944320 already processed, skipping...
INFO:root:Tweet ID 1321857222612320256 already processed, skipping...
INFO:root:Tweet ID 1321852696559833088 already processed, skipping...
INFO:root:Tweet ID 1321852167125258240 already processed, skipping...
INFO:root:Tweet ID 1321850929096859649 already processed, skipping...
INFO:root:Tweet ID 1321850095881621509 already processed, skipping...
INFO:root:Tweet ID 1321849802322178048 already processed, skipping...
INFO:root:Tweet ID 1321849693618384896 already processed, skipping...
INFO:root:Tweet ID 1321848869223833604 already processed, skipping...
INFO:root:Tweet ID 1321848470962135041 already processed, skipping...
INFO:root:Tweet ID 1321847640355708930 already processed, skipping...
INFO:root:Tweet ID 1321847628515213313 already processed, skipping...
INFO:root:Tweet ID 1321846542416838657 already processed, skipping...
INFO:root:Tweet ID 1321845987095289856 already processed, skipping...
INFO:root:Tweet ID 1321845967839203333 already processed, skipping...
INFO:root:Tweet ID 1321844250963709954 already processed, skipping...
INFO:root:Tweet ID 1321844019484393474 already processed, skipping...
INFO:root:Tweet ID 1321843603648483328 already processed, skipping...
INFO:root:Tweet ID 1321834940263223297 already processed, skipping...
INFO:root:Tweet ID 1321834000529412096 already processed, skipping...
INFO:root:Tweet ID 1321829281262194692 already processed, skipping...
INFO:root:Tweet ID 1321828993734070272 already processed, skipping...
INFO:root:Tweet ID 1321826201384685569 already processed, skipping...
INFO:root:Tweet ID 1321820753046708231 already processed, skipping...
INFO:root:Tweet ID 1321814052000030721 already processed, skipping...
INFO:root:Tweet ID 1321806485815517184 already processed, skipping...
INFO:root:Tweet ID 1321796682154168320 already processed, skipping...
INFO:root:Tweet ID 1321790324017106945 already processed, skipping...
INFO:root:Tweet ID 1321789804779053063 already processed, skipping...
INFO:root:Tweet ID 1321787033384374272 already processed, skipping...
INFO:root:Tweet ID 1321781425889288195 already processed, skipping...
INFO:root:Tweet ID 1321780751306760193 already processed, skipping...
INFO:root:Tweet ID 1321777272374894592 already processed, skipping...
INFO:root:Tweet ID 1321776193025265664 already processed, skipping...
INFO:root:Tweet ID 1321681764402765825 already processed, skipping...
INFO:root:Tweet ID 1321667534874181634 already processed, skipping...
INFO:root:Tweet ID 1321640483123306496 already processed, skipping...
INFO:root:Tweet ID 1321634105918849025 already processed, skipping...
INFO:root:Tweet ID 1321615715049349121 already processed, skipping...
INFO:root:Tweet ID 1321607530045472773 already processed, skipping...
INFO:root:Tweet ID 1321606515074228224 already processed, skipping...
INFO:root:Tweet ID 1321602483395899394 already processed, skipping...
INFO:root:Tweet ID 1321594854300884992 already processed, skipping...
INFO:root:Tweet ID 1321587554060136448 already processed, skipping...
INFO:root:Tweet ID 1321575544434077696 already processed, skipping...
INFO:root:Tweet ID 1321568298442592259 already processed, skipping...
INFO:root:Tweet ID 1321565231982682112 already processed, skipping...
INFO:root:Tweet ID 1321558798322970624 already processed, skipping...
INFO:root:Tweet ID 1321542913348800514 already processed, skipping...
INFO:root:Tweet ID 1321517019339120645 already processed, skipping...
INFO:root:Tweet ID 1321516852527407104 already processed, skipping...
INFO:root:Tweet ID 1321513824067878912 already processed, skipping...
INFO:root:Tweet ID 1321511969489178624 already processed, skipping...
INFO:root:Tweet ID 1321511592383684612 already processed, skipping...
INFO:root:Tweet ID 1321505186649645056 already processed, skipping...
INFO:root:Tweet ID 1321503449264066560 already processed, skipping...
INFO:root:Tweet ID 1321491364014673927 already processed, skipping...
INFO:root:Tweet ID 1321491131637661697 already processed, skipping...
INFO:root:Tweet ID 1321490335525208064 already processed, skipping...
INFO:root:Tweet ID 1321489955827281921 already processed, skipping...
INFO:root:Tweet ID 1321487169161146369 already processed, skipping...
INFO:root:Tweet ID 1321481853933670402 already processed, skipping...
INFO:root:Tweet ID 1321480967773581314 already processed, skipping...
INFO:root:Tweet ID 1321470540922658824 already processed, skipping...
INFO:root:Tweet ID 1321470112306765825 already processed, skipping...
INFO:root:Tweet ID 1321469686194778114 already processed, skipping...
INFO:root:Tweet ID 1321467713751900160 already processed, skipping...
INFO:root:Tweet ID 1321462558348500994 already processed, skipping...
INFO:root:Tweet ID 1321451787338043393 already processed, skipping...
INFO:root:Tweet ID 1321447570829385731 already processed, skipping...
INFO:root:Tweet ID 1321444195391909889 already processed, skipping...
INFO:root:Tweet ID 1321444180606898183 already processed, skipping...
INFO:root:Tweet ID 1321441456926552064 already processed, skipping...
INFO:root:Tweet ID 1321434629673541635 already processed, skipping...
INFO:root:Tweet ID 1321434435737264130 already processed, skipping...
INFO:root:Tweet ID 1321434304048701441 already processed, skipping...
INFO:root:Tweet ID 1321431282652311552 already processed, skipping...
INFO:root:Tweet ID 1321427436354101255 already processed, skipping...
INFO:root:Tweet ID 1321426160039927809 already processed, skipping...
INFO:root:Tweet ID 1321418936345333761 already processed, skipping...
INFO:root:Tweet ID 1321418785413304322 already processed, skipping...
INFO:root:Tweet ID 1321413732728250368 already processed, skipping...
INFO:root:Tweet ID 1321412246363426816 already processed, skipping...
INFO:root:Tweet ID 1321334861584568320 already processed, skipping...
INFO:root:Tweet ID 1321325604805976069 already processed, skipping...
INFO:root:Tweet ID 1321319495072419840 already processed, skipping...
INFO:root:Tweet ID 1321302826686025732 already processed, skipping...
INFO:root:Tweet ID 1321288295666634754 already processed, skipping...
INFO:root:Tweet ID 1321282635747000321 already processed, skipping...
INFO:root:Tweet ID 1321281687762907146 already processed, skipping...
INFO:root:Tweet ID 1321279115073327105 already processed, skipping...
INFO:root:Tweet ID 1321270252307709952 already processed, skipping...
INFO:root:Tweet ID 1321269555264630790 already processed, skipping...
INFO:root:Tweet ID 1321268169252741120 already processed, skipping...
INFO:root:Tweet ID 1321266987499196416 already processed, skipping...
INFO:root:Tweet ID 1321266900853264385 already processed, skipping...
INFO:root:Tweet ID 1321261890220314626 already processed, skipping...
INFO:root:Tweet ID 1321252368135131138 already processed, skipping...
INFO:root:Tweet ID 1321249986755977216 already processed, skipping...
INFO:root:Tweet ID 1321249047429238788 already processed, skipping...
INFO:root:Tweet ID 1321232337879912451 already processed, skipping...
INFO:root:Tweet ID 1321230115863515138 already processed, skipping...
INFO:root:Tweet ID 1321229866897940480 already processed, skipping...
INFO:root:Tweet ID 1321220356389150722 already processed, skipping...
INFO:root:Tweet ID 1321216364904927232 already processed, skipping...
INFO:root:Tweet ID 1321215426098089987 already processed, skipping...
INFO:root:Tweet ID 1321213270620033024 already processed, skipping...
INFO:root:Tweet ID 1321212626169483266 already processed, skipping...
INFO:root:Tweet ID 1321207275877519366 already processed, skipping...
INFO:root:Tweet ID 1321204574783418368 already processed, skipping...
INFO:root:Tweet ID 1321199816869875722 already processed, skipping...
INFO:root:Tweet ID 1321199009319497730 already processed, skipping...
INFO:root:Tweet ID 1321191993205248005 already processed, skipping...
INFO:root:Tweet ID 1321191895985463296 already processed, skipping...
INFO:root:Tweet ID 1321186323659661312 already processed, skipping...
INFO:root:Tweet ID 1321179988658393088 already processed, skipping...
INFO:root:Tweet ID 1321173555632111616 already processed, skipping...
INFO:root:Tweet ID 1321169833749348352 already processed, skipping...
INFO:root:Tweet ID 1321168874507743232 already processed, skipping...
INFO:root:Tweet ID 1321168466196467716 already processed, skipping...
INFO:root:Processing file files\target_tweets_UNCW\UNCW\UNCW-20201108201232.txt 4/8
INFO:root:Processing file files\target_tweets_UNCW\UNCW\UNCW-20201115180901.txt 5/8
INFO:root:Processing file files\target_tweets_UNCW\UNCW\UNCW-20201123201912.txt 6/8
INFO:root:Processing file files\target_tweets_UNCW\UNCW\UNCW-20201129170156.txt 7/8
INFO:root:Processing file files\target_tweets_UNCW\UNCW\UNCW-20201201181038.txt 8/8
INFO:root:Tweet ID 1333163827983052801 already processed, skipping...
INFO:root:Tweet ID 1333162280771522562 already processed, skipping...
INFO:root:Tweet ID 1333133281848594435 already processed, skipping...
INFO:root:Tweet ID 1333133257303527426 already processed, skipping...
INFO:root:Tweet ID 1333130599025012744 already processed, skipping...
INFO:root:Tweet ID 1333130367096688641 already processed, skipping...
INFO:root:Tweet ID 1333129536964354049 already processed, skipping...
INFO:root:Tweet ID 1333128541534367750 already processed, skipping...
INFO:root:Tweet ID 1333110651053551617 already processed, skipping...
INFO:root:Tweet ID 1333109246087421956 already processed, skipping...
INFO:root:Tweet ID 1333103143819862016 already processed, skipping...
INFO:root:Tweet ID 1333102229331513346 already processed, skipping...
INFO:root:Tweet ID 1333096917610467330 already processed, skipping...
INFO:root:Tweet ID 1333091002568105985 already processed, skipping...
INFO:root:Tweet ID 1333090937119993856 already processed, skipping...
INFO:root:Tweet ID 1333088659189473282 already processed, skipping...
INFO:root:Tweet ID 1333070716435095553 already processed, skipping...
INFO:root:Tweet ID 1333068808584650754 already processed, skipping...
INFO:root:Tweet ID 1333068039982637061 already processed, skipping...
INFO:root:Tweet ID 1333063322799910920 already processed, skipping...
INFO:root:Tweet ID 1333060382982860804 already processed, skipping...
INFO:root:Tweet ID 1333058356517298177 already processed, skipping...
INFO:root:Tweet ID 1333057546815483906 already processed, skipping...
INFO:root:Tweet ID 1333054653488095233 already processed, skipping...
INFO:root:Tweet ID 1333044881858576385 already processed, skipping...
INFO:root:Tweet ID 1333041409499275266 already processed, skipping...
INFO:root:Tweet ID 1333032966017191939 already processed, skipping...
INFO:root:Tweet ID 1333025890637389830 already processed, skipping...
INFO:root:Tweet ID 1332951897775476736 already processed, skipping...
INFO:root:Tweet ID 1332935033032728577 already processed, skipping...
INFO:root:Tweet ID 1332931834561310723 already processed, skipping...
INFO:root:Tweet ID 1332927191630422016 already processed, skipping...
INFO:root:Tweet ID 1332925511606050817 already processed, skipping...
INFO:root:Tweet ID 1332900786775359489 already processed, skipping...
INFO:root:Tweet ID 1332899081748930565 already processed, skipping...
INFO:root:Tweet ID 1332894323931832320 already processed, skipping...
INFO:root:Tweet ID 1332892145804521473 already processed, skipping...
INFO:root:Tweet ID 1332889176858107905 already processed, skipping...
INFO:root:Tweet ID 1332888452367585280 already processed, skipping...
INFO:root:Tweet ID 1332878825991135234 already processed, skipping...
INFO:root:Tweet ID 1332878615780814848 already processed, skipping...
INFO:root:Tweet ID 1332874433502076930 already processed, skipping...
INFO:root:Tweet ID 1332868832709505025 already processed, skipping...
INFO:root:Tweet ID 1332868367716409345 already processed, skipping...
INFO:root:Tweet ID 1332866611963961344 already processed, skipping...
INFO:root:Tweet ID 1332865684305571840 already processed, skipping...
INFO:root:Tweet ID 1332861160215908352 already processed, skipping...
INFO:root:Tweet ID 1332851456626421760 already processed, skipping...
INFO:root:Tweet ID 1332846233426268162 already processed, skipping...
INFO:root:Tweet ID 1332846042539315204 already processed, skipping...
INFO:root:Tweet ID 1332846001720340481 already processed, skipping...
INFO:root:Tweet ID 1332842569961771010 already processed, skipping...
INFO:root:Tweet ID 1332840532645699585 already processed, skipping...
INFO:root:Tweet ID 1332840120605700098 already processed, skipping...
INFO:root:Tweet ID 1332840028490264578 already processed, skipping...
INFO:root:Tweet ID 1332839802874507267 already processed, skipping...
INFO:root:Tweet ID 1332838284200841216 already processed, skipping...
INFO:root:Tweet ID 1332836030454636547 already processed, skipping...
INFO:root:Tweet ID 1332833902872965124 already processed, skipping...
INFO:root:Tweet ID 1332830201840066562 already processed, skipping...
INFO:root:Tweet ID 1332828383114366977 already processed, skipping...
INFO:root:Tweet ID 1332826369596792833 already processed, skipping...
INFO:root:Tweet ID 1332821135826808832 already processed, skipping...
INFO:root:Tweet ID 1332820522414043136 already processed, skipping...
INFO:root:Tweet ID 1332815377932427264 already processed, skipping...
INFO:root:Tweet ID 1332813493280657408 already processed, skipping...
INFO:root:Tweet ID 1332810800692604938 already processed, skipping...
INFO:root:Tweet ID 1332809660999593984 already processed, skipping...
INFO:root:Tweet ID 1332808563194990594 already processed, skipping...
INFO:root:Tweet ID 1332807574153023490 already processed, skipping...
INFO:root:Tweet ID 1332807293679833098 already processed, skipping...
INFO:root:Tweet ID 1332806575661060096 already processed, skipping...
INFO:root:Tweet ID 1332804299412414465 already processed, skipping...
INFO:root:Tweet ID 1332802573980606472 already processed, skipping...
INFO:root:Tweet ID 1332801813582581762 already processed, skipping...
INFO:root:Tweet ID 1332797398184325127 already processed, skipping...
INFO:root:Tweet ID 1332797066456739843 already processed, skipping...
INFO:root:Tweet ID 1332794686067576836 already processed, skipping...
INFO:root:Tweet ID 1332794248094093312 already processed, skipping...
INFO:root:Tweet ID 1332793285576974340 already processed, skipping...
INFO:root:Tweet ID 1332792882231717889 already processed, skipping...
INFO:root:Tweet ID 1332792643143798791 already processed, skipping...
INFO:root:Tweet ID 1332791265637920769 already processed, skipping...
INFO:root:Tweet ID 1332790493953085447 already processed, skipping...
INFO:root:Tweet ID 1332789343270957061 already processed, skipping...
INFO:root:Tweet ID 1332787021123870727 already processed, skipping...
INFO:root:Tweet ID 1332785670247464960 already processed, skipping...
INFO:root:Tweet ID 1332785645933228042 already processed, skipping...
INFO:root:Tweet ID 1332785210300239873 already processed, skipping...
INFO:root:Tweet ID 1332785053747863553 already processed, skipping...
INFO:root:Tweet ID 1332784517673783301 already processed, skipping...
INFO:root:Tweet ID 1332783397308084226 already processed, skipping...
INFO:root:Tweet ID 1332782955463262208 already processed, skipping...
INFO:root:Tweet ID 1332782838714753024 already processed, skipping...
INFO:root:Tweet ID 1332782600251863041 already processed, skipping...
INFO:root:Tweet ID 1332781723214614528 already processed, skipping...
INFO:root:Tweet ID 1332780901911162881 already processed, skipping...
INFO:root:Tweet ID 1332780723271417856 already processed, skipping...
INFO:root:Tweet ID 1332780050316398595 already processed, skipping...
INFO:root:Tweet ID 1332779914257371136 already processed, skipping...
INFO:root:Tweet ID 1332779710435241986 already processed, skipping...
INFO:root:Tweet ID 1332779664717312003 already processed, skipping...
INFO:root:Tweet ID 1332779563563282433 already processed, skipping...
INFO:root:Tweet ID 1332779506684268550 already processed, skipping...
INFO:root:Tweet ID 1332779247501512704 already processed, skipping...
INFO:root:Tweet ID 1332778776762134530 already processed, skipping...
INFO:root:Tweet ID 1332778769803829252 already processed, skipping...
INFO:root:Tweet ID 1332778537074511875 already processed, skipping...
INFO:root:Tweet ID 1332778419482923016 already processed, skipping...
INFO:root:Tweet ID 1332778395197956102 already processed, skipping...
INFO:root:Tweet ID 1332778316999299072 already processed, skipping...
INFO:root:Tweet ID 1332778014594228228 already processed, skipping...
INFO:root:Tweet ID 1332777940732571653 already processed, skipping...
INFO:root:Tweet ID 1332777928002768896 already processed, skipping...
INFO:root:Tweet ID 1332777800043012097 already processed, skipping...
INFO:root:Tweet ID 1332777697618120706 already processed, skipping...
INFO:root:Tweet ID 1332777613039955968 already processed, skipping...
INFO:root:Tweet ID 1332777519917850626 already processed, skipping...
INFO:root:Tweet ID 1332777065272238083 already processed, skipping...
INFO:root:Tweet ID 1332777056384528387 already processed, skipping...
INFO:root:Tweet ID 1332776811424575493 already processed, skipping...
INFO:root:Tweet ID 1332776777899454464 already processed, skipping...
INFO:root:Tweet ID 1332776276969607172 already processed, skipping...
INFO:root:Tweet ID 1332775448087031809 already processed, skipping...
INFO:root:Tweet ID 1332775245200183298 already processed, skipping...
INFO:root:Tweet ID 1332775042564943872 already processed, skipping...
INFO:root:Tweet ID 1332773850531180546 already processed, skipping...
INFO:root:Tweet ID 1332773296727855107 already processed, skipping...
INFO:root:Tweet ID 1332773293057773569 already processed, skipping...
INFO:root:Tweet ID 1332772782699065345 already processed, skipping...
INFO:root:Tweet ID 1332772522618728448 already processed, skipping...
INFO:root:Tweet ID 1332772433669935106 already processed, skipping...
INFO:root:Tweet ID 1332771323651690496 already processed, skipping...
INFO:root:Tweet ID 1332771241867014147 already processed, skipping...
INFO:root:Tweet ID 1332770935863189510 already processed, skipping...
INFO:root:Tweet ID 1332770706602528770 already processed, skipping...
INFO:root:Tweet ID 1332769921927770112 already processed, skipping...
INFO:root:Tweet ID 1332769731632238592 already processed, skipping...
INFO:root:Tweet ID 1332769362575585283 already processed, skipping...
INFO:root:Tweet ID 1332768726358388740 already processed, skipping...
INFO:root:Tweet ID 1332768721551593472 already processed, skipping...
INFO:root:Tweet ID 1332768459193790464 already processed, skipping...
INFO:root:Tweet ID 1332766995041845248 already processed, skipping...
INFO:root:Tweet ID 1332766331989618694 already processed, skipping...
INFO:root:Tweet ID 1332765951738179589 already processed, skipping...
INFO:root:Tweet ID 1332765922994565125 already processed, skipping...
INFO:root:Tweet ID 1332764856777400320 already processed, skipping...
INFO:root:Tweet ID 1332761426553757696 already processed, skipping...
INFO:root:Tweet ID 1332760078164787200 already processed, skipping...
INFO:root:Tweet ID 1332759467272835077 already processed, skipping...
INFO:root:Tweet ID 1332758870364729350 already processed, skipping...
INFO:root:Tweet ID 1332758695105744896 already processed, skipping...
INFO:root:Tweet ID 1332755668311404547 already processed, skipping...
INFO:root:Tweet ID 1332755578213502976 already processed, skipping...
INFO:root:Tweet ID 1332755146732949511 already processed, skipping...
INFO:root:Tweet ID 1332754620586844163 already processed, skipping...
INFO:root:Tweet ID 1332754141173735429 already processed, skipping...
INFO:root:Tweet ID 1332753633344180231 already processed, skipping...
INFO:root:Tweet ID 1332753528012541958 already processed, skipping...
INFO:root:Tweet ID 1332753275335139331 already processed, skipping...
INFO:root:Tweet ID 1332751250287423489 already processed, skipping...
INFO:root:Tweet ID 1332751063921856514 already processed, skipping...
INFO:root:Tweet ID 1332748894825013248 already processed, skipping...
INFO:root:Tweet ID 1332748439898251266 already processed, skipping...
INFO:root:Tweet ID 1332747132495929348 already processed, skipping...
INFO:root:Tweet ID 1332747093409193984 already processed, skipping...
INFO:root:Tweet ID 1332746854623133701 already processed, skipping...
INFO:root:Tweet ID 1332746579002884097 already processed, skipping...
INFO:root:Tweet ID 1332746368448913409 already processed, skipping...
INFO:root:Tweet ID 1332746327315255296 already processed, skipping...
INFO:root:Tweet ID 1332746237720866821 already processed, skipping...
INFO:root:Tweet ID 1332742835486011392 already processed, skipping...
INFO:root:Tweet ID 1332741659218632705 already processed, skipping...
INFO:root:Tweet ID 1332740375660916741 already processed, skipping...
INFO:root:Tweet ID 1332739832838164482 already processed, skipping...
INFO:root:Tweet ID 1332739233493217282 already processed, skipping...
INFO:root:Tweet ID 1332738693027782661 already processed, skipping...
INFO:root:Tweet ID 1332738598370562048 already processed, skipping...
INFO:root:Tweet ID 1332738526597640192 already processed, skipping...
INFO:root:Tweet ID 1332738525939298304 already processed, skipping...
INFO:root:Tweet ID 1332737773128835078 already processed, skipping...
INFO:root:Tweet ID 1332736636233404419 already processed, skipping...
INFO:root:Tweet ID 1332735640279142403 already processed, skipping...
INFO:root:Tweet ID 1332733230856892416 already processed, skipping...
INFO:root:Tweet ID 1332731982988660739 already processed, skipping...
INFO:root:Tweet ID 1332731227753885698 already processed, skipping...
INFO:root:Tweet ID 1332730106821763072 already processed, skipping...
INFO:root:Tweet ID 1332729999334510598 already processed, skipping...
INFO:root:Tweet ID 1332727604537856001 already processed, skipping...
INFO:root:Tweet ID 1332727203830886401 already processed, skipping...
INFO:root:Tweet ID 1332726997517283330 already processed, skipping...
INFO:root:Tweet ID 1332724367709581316 already processed, skipping...
INFO:root:Tweet ID 1332724041954766853 already processed, skipping...
INFO:root:Tweet ID 1332723133623672832 already processed, skipping...
INFO:root:Tweet ID 1332721912045244420 already processed, skipping...
INFO:root:Tweet ID 1332721227652362240 already processed, skipping...
INFO:root:Tweet ID 1332721083871588354 already processed, skipping...
INFO:root:Tweet ID 1332720970109513736 already processed, skipping...
INFO:root:Tweet ID 1332720131529723904 already processed, skipping...
INFO:root:Tweet ID 1332718644594434051 already processed, skipping...
INFO:root:Tweet ID 1332718364507189250 already processed, skipping...
INFO:root:Tweet ID 1332717781574447105 already processed, skipping...
INFO:root:Tweet ID 1332716325832175618 already processed, skipping...
INFO:root:Tweet ID 1332715324966223872 already processed, skipping...
INFO:root:Tweet ID 1332710636401332231 already processed, skipping...
INFO:root:Tweet ID 1332709254478741504 already processed, skipping...
INFO:root:Tweet ID 1332708867193655296 already processed, skipping...
INFO:root:Tweet ID 1332707534482923525 already processed, skipping...
INFO:root:Tweet ID 1332706038068486144 already processed, skipping...
INFO:root:Tweet ID 1332705481534689282 already processed, skipping...
INFO:root:Tweet ID 1332702540429987847 already processed, skipping...
INFO:root:Tweet ID 1332701579292585984 already processed, skipping...
INFO:root:Tweet ID 1332696449478393857 already processed, skipping...
INFO:root:Tweet ID 1332695879619325954 already processed, skipping...
INFO:root:Tweet ID 1332692696138387456 already processed, skipping...
INFO:root:Tweet ID 1332691552800567296 already processed, skipping...
INFO:root:Tweet ID 1332688318941814785 already processed, skipping...
INFO:root:Tweet ID 1332686896443629568 already processed, skipping...
INFO:root:Tweet ID 1332685677297799168 already processed, skipping...
INFO:root:Tweet ID 1332680386258857992 already processed, skipping...
INFO:root:Tweet ID 1332663129558429697 already processed, skipping...
INFO:root:Tweet ID 1332661982688923648 already processed, skipping...
INFO:root:Tweet ID 1332660338035142656 already processed, skipping...
INFO:root:Tweet ID 1332660127640526849 already processed, skipping...
INFO:root:Tweet ID 1332658001988247553 already processed, skipping...
INFO:root:Tweet ID 1332653503630675973 already processed, skipping...
INFO:root:Tweet ID 1332630094792306689 already processed, skipping...
INFO:root:Tweet ID 1332624033553256454 already processed, skipping...
INFO:root:Tweet ID 1332603559150497792 already processed, skipping...
INFO:root:Tweet ID 1332578444006330368 already processed, skipping...
INFO:root:Tweet ID 1332573908172763136 already processed, skipping...
INFO:root:Tweet ID 1332570797966323712 already processed, skipping...
INFO:root:Tweet ID 1332562725541728256 already processed, skipping...
INFO:root:Tweet ID 1332559638169063424 already processed, skipping...
INFO:root:Tweet ID 1332555185030377473 already processed, skipping...
INFO:root:Tweet ID 1332547930847318021 already processed, skipping...
INFO:root:Tweet ID 1332536989959196672 already processed, skipping...
INFO:root:Tweet ID 1332535751930753024 already processed, skipping...
INFO:root:Tweet ID 1332532870078984195 already processed, skipping...
INFO:root:Tweet ID 1332529251476779008 already processed, skipping...
INFO:root:Tweet ID 1332519504358871043 already processed, skipping...
INFO:root:Tweet ID 1332519081497550849 already processed, skipping...
INFO:root:Tweet ID 1332518862391218176 already processed, skipping...
INFO:root:Tweet ID 1332518862223380481 already processed, skipping...
INFO:root:Tweet ID 1332518769827205122 already processed, skipping...
INFO:root:Tweet ID 1332518459222204417 already processed, skipping...
INFO:root:Tweet ID 1332518327747551232 already processed, skipping...
INFO:root:Tweet ID 1332517964231405572 already processed, skipping...
INFO:root:Tweet ID 1332512031401005056 already processed, skipping...
INFO:root:Tweet ID 1332511765133996034 already processed, skipping...
INFO:root:Tweet ID 1332511622187847680 already processed, skipping...
INFO:root:Tweet ID 1332511181060403200 already processed, skipping...
INFO:root:Tweet ID 1332507699473485824 already processed, skipping...
INFO:root:Tweet ID 1332507691399442434 already processed, skipping...
INFO:root:Tweet ID 1332507519495921665 already processed, skipping...
INFO:root:Tweet ID 1332507087428050944 already processed, skipping...
INFO:root:Tweet ID 1332505515792928768 already processed, skipping...
INFO:root:Tweet ID 1332505473099198466 already processed, skipping...
INFO:root:Tweet ID 1332505221289963520 already processed, skipping...
INFO:root:Tweet ID 1332504710553751555 already processed, skipping...
INFO:root:Tweet ID 1332503441655140352 already processed, skipping...
INFO:root:Tweet ID 1332502892062904320 already processed, skipping...
INFO:root:Tweet ID 1332499908960641024 already processed, skipping...
INFO:root:Tweet ID 1332497714484011010 already processed, skipping...
INFO:root:Tweet ID 1332495563204538369 already processed, skipping...
INFO:root:Tweet ID 1332495123268182016 already processed, skipping...
INFO:root:Tweet ID 1332494036431753217 already processed, skipping...
INFO:root:Tweet ID 1332493036979367940 already processed, skipping...
INFO:root:Tweet ID 1332491733947600896 already processed, skipping...
INFO:root:Tweet ID 1332491676737282050 already processed, skipping...
INFO:root:Tweet ID 1332489778185576449 already processed, skipping...
INFO:root:Tweet ID 1332487459020677124 already processed, skipping...
INFO:root:Tweet ID 1332487322101829633 already processed, skipping...
INFO:root:Tweet ID 1332487176106500099 already processed, skipping...
INFO:root:Tweet ID 1332484771000279041 already processed, skipping...
INFO:root:Tweet ID 1332479255041748996 already processed, skipping...
INFO:root:Tweet ID 1332477541953703937 already processed, skipping...
INFO:root:Tweet ID 1332474332229079047 already processed, skipping...
INFO:root:Tweet ID 1332470811123453956 already processed, skipping...
INFO:root:Tweet ID 1332470439160000513 already processed, skipping...
INFO:root:Tweet ID 1332466678907756544 already processed, skipping...
INFO:root:Tweet ID 1332463831839338498 already processed, skipping...
INFO:root:Tweet ID 1332461766283055106 already processed, skipping...
INFO:root:Tweet ID 1332461515199442944 already processed, skipping...
INFO:root:Tweet ID 1332459491909099527 already processed, skipping...
INFO:root:Tweet ID 1332459092435197952 already processed, skipping...
INFO:root:Tweet ID 1332458599382216710 already processed, skipping...
INFO:root:Tweet ID 1332458387523706881 already processed, skipping...
INFO:root:Tweet ID 1332458091258941441 already processed, skipping...
INFO:root:Tweet ID 1332457738291515392 already processed, skipping...
INFO:root:Tweet ID 1332456981970489344 already processed, skipping...
INFO:root:Tweet ID 1332456910709264384 already processed, skipping...
INFO:root:Tweet ID 1332456737337700355 already processed, skipping...
INFO:root:Tweet ID 1332456624187957248 already processed, skipping...
INFO:root:Tweet ID 1332456074088226816 already processed, skipping...
INFO:root:Tweet ID 1332455546344108037 already processed, skipping...
INFO:root:Tweet ID 1332453265175420930 already processed, skipping...
INFO:root:Tweet ID 1332453159172665344 already processed, skipping...
INFO:root:Tweet ID 1332450054326587403 already processed, skipping...
INFO:root:Tweet ID 1332447413500588033 already processed, skipping...
INFO:root:Tweet ID 1332443286515060736 already processed, skipping...
INFO:root:Tweet ID 1332441947877871616 already processed, skipping...
INFO:root:Tweet ID 1332439084518707202 already processed, skipping...
INFO:root:Tweet ID 1332438076577214465 already processed, skipping...
INFO:root:Tweet ID 1332435854892130318 already processed, skipping...
INFO:root:Tweet ID 1332428383385513990 already processed, skipping...
INFO:root:Tweet ID 1332428153734770694 already processed, skipping...
INFO:root:Tweet ID 1332427926474813447 already processed, skipping...
INFO:root:Tweet ID 1332427761521082369 already processed, skipping...
INFO:root:Tweet ID 1332427005711695873 already processed, skipping...
INFO:root:Tweet ID 1332426745459466241 already processed, skipping...
INFO:root:Tweet ID 1332426466991222785 already processed, skipping...
INFO:root:Tweet ID 1332425401763762177 already processed, skipping...
INFO:root:Tweet ID 1332425020514177027 already processed, skipping...
INFO:root:Tweet ID 1332422563214012418 already processed, skipping...
INFO:root:Tweet ID 1332419818205683712 already processed, skipping...
INFO:root:Tweet ID 1332418958276894723 already processed, skipping...
INFO:root:Tweet ID 1332415783486545921 already processed, skipping...
INFO:root:Tweet ID 1332414590223851529 already processed, skipping...
INFO:root:Tweet ID 1332414005047128064 already processed, skipping...
INFO:root:Tweet ID 1332405285303054341 already processed, skipping...
INFO:root:Tweet ID 1332400255040696322 already processed, skipping...
INFO:root:Tweet ID 1332396270346850304 already processed, skipping...
INFO:root:Tweet ID 1332394790768562177 already processed, skipping...
INFO:root:Tweet ID 1332388667575455744 already processed, skipping...
INFO:root:Tweet ID 1332384760413499394 already processed, skipping...
INFO:root:Tweet ID 1332381859481747456 already processed, skipping...
INFO:root:Tweet ID 1332372388697268225 already processed, skipping...
INFO:root:Tweet ID 1332369187361202179 already processed, skipping...
INFO:root:Tweet ID 1332364431498620928 already processed, skipping...
INFO:root:Tweet ID 1332363348667756553 already processed, skipping...
INFO:root:Tweet ID 1332359766690177024 already processed, skipping...
INFO:root:Tweet ID 1332358042365665280 already processed, skipping...
INFO:root:Tweet ID 1332357396090351621 already processed, skipping...
INFO:root:Tweet ID 1332357118201094144 already processed, skipping...
INFO:root:Tweet ID 1332357114942152709 already processed, skipping...
INFO:root:Tweet ID 1332352754015219714 already processed, skipping...
INFO:root:Tweet ID 1332351862696185863 already processed, skipping...
INFO:root:Tweet ID 1332347696250806273 already processed, skipping...
INFO:root:Tweet ID 1332346083113127938 already processed, skipping...
INFO:root:Tweet ID 1332343542467887104 already processed, skipping...
INFO:root:Tweet ID 1332330602222284800 already processed, skipping...
INFO:root:Tweet ID 1332325733323173889 already processed, skipping...
INFO:root:Tweet ID 1332323112239702016 already processed, skipping...
INFO:root:Tweet ID 1332322069959282690 already processed, skipping...
INFO:root:Tweet ID 1332321590848200705 already processed, skipping...
INFO:root:Tweet ID 1332319895992852480 already processed, skipping...
INFO:root:Tweet ID 1332317602081873920 already processed, skipping...
INFO:root:Tweet ID 1332311720124092418 already processed, skipping...
INFO:root:Tweet ID 1332311573017276423 already processed, skipping...
INFO:root:Tweet ID 1332300497357844480 already processed, skipping...
INFO:root:Tweet ID 1332279233327079424 already processed, skipping...
INFO:root:Tweet ID 1332278921056940033 already processed, skipping...
INFO:root:Tweet ID 1332278167386648577 already processed, skipping...
INFO:root:Tweet ID 1332267673091256321 already processed, skipping...
INFO:root:Tweet ID 1332255093203247104 already processed, skipping...
INFO:root:Tweet ID 1332242914571902976 already processed, skipping...
INFO:root:Tweet ID 1332225958015733763 already processed, skipping...
INFO:root:Tweet ID 1332209184893493248 already processed, skipping...
INFO:root:Tweet ID 1332204333811650560 already processed, skipping...
INFO:root:Tweet ID 1332204000343633920 already processed, skipping...
INFO:root:Tweet ID 1332186372342509568 already processed, skipping...
INFO:root:Tweet ID 1332183064106000384 already processed, skipping...
INFO:root:Tweet ID 1332174494476230656 already processed, skipping...
INFO:root:Tweet ID 1332154061538402305 already processed, skipping...
INFO:root:Tweet ID 1332152646346682368 already processed, skipping...
INFO:root:Tweet ID 1332147201930383362 already processed, skipping...
INFO:root:Tweet ID 1332137169046040576 already processed, skipping...
INFO:root:Tweet ID 1332135652461215750 already processed, skipping...
INFO:root:Tweet ID 1332112870625173504 already processed, skipping...
INFO:root:Tweet ID 1332093352418963457 already processed, skipping...
INFO:root:Tweet ID 1332051832445743105 already processed, skipping...
INFO:root:Tweet ID 1332047694177693697 already processed, skipping...
INFO:root:Tweet ID 1332036431372558349 already processed, skipping...
INFO:root:Tweet ID 1332034325706133504 already processed, skipping...
INFO:root:Tweet ID 1332032601498943488 already processed, skipping...
INFO:root:Tweet ID 1332028254119669760 already processed, skipping...
INFO:root:Tweet ID 1332023812066512896 already processed, skipping...
INFO:root:Tweet ID 1332015271972843522 already processed, skipping...
INFO:root:Tweet ID 1332011216861007873 already processed, skipping...
INFO:root:Tweet ID 1332006010119184385 already processed, skipping...
INFO:root:Tweet ID 1332005848990756864 already processed, skipping...
INFO:root:Tweet ID 1332004149345484802 already processed, skipping...
INFO:root:Tweet ID 1332002592256307201 already processed, skipping...
INFO:root:Tweet ID 1331997658966339584 already processed, skipping...
INFO:root:Tweet ID 1331992335148834819 already processed, skipping...
INFO:root:Tweet ID 1331992176763473920 already processed, skipping...
INFO:root:Tweet ID 1331987386327326721 already processed, skipping...
INFO:root:Tweet ID 1331983947773980672 already processed, skipping...
INFO:root:Tweet ID 1331983317680451585 already processed, skipping...
INFO:root:Tweet ID 1331983303491137540 already processed, skipping...
INFO:root:Tweet ID 1331982625448153088 already processed, skipping...
INFO:root:Tweet ID 1331979866833555458 already processed, skipping...
INFO:root:Tweet ID 1331979289810653186 already processed, skipping...
INFO:root:Tweet ID 1331978788532596736 already processed, skipping...
INFO:root:Tweet ID 1331974691083472898 already processed, skipping...
INFO:root:Tweet ID 1331973821327433730 already processed, skipping...
INFO:root:Tweet ID 1331973127115579394 already processed, skipping...
INFO:root:Tweet ID 1331972705042771968 already processed, skipping...
INFO:root:Tweet ID 1331972545407496198 already processed, skipping...
INFO:root:Tweet ID 1331972403363188740 already processed, skipping...
INFO:root:Tweet ID 1331970964054274053 already processed, skipping...
INFO:root:Tweet ID 1331969669155213314 already processed, skipping...
INFO:root:Tweet ID 1331968083079147520 already processed, skipping...
INFO:root:Tweet ID 1331961638224867330 already processed, skipping...
INFO:root:Tweet ID 1331960969019486209 already processed, skipping...
INFO:root:Tweet ID 1331960724466388999 already processed, skipping...
INFO:root:Tweet ID 1331959694911483905 already processed, skipping...
INFO:root:Tweet ID 1331957617908965377 already processed, skipping...
INFO:root:Tweet ID 1331957243940630528 already processed, skipping...
INFO:root:Tweet ID 1331957044128215041 already processed, skipping...
INFO:root:Tweet ID 1331956825130983425 already processed, skipping...
INFO:root:Tweet ID 1331954073000701953 already processed, skipping...
INFO:root:Tweet ID 1331951652618854400 already processed, skipping...
INFO:root:Tweet ID 1331951586294329344 already processed, skipping...
INFO:root:Tweet ID 1331948825502683136 already processed, skipping...
INFO:root:Tweet ID 1331945878207119360 already processed, skipping...
INFO:root:Tweet ID 1331944086262206471 already processed, skipping...
INFO:root:Tweet ID 1331943712365170694 already processed, skipping...
INFO:root:Tweet ID 1331938798096293890 already processed, skipping...
INFO:root:Tweet ID 1331938126420447234 already processed, skipping...
INFO:root:Tweet ID 1331928990886612992 already processed, skipping...
INFO:root:Tweet ID 1331926509678944257 already processed, skipping...
INFO:root:Tweet ID 1331923837483507714 already processed, skipping...
INFO:root:Tweet ID 1331922945929842690 already processed, skipping...
INFO:root:Tweet ID 1331917011681751040 already processed, skipping...
INFO:root:Tweet ID 1331908266486423552 already processed, skipping...
INFO:root:Tweet ID 1331907932900900865 already processed, skipping...
INFO:root:Tweet ID 1331877477510209536 already processed, skipping...
INFO:root:Tweet ID 1331863163843842048 already processed, skipping...
INFO:root:Tweet ID 1331862731234844676 already processed, skipping...
INFO:root:Tweet ID 1331839204469342208 already processed, skipping...
INFO:root:Tweet ID 1331836067448827905 already processed, skipping...
INFO:root:Tweet ID 1331835813546635265 already processed, skipping...
INFO:root:Tweet ID 1331835356019298304 already processed, skipping...
INFO:root:Tweet ID 1331830412205830147 already processed, skipping...
INFO:root:Tweet ID 1331829403886768128 already processed, skipping...
INFO:root:Tweet ID 1331824672804139009 already processed, skipping...
INFO:root:Tweet ID 1331822640672202752 already processed, skipping...
INFO:root:Tweet ID 1331822504088834053 already processed, skipping...
INFO:root:Tweet ID 1331822203835457536 already processed, skipping...
INFO:root:Tweet ID 1331816443084681221 already processed, skipping...
INFO:root:Tweet ID 1331815942943227905 already processed, skipping...
INFO:root:Tweet ID 1331815650440916992 already processed, skipping...
INFO:root:Tweet ID 1331813473630777344 already processed, skipping...
INFO:root:Tweet ID 1331810998706122756 already processed, skipping...
INFO:root:Tweet ID 1331809940885921792 already processed, skipping...
INFO:root:Tweet ID 1331809382749917184 already processed, skipping...
INFO:root:Tweet ID 1331808670401916935 already processed, skipping...
INFO:root:Tweet ID 1331808375605235712 already processed, skipping...
INFO:root:Tweet ID 1331807297224499204 already processed, skipping...
INFO:root:Tweet ID 1331806070399000576 already processed, skipping...
INFO:root:Tweet ID 1331805834838487040 already processed, skipping...
INFO:root:Tweet ID 1331805510908207106 already processed, skipping...
INFO:root:Tweet ID 1331805334701150209 already processed, skipping...
INFO:root:Tweet ID 1331804951203500032 already processed, skipping...
INFO:root:Tweet ID 1331804884656599047 already processed, skipping...
INFO:root:Tweet ID 1331804786077933569 already processed, skipping...
INFO:root:Tweet ID 1331804386058756096 already processed, skipping...
INFO:root:Tweet ID 1331804361815711744 already processed, skipping...
INFO:root:Tweet ID 1331804353322217474 already processed, skipping...
INFO:root:Tweet ID 1331803498401460224 already processed, skipping...
INFO:root:Tweet ID 1331802499871895553 already processed, skipping...
INFO:root:Tweet ID 1331801694787821569 already processed, skipping...
INFO:root:Tweet ID 1331800872481927168 already processed, skipping...
INFO:root:Tweet ID 1331800673269243905 already processed, skipping...
INFO:root:Tweet ID 1331800661919404038 already processed, skipping...
INFO:root:Tweet ID 1331800253402652672 already processed, skipping...
INFO:root:Tweet ID 1331799691399483394 already processed, skipping...
INFO:root:Tweet ID 1331798956712599553 already processed, skipping...
INFO:root:Tweet ID 1331798899305156608 already processed, skipping...
INFO:root:Tweet ID 1331796643121926151 already processed, skipping...
INFO:root:Tweet ID 1331795678067105792 already processed, skipping...
INFO:root:Tweet ID 1331794463514128384 already processed, skipping...
INFO:root:Tweet ID 1331793146485862402 already processed, skipping...
INFO:root:Tweet ID 1331792766217695237 already processed, skipping...
INFO:root:Tweet ID 1331792416710553600 already processed, skipping...
INFO:root:Tweet ID 1331792144730873858 already processed, skipping...
INFO:root:Tweet ID 1331787855857848320 already processed, skipping...
INFO:root:Tweet ID 1331787227421159424 already processed, skipping...
INFO:root:Tweet ID 1331786284768112640 already processed, skipping...
INFO:root:Tweet ID 1331785869099986950 already processed, skipping...
INFO:root:Tweet ID 1331785724148912128 already processed, skipping...
INFO:root:Tweet ID 1331785227597979648 already processed, skipping...
INFO:root:Tweet ID 1331784947238117377 already processed, skipping...
INFO:root:Tweet ID 1331783284557275139 already processed, skipping...
INFO:root:Tweet ID 1331780796374368257 already processed, skipping...
INFO:root:Tweet ID 1331780657480077314 already processed, skipping...
INFO:root:Tweet ID 1331780449836937217 already processed, skipping...
INFO:root:Tweet ID 1331779724692033545 already processed, skipping...
INFO:root:Tweet ID 1331779246902140929 already processed, skipping...
INFO:root:Tweet ID 1331776114340065280 already processed, skipping...
INFO:root:Tweet ID 1331773257918377986 already processed, skipping...
INFO:root:Tweet ID 1331772209480814594 already processed, skipping...
INFO:root:Tweet ID 1331770398292267018 already processed, skipping...
INFO:root:Tweet ID 1331770032834142211 already processed, skipping...
INFO:root:Tweet ID 1331769117523800064 already processed, skipping...
INFO:root:Tweet ID 1331768839298818051 already processed, skipping...
INFO:root:Tweet ID 1331768490852818946 already processed, skipping...
INFO:root:Tweet ID 1331766968677003264 already processed, skipping...
INFO:root:Tweet ID 1331764659083501568 already processed, skipping...
INFO:root:Tweet ID 1331764260771389440 already processed, skipping...
INFO:root:Tweet ID 1331764252357627904 already processed, skipping...
INFO:root:Tweet ID 1331763642988171264 already processed, skipping...
INFO:root:Tweet ID 1331761068692082688 already processed, skipping...
INFO:root:Tweet ID 1331760861132836872 already processed, skipping...
INFO:root:Tweet ID 1331760667574099968 already processed, skipping...
INFO:root:Tweet ID 1331759961890725891 already processed, skipping...
INFO:root:Tweet ID 1331759274079432704 already processed, skipping...
INFO:root:Tweet ID 1331758260928606208 already processed, skipping...
INFO:root:Tweet ID 1331757921009623044 already processed, skipping...
INFO:root:Tweet ID 1331757232074215428 already processed, skipping...
INFO:root:Tweet ID 1331757089513828353 already processed, skipping...
INFO:root:Tweet ID 1331756002585292801 already processed, skipping...
INFO:root:Tweet ID 1331753133693874179 already processed, skipping...
INFO:root:Tweet ID 1331752130357637121 already processed, skipping...
INFO:root:Tweet ID 1331751030955139075 already processed, skipping...
INFO:root:Tweet ID 1331750820904378369 already processed, skipping...
INFO:root:Tweet ID 1331750731326611456 already processed, skipping...
INFO:root:Tweet ID 1331749467440246785 already processed, skipping...
INFO:root:Tweet ID 1331749096957284357 already processed, skipping...
INFO:root:Tweet ID 1331747116398604288 already processed, skipping...
INFO:root:Tweet ID 1331746934277672960 already processed, skipping...
INFO:root:Tweet ID 1331746902925307906 already processed, skipping...
INFO:root:Tweet ID 1331746833249529856 already processed, skipping...
INFO:root:Tweet ID 1331745748761849857 already processed, skipping...
INFO:root:Tweet ID 1331745624392347648 already processed, skipping...
INFO:root:Tweet ID 1331744751494770701 already processed, skipping...
INFO:root:Tweet ID 1331744712064118784 already processed, skipping...
INFO:root:Tweet ID 1331744602630615048 already processed, skipping...
INFO:root:Tweet ID 1331740934724259846 already processed, skipping...
INFO:root:Tweet ID 1331740840386064386 already processed, skipping...
INFO:root:Tweet ID 1331740790389956610 already processed, skipping...
INFO:root:Tweet ID 1331740764611731457 already processed, skipping...
INFO:root:Tweet ID 1331740057368195072 already processed, skipping...
INFO:root:Tweet ID 1331739908541739008 already processed, skipping...
INFO:root:Tweet ID 1331739066480660480 already processed, skipping...
INFO:root:Tweet ID 1331738374323879937 already processed, skipping...
INFO:root:Tweet ID 1331738246410330112 already processed, skipping...
INFO:root:Tweet ID 1331738035025809408 already processed, skipping...
INFO:root:Tweet ID 1331737549673467909 already processed, skipping...
INFO:root:Tweet ID 1331736887703207937 already processed, skipping...
INFO:root:Tweet ID 1331736852164915202 already processed, skipping...
INFO:root:Tweet ID 1331736273384591360 already processed, skipping...
INFO:root:Tweet ID 1331735947038367746 already processed, skipping...
INFO:root:Tweet ID 1331735803005988865 already processed, skipping...
INFO:root:Tweet ID 1331735019572912128 already processed, skipping...
INFO:root:Tweet ID 1331734373708795904 already processed, skipping...
INFO:root:Tweet ID 1331733852943953922 already processed, skipping...
INFO:root:Tweet ID 1331733550647873536 already processed, skipping...
INFO:root:Tweet ID 1331733050011512832 already processed, skipping...
INFO:root:Tweet ID 1331732527376166913 already processed, skipping...
INFO:root:Tweet ID 1331730949571309572 already processed, skipping...
INFO:root:Tweet ID 1331730258496778240 already processed, skipping...
INFO:root:Tweet ID 1331730076933636096 already processed, skipping...
INFO:root:Tweet ID 1331729178924814338 already processed, skipping...
INFO:root:Tweet ID 1331728945755152386 already processed, skipping...
INFO:root:Tweet ID 1331728458238615555 already processed, skipping...
INFO:root:Tweet ID 1331728439037075462 already processed, skipping...
INFO:root:Tweet ID 1331728415502848001 already processed, skipping...
INFO:root:Tweet ID 1331728076795830272 already processed, skipping...
INFO:root:Tweet ID 1331728034899111945 already processed, skipping...
INFO:root:Tweet ID 1331727444483694595 already processed, skipping...
INFO:root:Tweet ID 1331727115322966016 already processed, skipping...
INFO:root:Tweet ID 1331726273886949376 already processed, skipping...
INFO:root:Tweet ID 1331723662672744451 already processed, skipping...
INFO:root:Tweet ID 1331722684300922887 already processed, skipping...
INFO:root:Tweet ID 1331722292217475079 already processed, skipping...
INFO:root:Tweet ID 1331721846182567936 already processed, skipping...
INFO:root:Tweet ID 1331720570787012609 already processed, skipping...
INFO:root:Tweet ID 1331720076706328579 already processed, skipping...
INFO:root:Tweet ID 1331719818249183233 already processed, skipping...
INFO:root:Tweet ID 1331719015631360001 already processed, skipping...
INFO:root:Tweet ID 1331718822902939649 already processed, skipping...
INFO:root:Tweet ID 1331718787809374215 already processed, skipping...
INFO:root:Tweet ID 1331718735736885248 already processed, skipping...
INFO:root:Tweet ID 1331718291254095875 already processed, skipping...
INFO:root:Tweet ID 1331717813145243648 already processed, skipping...
INFO:root:Tweet ID 1331717001862123522 already processed, skipping...
INFO:root:Tweet ID 1331716520372822016 already processed, skipping...
INFO:root:Tweet ID 1331716371126874118 already processed, skipping...
INFO:root:Tweet ID 1331715794137444355 already processed, skipping...
INFO:root:Tweet ID 1331715660620107778 already processed, skipping...
INFO:root:Tweet ID 1331714664598810640 already processed, skipping...
INFO:root:Tweet ID 1331713826434281476 already processed, skipping...
INFO:root:Tweet ID 1331713355820752899 already processed, skipping...
INFO:root:Tweet ID 1331713010864443392 already processed, skipping...
INFO:root:Tweet ID 1331712881801515009 already processed, skipping...
INFO:root:Tweet ID 1331712418020347904 already processed, skipping...
INFO:root:Tweet ID 1331711949567037441 already processed, skipping...
INFO:root:Tweet ID 1331711382388154370 already processed, skipping...
INFO:root:Tweet ID 1331711181409628160 already processed, skipping...
INFO:root:Tweet ID 1331711100698718212 already processed, skipping...
INFO:root:Tweet ID 1331710637802569731 already processed, skipping...
INFO:root:Tweet ID 1331710434118918146 already processed, skipping...
INFO:root:Tweet ID 1331710360018178049 already processed, skipping...
INFO:root:Tweet ID 1331710125355257862 already processed, skipping...
INFO:root:Tweet ID 1331709656188805120 already processed, skipping...
INFO:root:Tweet ID 1331709378999836679 already processed, skipping...
INFO:root:Tweet ID 1331708481683001347 already processed, skipping...
INFO:root:Tweet ID 1331708444177551360 already processed, skipping...
INFO:root:Tweet ID 1331708440012607492 already processed, skipping...
INFO:root:Tweet ID 1331708349382070274 already processed, skipping...
INFO:root:Tweet ID 1331708220646318089 already processed, skipping...
INFO:root:Tweet ID 1331707398294171648 already processed, skipping...
INFO:root:Tweet ID 1331707276776894465 already processed, skipping...
INFO:root:Tweet ID 1331707123076640769 already processed, skipping...
INFO:root:Tweet ID 1331707077509734405 already processed, skipping...
INFO:root:Tweet ID 1331706632045211654 already processed, skipping...
INFO:root:Tweet ID 1331706603301724163 already processed, skipping...
INFO:root:Tweet ID 1331706602013921281 already processed, skipping...
INFO:root:Tweet ID 1331706559806590976 already processed, skipping...
INFO:root:Tweet ID 1331706328809676814 already processed, skipping...
INFO:root:Tweet ID 1331706193228783617 already processed, skipping...
INFO:root:Tweet ID 1331705429903233028 already processed, skipping...
INFO:root:Tweet ID 1331705049525886976 already processed, skipping...
INFO:root:Tweet ID 1331704916113440768 already processed, skipping...
INFO:root:Tweet ID 1331704101541982210 already processed, skipping...
INFO:root:Tweet ID 1331703332130459652 already processed, skipping...
INFO:root:Tweet ID 1331702620797460482 already processed, skipping...
INFO:root:Tweet ID 1331700594353070082 already processed, skipping...
INFO:root:Tweet ID 1331700572542660608 already processed, skipping...
INFO:root:Tweet ID 1331700465973661697 already processed, skipping...
INFO:root:Tweet ID 1331699775301775361 already processed, skipping...
INFO:root:Tweet ID 1331699615561895940 already processed, skipping...
INFO:root:Tweet ID 1331698789652971521 already processed, skipping...
INFO:root:Tweet ID 1331698436308152321 already processed, skipping...
INFO:root:Tweet ID 1331698173589417984 already processed, skipping...
INFO:root:Tweet ID 1331697773977219072 already processed, skipping...
INFO:root:Tweet ID 1331697300213739524 already processed, skipping...
INFO:root:Tweet ID 1331697071322226688 already processed, skipping...
INFO:root:Tweet ID 1331697010114785285 already processed, skipping...
INFO:root:Tweet ID 1331696005985693697 already processed, skipping...
INFO:root:Tweet ID 1331695114599718922 already processed, skipping...
INFO:root:Tweet ID 1331694658347552768 already processed, skipping...
INFO:root:Tweet ID 1331694557226930182 already processed, skipping...
INFO:root:Tweet ID 1331694429460176904 already processed, skipping...
INFO:root:Tweet ID 1331694381137498112 already processed, skipping...
INFO:root:Tweet ID 1331694176522575873 already processed, skipping...
INFO:root:Tweet ID 1331694023036309505 already processed, skipping...
INFO:root:Tweet ID 1331692297583546369 already processed, skipping...
INFO:root:Tweet ID 1331691488342904841 already processed, skipping...
INFO:root:Tweet ID 1331691216031854593 already processed, skipping...
INFO:root:Tweet ID 1331689113708335104 already processed, skipping...
INFO:root:Tweet ID 1331688280971210752 already processed, skipping...
INFO:root:Tweet ID 1331688093498421255 already processed, skipping...
INFO:root:Tweet ID 1331687798055854082 already processed, skipping...
INFO:root:Tweet ID 1331687785128869888 already processed, skipping...
INFO:root:Tweet ID 1331687288019976192 already processed, skipping...
INFO:root:Tweet ID 1331686869323575297 already processed, skipping...
INFO:root:Tweet ID 1331684159463407616 already processed, skipping...
INFO:root:Tweet ID 1331683928424452096 already processed, skipping...
INFO:root:Tweet ID 1331683844034949121 already processed, skipping...
INFO:root:Tweet ID 1331683223554969600 already processed, skipping...
INFO:root:Tweet ID 1331683050229551109 already processed, skipping...
INFO:root:Tweet ID 1331681810099695616 already processed, skipping...
INFO:root:Tweet ID 1331681578603438090 already processed, skipping...
INFO:root:Tweet ID 1331681517735702529 already processed, skipping...
INFO:root:Tweet ID 1331680117341507584 already processed, skipping...
INFO:root:Tweet ID 1331679902483972098 already processed, skipping...
INFO:root:Tweet ID 1331677542143598593 already processed, skipping...
INFO:root:Tweet ID 1331676668797329411 already processed, skipping...
INFO:root:Tweet ID 1331676615055613952 already processed, skipping...
INFO:root:Tweet ID 1331676504577740801 already processed, skipping...
INFO:root:Tweet ID 1331675155983044608 already processed, skipping...
INFO:root:Tweet ID 1331674613017944072 already processed, skipping...
INFO:root:Tweet ID 1331674189842042885 already processed, skipping...
INFO:root:Tweet ID 1331674015648407554 already processed, skipping...
INFO:root:Tweet ID 1331673912774713355 already processed, skipping...
INFO:root:Tweet ID 1331672938777513985 already processed, skipping...
INFO:root:Tweet ID 1331671928663400448 already processed, skipping...
INFO:root:Tweet ID 1331671777400008704 already processed, skipping...
INFO:root:Tweet ID 1331671667396005902 already processed, skipping...
INFO:root:Tweet ID 1331671346296868870 already processed, skipping...
INFO:root:Tweet ID 1331671306358689797 already processed, skipping...
INFO:root:Tweet ID 1331671261592907780 already processed, skipping...
INFO:root:Tweet ID 1331670927189405696 already processed, skipping...
INFO:root:Tweet ID 1331670036172447758 already processed, skipping...
INFO:root:Tweet ID 1331668933481537542 already processed, skipping...
INFO:root:Tweet ID 1331668829110489090 already processed, skipping...
INFO:root:Tweet ID 1331668626739486724 already processed, skipping...
INFO:root:Tweet ID 1331666709401526277 already processed, skipping...
INFO:root:Tweet ID 1331666673380839426 already processed, skipping...
INFO:root:Tweet ID 1331666666544123908 already processed, skipping...
INFO:root:Tweet ID 1331666641281835020 already processed, skipping...
INFO:root:Tweet ID 1331662686703251456 already processed, skipping...
INFO:root:Tweet ID 1331660345501421569 already processed, skipping...
INFO:root:Tweet ID 1331660257748250629 already processed, skipping...
INFO:root:Tweet ID 1331660235824640006 already processed, skipping...
INFO:root:Tweet ID 1331658919639355392 already processed, skipping...
INFO:root:Tweet ID 1331658915440979968 already processed, skipping...
INFO:root:Tweet ID 1331658914149109761 already processed, skipping...
INFO:root:Tweet ID 1331658914132336649 already processed, skipping...
INFO:root:Tweet ID 1331658263054733318 already processed, skipping...
INFO:root:Tweet ID 1331658217668096000 already processed, skipping...
INFO:root:Tweet ID 1331657625822367748 already processed, skipping...
INFO:root:Tweet ID 1331653928862277639 already processed, skipping...
INFO:root:Tweet ID 1331653620006154240 already processed, skipping...
INFO:root:Tweet ID 1331652510793175041 already processed, skipping...
INFO:root:Tweet ID 1331651946462240771 already processed, skipping...
INFO:root:Tweet ID 1331651364888317952 already processed, skipping...
INFO:root:Tweet ID 1331649494119833600 already processed, skipping...
INFO:root:Tweet ID 1331649423361929219 already processed, skipping...
INFO:root:Tweet ID 1331649371486777345 already processed, skipping...
INFO:root:Tweet ID 1331648199451357189 already processed, skipping...
INFO:root:Tweet ID 1331643822296600576 already processed, skipping...
INFO:root:Tweet ID 1331643356376666112 already processed, skipping...
INFO:root:Tweet ID 1331642824354312192 already processed, skipping...
INFO:root:Tweet ID 1331641900135309313 already processed, skipping...
INFO:root:Tweet ID 1331641589161205761 already processed, skipping...
INFO:root:Tweet ID 1331641076537577472 already processed, skipping...
INFO:root:Tweet ID 1331641025828413443 already processed, skipping...
INFO:root:Tweet ID 1331640791559774214 already processed, skipping...
INFO:root:Tweet ID 1331639219257794563 already processed, skipping...
INFO:root:Tweet ID 1331637050232238086 already processed, skipping...
INFO:root:Tweet ID 1331636165510918151 already processed, skipping...
INFO:root:Tweet ID 1331635648478941184 already processed, skipping...
INFO:root:Tweet ID 1331633612526137350 already processed, skipping...
INFO:root:Tweet ID 1331633079371304961 already processed, skipping...
INFO:root:Tweet ID 1331632327735316483 already processed, skipping...
INFO:root:Tweet ID 1331632161976414209 already processed, skipping...
INFO:root:Tweet ID 1331630701561716738 already processed, skipping...
INFO:root:Tweet ID 1331630390524727296 already processed, skipping...
INFO:root:Tweet ID 1331630098320154628 already processed, skipping...
INFO:root:Tweet ID 1331629420277342212 already processed, skipping...
INFO:root:Tweet ID 1331628347965595649 already processed, skipping...
INFO:root:Tweet ID 1331628232848846848 already processed, skipping...
INFO:root:Tweet ID 1331626799047053312 already processed, skipping...
INFO:root:Tweet ID 1331625470404734976 already processed, skipping...
INFO:root:Tweet ID 1331625402985553920 already processed, skipping...
INFO:root:Tweet ID 1331624479974297601 already processed, skipping...
INFO:root:Tweet ID 1331624313435287557 already processed, skipping...
INFO:root:Tweet ID 1331623776929374209 already processed, skipping...
INFO:root:Tweet ID 1331622991504007169 already processed, skipping...
INFO:root:Tweet ID 1331622173258166273 already processed, skipping...
INFO:root:Tweet ID 1331620201226493952 already processed, skipping...
INFO:root:Tweet ID 1331620013187469312 already processed, skipping...
INFO:root:Tweet ID 1331618882914832402 already processed, skipping...
INFO:root:Tweet ID 1331617011898716165 already processed, skipping...
INFO:root:Tweet ID 1331615518906834945 already processed, skipping...
INFO:root:Tweet ID 1331615303432888320 already processed, skipping...
INFO:root:Tweet ID 1331613911121014785 already processed, skipping...
INFO:root:Tweet ID 1331613745643139077 already processed, skipping...
INFO:root:Tweet ID 1331613622833995781 already processed, skipping...
INFO:root:Tweet ID 1331613619474161675 already processed, skipping...
INFO:root:Tweet ID 1331613439874256901 already processed, skipping...
INFO:root:Tweet ID 1331611498771144704 already processed, skipping...
INFO:root:Tweet ID 1331610220519415812 already processed, skipping...
INFO:root:Tweet ID 1331609440651534339 already processed, skipping...
INFO:root:Tweet ID 1331609280718508033 already processed, skipping...
INFO:root:Tweet ID 1331608414057881601 already processed, skipping...
INFO:root:Tweet ID 1331607823436943365 already processed, skipping...
INFO:root:Tweet ID 1331607690011873280 already processed, skipping...
INFO:root:Tweet ID 1331606917664346120 already processed, skipping...
INFO:root:Tweet ID 1331602010710437891 already processed, skipping...
INFO:root:Tweet ID 1331601405589807110 already processed, skipping...
INFO:root:Tweet ID 1331599052245520385 already processed, skipping...
INFO:root:Tweet ID 1331597964968665092 already processed, skipping...
INFO:root:Tweet ID 1331597551666040833 already processed, skipping...
INFO:root:Tweet ID 1331596990648553472 already processed, skipping...
INFO:root:Tweet ID 1331596113003032576 already processed, skipping...
INFO:root:Tweet ID 1331594674176483329 already processed, skipping...
INFO:root:Tweet ID 1331594205479792641 already processed, skipping...
INFO:root:Tweet ID 1331594052471500800 already processed, skipping...
INFO:root:Tweet ID 1331593971563376642 already processed, skipping...
INFO:root:Tweet ID 1331593471241687040 already processed, skipping...
INFO:root:Tweet ID 1331591715757711360 already processed, skipping...
INFO:root:Tweet ID 1331591511172128768 already processed, skipping...
INFO:root:Tweet ID 1331591331018321921 already processed, skipping...
INFO:root:Tweet ID 1331591010913300481 already processed, skipping...
INFO:root:Tweet ID 1331590931070545921 already processed, skipping...
INFO:root:Tweet ID 1331590827844440066 already processed, skipping...
INFO:root:Tweet ID 1331590014950649856 already processed, skipping...
INFO:root:Tweet ID 1331586274713427968 already processed, skipping...
INFO:root:Tweet ID 1331581472118087680 already processed, skipping...
INFO:root:Tweet ID 1331581424290435074 already processed, skipping...
INFO:root:Tweet ID 1331580912849522693 already processed, skipping...
INFO:root:Tweet ID 1331575743059529728 already processed, skipping...
INFO:root:Tweet ID 1331575253764608003 already processed, skipping...
INFO:root:Tweet ID 1331574308993445888 already processed, skipping...
INFO:root:Tweet ID 1331573298736533507 already processed, skipping...
INFO:root:Tweet ID 1331572813736652800 already processed, skipping...
INFO:root:Tweet ID 1331571432703266820 already processed, skipping...
INFO:root:Tweet ID 1331552625142198280 already processed, skipping...
INFO:root:Tweet ID 1331551871916498945 already processed, skipping...
INFO:root:Tweet ID 1331539029582635009 already processed, skipping...
INFO:root:Tweet ID 1331535272685621252 already processed, skipping...
INFO:root:Tweet ID 1331488660685025281 already processed, skipping...
INFO:root:Tweet ID 1331480082095988741 already processed, skipping...
INFO:root:Tweet ID 1331467426546864128 already processed, skipping...
INFO:root:Tweet ID 1331457362989899778 already processed, skipping...
INFO:root:Tweet ID 1331452786584772613 already processed, skipping...
INFO:root:Tweet ID 1331451464376578049 already processed, skipping...
INFO:root:Tweet ID 1331449333116403712 already processed, skipping...
INFO:root:Tweet ID 1331444017570181121 already processed, skipping...
INFO:root:Tweet ID 1331441288969916416 already processed, skipping...
INFO:root:Tweet ID 1331435820595732481 already processed, skipping...
INFO:root:Tweet ID 1331433354353381376 already processed, skipping...
INFO:root:Tweet ID 1331427764218589185 already processed, skipping...
INFO:root:Tweet ID 1331427749555220480 already processed, skipping...
INFO:root:Tweet ID 1331426897906036737 already processed, skipping...
INFO:root:Tweet ID 1331422305474502656 already processed, skipping...
INFO:root:Tweet ID 1331422108690288640 already processed, skipping...
INFO:root:Tweet ID 1331421333943676929 already processed, skipping...
INFO:root:Tweet ID 1331418117784956929 already processed, skipping...
INFO:root:Tweet ID 1331418069177131013 already processed, skipping...
INFO:root:Tweet ID 1331417375741243392 already processed, skipping...
INFO:root:Tweet ID 1331413358915031041 already processed, skipping...
INFO:root:Tweet ID 1331408583523753984 already processed, skipping...
INFO:root:Tweet ID 1331406950010150912 already processed, skipping...
INFO:root:Tweet ID 1331404962400755712 already processed, skipping...
INFO:root:Tweet ID 1331403562916700162 already processed, skipping...
INFO:root:Tweet ID 1331401132334342144 already processed, skipping...
INFO:root:Tweet ID 1331399996265160704 already processed, skipping...
INFO:root:Tweet ID 1331399826722992129 already processed, skipping...
INFO:root:Tweet ID 1331399413416255489 already processed, skipping...
INFO:root:Tweet ID 1331398203401506817 already processed, skipping...
INFO:root:Tweet ID 1331397233682616321 already processed, skipping...
INFO:root:Tweet ID 1331391865036419072 already processed, skipping...
INFO:root:Tweet ID 1331387152869953538 already processed, skipping...
INFO:root:Tweet ID 1331385574175989761 already processed, skipping...
INFO:root:Tweet ID 1331372680033996801 already processed, skipping...
INFO:root:Tweet ID 1331360419580141568 already processed, skipping...
INFO:root:Tweet ID 1331358031427350529 already processed, skipping...
INFO:root:Tweet ID 1331341960951566341 already processed, skipping...
INFO:root:Tweet ID 1331339434487214081 already processed, skipping...
INFO:root:Tweet ID 1331332478494236672 already processed, skipping...
INFO:root:Tweet ID 1331328951847964673 already processed, skipping...
INFO:root:Tweet ID 1331328402251534336 already processed, skipping...
INFO:root:Tweet ID 1331326733711241217 already processed, skipping...
INFO:root:Tweet ID 1331326514097479682 already processed, skipping...
INFO:root:Tweet ID 1331322896589811712 already processed, skipping...
INFO:root:Tweet ID 1331319988439879680 already processed, skipping...
INFO:root:Tweet ID 1331318245987643392 already processed, skipping...
INFO:root:Tweet ID 1331316473944485888 already processed, skipping...
INFO:root:Tweet ID 1331315507761451011 already processed, skipping...
INFO:root:Tweet ID 1331312281225924613 already processed, skipping...
INFO:root:Tweet ID 1331305352994942976 already processed, skipping...
INFO:root:Tweet ID 1331304327604912128 already processed, skipping...
INFO:root:Tweet ID 1331303584185638915 already processed, skipping...
INFO:root:Tweet ID 1331300621237055491 already processed, skipping...
INFO:root:Tweet ID 1331296798695170051 already processed, skipping...
INFO:root:Tweet ID 1331296507438399490 already processed, skipping...
INFO:root:Tweet ID 1331294832271175686 already processed, skipping...
INFO:root:Tweet ID 1331291491088535552 already processed, skipping...
INFO:root:Tweet ID 1331290449978462212 already processed, skipping...
INFO:root:Tweet ID 1331284195826688006 already processed, skipping...
INFO:root:Tweet ID 1331281369880735747 already processed, skipping...
INFO:root:Tweet ID 1331280115150544898 already processed, skipping...
INFO:root:Tweet ID 1331274267187560448 already processed, skipping...
INFO:root:Tweet ID 1331266543892770821 already processed, skipping...
INFO:root:Tweet ID 1331264738953719808 already processed, skipping...
INFO:root:Tweet ID 1331262694570287109 already processed, skipping...
INFO:root:Tweet ID 1331261504860119041 already processed, skipping...
INFO:root:Tweet ID 1331260737910673413 already processed, skipping...
INFO:root:Tweet ID 1331260013244002305 already processed, skipping...
INFO:root:Tweet ID 1331258175727824905 already processed, skipping...
INFO:root:Tweet ID 1331254361754832898 already processed, skipping...
INFO:root:Tweet ID 1331247348626960384 already processed, skipping...
INFO:root:Tweet ID 1331241826158845957 already processed, skipping...
INFO:root:Tweet ID 1331236841664749575 already processed, skipping...
INFO:root:Tweet ID 1331227824879849474 already processed, skipping...
INFO:root:Tweet ID 1331224622067560449 already processed, skipping...
INFO:root:Tweet ID 1331224478429437953 already processed, skipping...
INFO:root:Tweet ID 1331221408404398084 already processed, skipping...
INFO:root:Tweet ID 1331221224240934912 already processed, skipping...
INFO:root:Tweet ID 1331218479781793799 already processed, skipping...
INFO:root:Tweet ID 1331213292526850050 already processed, skipping...
INFO:root:Tweet ID 1331212146609451009 already processed, skipping...
INFO:root:Tweet ID 1331210173197783044 already processed, skipping...
INFO:root:Tweet ID 1331209934235717633 already processed, skipping...
INFO:root:Tweet ID 1331208565374246913 already processed, skipping...
INFO:root:Tweet ID 1331204278954889216 already processed, skipping...
INFO:root:Tweet ID 1331202515208077312 already processed, skipping...
INFO:root:Tweet ID 1331187136201158659 already processed, skipping...
INFO:root:Tweet ID 1331187085739511814 already processed, skipping...
INFO:root:Tweet ID 1331154621654589441 already processed, skipping...
INFO:root:Tweet ID 1331134391804956672 already processed, skipping...
INFO:root:Tweet ID 1331118310705008641 already processed, skipping...
INFO:root:Tweet ID 1331082925828427782 already processed, skipping...
INFO:root:Tweet ID 1331082201056866305 already processed, skipping...
INFO:root:Tweet ID 1331078229692649472 already processed, skipping...
INFO:root:Tweet ID 1331072803383234560 already processed, skipping...
INFO:root:Tweet ID 1331072637544566784 already processed, skipping...
INFO:root:Tweet ID 1331059423075250182 already processed, skipping...
INFO:root:Tweet ID 1331054947903950850 already processed, skipping...
INFO:root:Tweet ID 1331053134802690051 already processed, skipping...
INFO:root:Tweet ID 1331052406998671361 already processed, skipping...
INFO:root:Tweet ID 1331036525774000128 already processed, skipping...
INFO:root:Tweet ID 1331036097128796160 already processed, skipping...
INFO:root:Tweet ID 1331033478914322435 already processed, skipping...
INFO:root:Tweet ID 1331006806479540231 already processed, skipping...
INFO:root:Tweet ID 1331005907333996546 already processed, skipping...
INFO:root:Tweet ID 1330995638880890882 already processed, skipping...
INFO:root:Tweet ID 1330994642582646788 already processed, skipping...
INFO:root:Tweet ID 1330993169207595013 already processed, skipping...
INFO:root:Tweet ID 1330992214441340929 already processed, skipping...
INFO:root:Tweet ID 1330979460179505152 already processed, skipping...
INFO:root:Tweet ID 1330974510707843075 already processed, skipping...
INFO:root:Tweet ID 1330956253770747906 already processed, skipping...
INFO:root:Tweet ID 1330940550212673537 already processed, skipping...
INFO:root:Tweet ID 1330940047420502017 already processed, skipping...
INFO:root:Tweet ID 1330932507206828032 already processed, skipping...
INFO:root:Tweet ID 1330925763651121156 already processed, skipping...
INFO:root:Tweet ID 1330922818654048256 already processed, skipping...
INFO:root:Tweet ID 1330920705169436676 already processed, skipping...
INFO:root:Tweet ID 1330920187416219651 already processed, skipping...
INFO:root:Tweet ID 1330920082776711174 already processed, skipping...
INFO:root:Tweet ID 1330918000724221954 already processed, skipping...
INFO:root:Tweet ID 1330915807040315393 already processed, skipping...
INFO:root:Tweet ID 1330914451755839488 already processed, skipping...
INFO:root:Tweet ID 1330914393475985410 already processed, skipping...
INFO:root:Tweet ID 1330913936087113735 already processed, skipping...
INFO:root:Tweet ID 1330910413471543296 already processed, skipping...
INFO:root:Tweet ID 1330910370316345347 already processed, skipping...
INFO:root:Tweet ID 1330910265060315137 already processed, skipping...
INFO:root:Tweet ID 1330904701605474304 already processed, skipping...
INFO:root:Tweet ID 1330903885460942855 already processed, skipping...
INFO:root:Tweet ID 1330903728161959937 already processed, skipping...
INFO:root:Tweet ID 1330899940730691598 already processed, skipping...
INFO:root:Tweet ID 1330898602626060288 already processed, skipping...
INFO:root:Tweet ID 1330897460231860228 already processed, skipping...
INFO:root:Tweet ID 1330896436624547849 already processed, skipping...
INFO:root:Tweet ID 1330895032866500615 already processed, skipping...
INFO:root:Tweet ID 1330895002344464385 already processed, skipping...
INFO:root:Tweet ID 1330893079398768645 already processed, skipping...
INFO:root:Tweet ID 1330892547493912576 already processed, skipping...
INFO:root:Tweet ID 1330890043477667840 already processed, skipping...
INFO:root:Tweet ID 1330888947048845312 already processed, skipping...
INFO:root:Tweet ID 1330887462567223297 already processed, skipping...
INFO:root:Tweet ID 1330886780556615680 already processed, skipping...
INFO:root:Tweet ID 1330886345577918469 already processed, skipping...
INFO:root:Tweet ID 1330885340916310016 already processed, skipping...
INFO:root:Tweet ID 1330877351572480000 already processed, skipping...
INFO:root:Tweet ID 1330874979605499909 already processed, skipping...
INFO:root:Tweet ID 1330861503625490432 already processed, skipping...
INFO:root:Tweet ID 1330860811414368259 already processed, skipping...
INFO:root:Tweet ID 1330860717638037504 already processed, skipping...
INFO:root:Tweet ID 1330859013920079875 already processed, skipping...
INFO:root:Tweet ID 1330853511131754500 already processed, skipping...
INFO:root:Tweet ID 1330850406574993408 already processed, skipping...
INFO:root:Tweet ID 1330841853957173251 already processed, skipping...
INFO:root:Tweet ID 1330758440117997573 already processed, skipping...
INFO:root:Tweet ID 1330711544674594818 already processed, skipping...
INFO:root:Tweet ID 1330639229748129800 already processed, skipping...
INFO:root:Tweet ID 1330633336415522817 already processed, skipping...
INFO:root:Tweet ID 1330623431319105538 already processed, skipping...
INFO:root:Tweet ID 1330619244627845120 already processed, skipping...
INFO:root:Tweet ID 1330617463067856896 already processed, skipping...
INFO:root:Tweet ID 1330613972702150657 already processed, skipping...
INFO:root:Tweet ID 1330613901243731968 already processed, skipping...
INFO:root:Tweet ID 1330601472300642312 already processed, skipping...
INFO:root:Tweet ID 1330597108227977217 already processed, skipping...
INFO:root:Tweet ID 1330591609109446656 already processed, skipping...
INFO:root:Tweet ID 1330591099082174469 already processed, skipping...
INFO:root:Tweet ID 1330584340800167937 already processed, skipping...
INFO:root:Tweet ID 1330574473477677056 already processed, skipping...
INFO:root:Tweet ID 1330573603058937857 already processed, skipping...
INFO:root:Tweet ID 1330571787822829570 already processed, skipping...
INFO:root:Tweet ID 1330569744768851974 already processed, skipping...
