INFO:root:Start: 5_preprocess_training_tweets.py 
INFO:root:Processing tweets from source: sanders
INFO:root:Processing tweets from source: semeval
INFO:root:Processing tweets from source: clarin13
INFO:root:Processing tweets from source: hcr
INFO:root:Processing tweets from source: omd
INFO:root:Processing tweets from source: stanford
INFO:root:Processing tweets from source: manual
DEBUG:root:	-	Processing Tweet 1/1001
DEBUG:root:	-	Processing Tweet 2/1001
DEBUG:root:	-	Processing Tweet 3/1001
DEBUG:root:	-	Processing Tweet 4/1001
DEBUG:root:	-	Processing Tweet 5/1001
DEBUG:root:	-	Processing Tweet 6/1001
DEBUG:root:	-	Processing Tweet 7/1001
DEBUG:root:	-	Processing Tweet 8/1001
DEBUG:root:	-	Processing Tweet 9/1001
DEBUG:root:	-	Processing Tweet 10/1001
DEBUG:root:	-	Processing Tweet 11/1001
DEBUG:root:	-	Processing Tweet 12/1001
DEBUG:root:	-	Processing Tweet 13/1001
DEBUG:root:	-	Processing Tweet 14/1001
DEBUG:root:	-	Processing Tweet 15/1001
DEBUG:root:	-	Processing Tweet 16/1001
DEBUG:root:	-	Processing Tweet 17/1001
DEBUG:root:	-	Processing Tweet 18/1001
DEBUG:root:	-	Processing Tweet 19/1001
DEBUG:root:	-	Processing Tweet 20/1001
DEBUG:root:	-	Processing Tweet 21/1001
DEBUG:root:	-	Processing Tweet 22/1001
DEBUG:root:	-	Processing Tweet 23/1001
DEBUG:root:	-	Processing Tweet 24/1001
DEBUG:root:	-	Processing Tweet 25/1001
DEBUG:root:	-	Processing Tweet 26/1001
DEBUG:root:	-	Processing Tweet 27/1001
DEBUG:root:	-	Processing Tweet 28/1001
DEBUG:root:	-	Processing Tweet 29/1001
DEBUG:root:	-	Processing Tweet 30/1001
DEBUG:root:	-	Processing Tweet 31/1001
DEBUG:root:	-	Processing Tweet 32/1001
DEBUG:root:	-	Processing Tweet 33/1001
DEBUG:root:	-	Processing Tweet 34/1001
DEBUG:root:	-	Processing Tweet 35/1001
DEBUG:root:	-	Processing Tweet 36/1001
DEBUG:root:	-	Processing Tweet 37/1001
DEBUG:root:	-	Processing Tweet 38/1001
DEBUG:root:	-	Processing Tweet 39/1001
DEBUG:root:	-	Processing Tweet 40/1001
DEBUG:root:	-	Processing Tweet 41/1001
DEBUG:root:	-	Processing Tweet 42/1001
DEBUG:root:	-	Processing Tweet 43/1001
DEBUG:root:	-	Processing Tweet 44/1001
DEBUG:root:	-	Processing Tweet 45/1001
DEBUG:root:	-	Processing Tweet 46/1001
DEBUG:root:	-	Processing Tweet 47/1001
DEBUG:root:	-	Processing Tweet 48/1001
DEBUG:root:	-	Processing Tweet 49/1001
DEBUG:root:	-	Processing Tweet 50/1001
DEBUG:root:	-	Processing Tweet 51/1001
DEBUG:root:	-	Processing Tweet 52/1001
DEBUG:root:	-	Processing Tweet 53/1001
DEBUG:root:	-	Processing Tweet 54/1001
DEBUG:root:	-	Processing Tweet 55/1001
DEBUG:root:	-	Processing Tweet 56/1001
DEBUG:root:	-	Processing Tweet 57/1001
DEBUG:root:	-	Processing Tweet 58/1001
DEBUG:root:	-	Processing Tweet 59/1001
DEBUG:root:	-	Processing Tweet 60/1001
DEBUG:root:	-	Processing Tweet 61/1001
DEBUG:root:	-	Processing Tweet 62/1001
DEBUG:root:	-	Processing Tweet 63/1001
DEBUG:root:	-	Processing Tweet 64/1001
DEBUG:root:	-	Processing Tweet 65/1001
DEBUG:root:	-	Processing Tweet 66/1001
DEBUG:root:	-	Processing Tweet 67/1001
DEBUG:root:	-	Processing Tweet 68/1001
DEBUG:root:	-	Processing Tweet 69/1001
DEBUG:root:	-	Processing Tweet 70/1001
DEBUG:root:	-	Processing Tweet 71/1001
DEBUG:root:	-	Processing Tweet 72/1001
DEBUG:root:	-	Processing Tweet 73/1001
DEBUG:root:	-	Processing Tweet 74/1001
DEBUG:root:	-	Processing Tweet 75/1001
DEBUG:root:	-	Processing Tweet 76/1001
DEBUG:root:	-	Processing Tweet 77/1001
DEBUG:root:	-	Processing Tweet 78/1001
DEBUG:root:	-	Processing Tweet 79/1001
DEBUG:root:	-	Processing Tweet 80/1001
DEBUG:root:	-	Processing Tweet 81/1001
DEBUG:root:	-	Processing Tweet 82/1001
DEBUG:root:	-	Processing Tweet 83/1001
DEBUG:root:	-	Processing Tweet 84/1001
DEBUG:root:	-	Processing Tweet 85/1001
DEBUG:root:	-	Processing Tweet 86/1001
DEBUG:root:	-	Processing Tweet 87/1001
DEBUG:root:	-	Processing Tweet 88/1001
DEBUG:root:	-	Processing Tweet 89/1001
DEBUG:root:	-	Processing Tweet 90/1001
DEBUG:root:	-	Processing Tweet 91/1001
DEBUG:root:	-	Processing Tweet 92/1001
DEBUG:root:	-	Processing Tweet 93/1001
DEBUG:root:	-	Processing Tweet 94/1001
DEBUG:root:	-	Processing Tweet 95/1001
DEBUG:root:	-	Processing Tweet 96/1001
DEBUG:root:	-	Processing Tweet 97/1001
DEBUG:root:	-	Processing Tweet 98/1001
DEBUG:root:	-	Processing Tweet 99/1001
DEBUG:root:	-	Processing Tweet 100/1001
DEBUG:root:	-	Processing Tweet 101/1001
DEBUG:root:	-	Processing Tweet 102/1001
DEBUG:root:	-	Processing Tweet 103/1001
DEBUG:root:	-	Processing Tweet 104/1001
DEBUG:root:	-	Processing Tweet 105/1001
DEBUG:root:	-	Processing Tweet 106/1001
DEBUG:root:	-	Processing Tweet 107/1001
DEBUG:root:	-	Processing Tweet 108/1001
DEBUG:root:	-	Processing Tweet 109/1001
DEBUG:root:	-	Processing Tweet 110/1001
DEBUG:root:	-	Processing Tweet 111/1001
DEBUG:root:	-	Processing Tweet 112/1001
DEBUG:root:	-	Processing Tweet 113/1001
DEBUG:root:	-	Processing Tweet 114/1001
DEBUG:root:	-	Processing Tweet 115/1001
DEBUG:root:	-	Processing Tweet 116/1001
DEBUG:root:	-	Processing Tweet 117/1001
DEBUG:root:	-	Processing Tweet 118/1001
DEBUG:root:	-	Processing Tweet 119/1001
DEBUG:root:	-	Processing Tweet 120/1001
DEBUG:root:	-	Processing Tweet 121/1001
DEBUG:root:	-	Processing Tweet 122/1001
DEBUG:root:	-	Processing Tweet 123/1001
DEBUG:root:	-	Processing Tweet 124/1001
DEBUG:root:	-	Processing Tweet 125/1001
DEBUG:root:	-	Processing Tweet 126/1001
DEBUG:root:	-	Processing Tweet 127/1001
DEBUG:root:	-	Processing Tweet 128/1001
DEBUG:root:	-	Processing Tweet 129/1001
DEBUG:root:	-	Processing Tweet 130/1001
DEBUG:root:	-	Processing Tweet 131/1001
DEBUG:root:	-	Processing Tweet 132/1001
DEBUG:root:	-	Processing Tweet 133/1001
DEBUG:root:	-	Processing Tweet 134/1001
DEBUG:root:	-	Processing Tweet 135/1001
DEBUG:root:	-	Processing Tweet 136/1001
DEBUG:root:	-	Processing Tweet 137/1001
DEBUG:root:	-	Processing Tweet 138/1001
DEBUG:root:	-	Processing Tweet 139/1001
DEBUG:root:	-	Processing Tweet 140/1001
DEBUG:root:	-	Processing Tweet 141/1001
DEBUG:root:	-	Processing Tweet 142/1001
DEBUG:root:	-	Processing Tweet 143/1001
DEBUG:root:	-	Processing Tweet 144/1001
DEBUG:root:	-	Processing Tweet 145/1001
DEBUG:root:	-	Processing Tweet 146/1001
DEBUG:root:	-	Processing Tweet 147/1001
DEBUG:root:	-	Processing Tweet 148/1001
DEBUG:root:	-	Processing Tweet 149/1001
DEBUG:root:	-	Processing Tweet 150/1001
DEBUG:root:	-	Processing Tweet 151/1001
DEBUG:root:	-	Processing Tweet 152/1001
DEBUG:root:	-	Processing Tweet 153/1001
DEBUG:root:	-	Processing Tweet 154/1001
DEBUG:root:	-	Processing Tweet 155/1001
DEBUG:root:	-	Processing Tweet 156/1001
DEBUG:root:	-	Processing Tweet 157/1001
DEBUG:root:	-	Processing Tweet 158/1001
DEBUG:root:	-	Processing Tweet 159/1001
DEBUG:root:	-	Processing Tweet 160/1001
DEBUG:root:	-	Processing Tweet 161/1001
DEBUG:root:	-	Processing Tweet 162/1001
DEBUG:root:	-	Processing Tweet 163/1001
DEBUG:root:	-	Processing Tweet 164/1001
DEBUG:root:	-	Processing Tweet 165/1001
DEBUG:root:	-	Processing Tweet 166/1001
DEBUG:root:	-	Processing Tweet 167/1001
DEBUG:root:	-	Processing Tweet 168/1001
DEBUG:root:	-	Processing Tweet 169/1001
DEBUG:root:	-	Processing Tweet 170/1001
DEBUG:root:	-	Processing Tweet 171/1001
DEBUG:root:	-	Processing Tweet 172/1001
DEBUG:root:	-	Processing Tweet 173/1001
DEBUG:root:	-	Processing Tweet 174/1001
DEBUG:root:	-	Processing Tweet 175/1001
DEBUG:root:	-	Processing Tweet 176/1001
DEBUG:root:	-	Processing Tweet 177/1001
DEBUG:root:	-	Processing Tweet 178/1001
DEBUG:root:	-	Processing Tweet 179/1001
DEBUG:root:	-	Processing Tweet 180/1001
DEBUG:root:	-	Processing Tweet 181/1001
DEBUG:root:	-	Processing Tweet 182/1001
DEBUG:root:	-	Processing Tweet 183/1001
DEBUG:root:	-	Processing Tweet 184/1001
DEBUG:root:	-	Processing Tweet 185/1001
DEBUG:root:	-	Processing Tweet 186/1001
DEBUG:root:	-	Processing Tweet 187/1001
DEBUG:root:	-	Processing Tweet 188/1001
DEBUG:root:	-	Processing Tweet 189/1001
DEBUG:root:	-	Processing Tweet 190/1001
DEBUG:root:	-	Processing Tweet 191/1001
DEBUG:root:	-	Processing Tweet 192/1001
DEBUG:root:	-	Processing Tweet 193/1001
DEBUG:root:	-	Processing Tweet 194/1001
DEBUG:root:	-	Processing Tweet 195/1001
DEBUG:root:	-	Processing Tweet 196/1001
DEBUG:root:	-	Processing Tweet 197/1001
DEBUG:root:	-	Processing Tweet 198/1001
DEBUG:root:	-	Processing Tweet 199/1001
DEBUG:root:	-	Processing Tweet 200/1001
DEBUG:root:	-	Processing Tweet 201/1001
DEBUG:root:	-	Processing Tweet 202/1001
DEBUG:root:	-	Processing Tweet 203/1001
DEBUG:root:	-	Processing Tweet 204/1001
DEBUG:root:	-	Processing Tweet 205/1001
DEBUG:root:	-	Processing Tweet 206/1001
DEBUG:root:	-	Processing Tweet 207/1001
DEBUG:root:	-	Processing Tweet 208/1001
DEBUG:root:	-	Processing Tweet 209/1001
DEBUG:root:	-	Processing Tweet 210/1001
DEBUG:root:	-	Processing Tweet 211/1001
DEBUG:root:	-	Processing Tweet 212/1001
DEBUG:root:	-	Processing Tweet 213/1001
DEBUG:root:	-	Processing Tweet 214/1001
DEBUG:root:	-	Processing Tweet 215/1001
DEBUG:root:	-	Processing Tweet 216/1001
DEBUG:root:	-	Processing Tweet 217/1001
DEBUG:root:	-	Processing Tweet 218/1001
DEBUG:root:	-	Processing Tweet 219/1001
DEBUG:root:	-	Processing Tweet 220/1001
DEBUG:root:	-	Processing Tweet 221/1001
DEBUG:root:	-	Processing Tweet 222/1001
DEBUG:root:	-	Processing Tweet 223/1001
DEBUG:root:	-	Processing Tweet 224/1001
DEBUG:root:	-	Processing Tweet 225/1001
DEBUG:root:	-	Processing Tweet 226/1001
DEBUG:root:	-	Processing Tweet 227/1001
DEBUG:root:	-	Processing Tweet 228/1001
DEBUG:root:	-	Processing Tweet 229/1001
DEBUG:root:	-	Processing Tweet 230/1001
DEBUG:root:	-	Processing Tweet 231/1001
DEBUG:root:	-	Processing Tweet 232/1001
DEBUG:root:	-	Processing Tweet 233/1001
DEBUG:root:	-	Processing Tweet 234/1001
DEBUG:root:	-	Processing Tweet 235/1001
DEBUG:root:	-	Processing Tweet 236/1001
DEBUG:root:	-	Processing Tweet 237/1001
DEBUG:root:	-	Processing Tweet 238/1001
DEBUG:root:	-	Processing Tweet 239/1001
DEBUG:root:	-	Processing Tweet 240/1001
DEBUG:root:	-	Processing Tweet 241/1001
DEBUG:root:	-	Processing Tweet 242/1001
DEBUG:root:	-	Processing Tweet 243/1001
DEBUG:root:	-	Processing Tweet 244/1001
DEBUG:root:	-	Processing Tweet 245/1001
DEBUG:root:	-	Processing Tweet 246/1001
DEBUG:root:	-	Processing Tweet 247/1001
DEBUG:root:	-	Processing Tweet 248/1001
DEBUG:root:	-	Processing Tweet 249/1001
DEBUG:root:	-	Processing Tweet 250/1001
DEBUG:root:	-	Processing Tweet 251/1001
DEBUG:root:	-	Processing Tweet 252/1001
DEBUG:root:	-	Processing Tweet 253/1001
DEBUG:root:	-	Processing Tweet 254/1001
DEBUG:root:	-	Processing Tweet 255/1001
DEBUG:root:	-	Processing Tweet 256/1001
DEBUG:root:	-	Processing Tweet 257/1001
DEBUG:root:	-	Processing Tweet 258/1001
DEBUG:root:	-	Processing Tweet 259/1001
DEBUG:root:	-	Processing Tweet 260/1001
DEBUG:root:	-	Processing Tweet 261/1001
DEBUG:root:	-	Processing Tweet 262/1001
DEBUG:root:	-	Processing Tweet 263/1001
DEBUG:root:	-	Processing Tweet 264/1001
DEBUG:root:	-	Processing Tweet 265/1001
DEBUG:root:	-	Processing Tweet 266/1001
DEBUG:root:	-	Processing Tweet 267/1001
DEBUG:root:	-	Processing Tweet 268/1001
DEBUG:root:	-	Processing Tweet 269/1001
DEBUG:root:	-	Processing Tweet 270/1001
DEBUG:root:	-	Processing Tweet 271/1001
DEBUG:root:	-	Processing Tweet 272/1001
DEBUG:root:	-	Processing Tweet 273/1001
DEBUG:root:	-	Processing Tweet 274/1001
DEBUG:root:	-	Processing Tweet 275/1001
DEBUG:root:	-	Processing Tweet 276/1001
DEBUG:root:	-	Processing Tweet 277/1001
DEBUG:root:	-	Processing Tweet 278/1001
DEBUG:root:	-	Processing Tweet 279/1001
DEBUG:root:	-	Processing Tweet 280/1001
DEBUG:root:	-	Processing Tweet 281/1001
DEBUG:root:	-	Processing Tweet 282/1001
DEBUG:root:	-	Processing Tweet 283/1001
DEBUG:root:	-	Processing Tweet 284/1001
DEBUG:root:	-	Processing Tweet 285/1001
DEBUG:root:	-	Processing Tweet 286/1001
DEBUG:root:	-	Processing Tweet 287/1001
DEBUG:root:	-	Processing Tweet 288/1001
DEBUG:root:	-	Processing Tweet 289/1001
DEBUG:root:	-	Processing Tweet 290/1001
DEBUG:root:	-	Processing Tweet 291/1001
DEBUG:root:	-	Processing Tweet 292/1001
DEBUG:root:	-	Processing Tweet 293/1001
DEBUG:root:	-	Processing Tweet 294/1001
DEBUG:root:	-	Processing Tweet 295/1001
DEBUG:root:	-	Processing Tweet 296/1001
DEBUG:root:	-	Processing Tweet 297/1001
DEBUG:root:	-	Processing Tweet 298/1001
DEBUG:root:	-	Processing Tweet 299/1001
DEBUG:root:	-	Processing Tweet 300/1001
DEBUG:root:	-	Processing Tweet 301/1001
DEBUG:root:	-	Processing Tweet 302/1001
DEBUG:root:	-	Processing Tweet 303/1001
DEBUG:root:	-	Processing Tweet 304/1001
DEBUG:root:	-	Processing Tweet 305/1001
DEBUG:root:	-	Processing Tweet 306/1001
DEBUG:root:	-	Processing Tweet 307/1001
DEBUG:root:	-	Processing Tweet 308/1001
DEBUG:root:	-	Processing Tweet 309/1001
DEBUG:root:	-	Processing Tweet 310/1001
DEBUG:root:	-	Processing Tweet 311/1001
DEBUG:root:	-	Processing Tweet 312/1001
DEBUG:root:	-	Processing Tweet 313/1001
DEBUG:root:	-	Processing Tweet 314/1001
DEBUG:root:	-	Processing Tweet 315/1001
DEBUG:root:	-	Processing Tweet 316/1001
DEBUG:root:	-	Processing Tweet 317/1001
DEBUG:root:	-	Processing Tweet 318/1001
DEBUG:root:	-	Processing Tweet 319/1001
DEBUG:root:	-	Processing Tweet 320/1001
DEBUG:root:	-	Processing Tweet 321/1001
DEBUG:root:	-	Processing Tweet 322/1001
DEBUG:root:	-	Processing Tweet 323/1001
DEBUG:root:	-	Processing Tweet 324/1001
DEBUG:root:	-	Processing Tweet 325/1001
DEBUG:root:	-	Processing Tweet 326/1001
DEBUG:root:	-	Processing Tweet 327/1001
DEBUG:root:	-	Processing Tweet 328/1001
DEBUG:root:	-	Processing Tweet 329/1001
DEBUG:root:	-	Processing Tweet 330/1001
DEBUG:root:	-	Processing Tweet 331/1001
DEBUG:root:	-	Processing Tweet 332/1001
DEBUG:root:	-	Processing Tweet 333/1001
DEBUG:root:	-	Processing Tweet 334/1001
DEBUG:root:	-	Processing Tweet 335/1001
DEBUG:root:	-	Processing Tweet 336/1001
DEBUG:root:	-	Processing Tweet 337/1001
DEBUG:root:	-	Processing Tweet 338/1001
DEBUG:root:	-	Processing Tweet 339/1001
DEBUG:root:	-	Processing Tweet 340/1001
DEBUG:root:	-	Processing Tweet 341/1001
DEBUG:root:	-	Processing Tweet 342/1001
DEBUG:root:	-	Processing Tweet 343/1001
DEBUG:root:	-	Processing Tweet 344/1001
DEBUG:root:	-	Processing Tweet 345/1001
DEBUG:root:	-	Processing Tweet 346/1001
DEBUG:root:	-	Processing Tweet 347/1001
DEBUG:root:	-	Processing Tweet 348/1001
DEBUG:root:	-	Processing Tweet 349/1001
DEBUG:root:	-	Processing Tweet 350/1001
DEBUG:root:	-	Processing Tweet 351/1001
DEBUG:root:	-	Processing Tweet 352/1001
DEBUG:root:	-	Processing Tweet 353/1001
DEBUG:root:	-	Processing Tweet 354/1001
DEBUG:root:	-	Processing Tweet 355/1001
DEBUG:root:	-	Processing Tweet 356/1001
DEBUG:root:	-	Processing Tweet 357/1001
DEBUG:root:	-	Processing Tweet 358/1001
DEBUG:root:	-	Processing Tweet 359/1001
DEBUG:root:	-	Processing Tweet 360/1001
DEBUG:root:	-	Processing Tweet 361/1001
DEBUG:root:	-	Processing Tweet 362/1001
DEBUG:root:	-	Processing Tweet 363/1001
DEBUG:root:	-	Processing Tweet 364/1001
DEBUG:root:	-	Processing Tweet 365/1001
DEBUG:root:	-	Processing Tweet 366/1001
DEBUG:root:	-	Processing Tweet 367/1001
DEBUG:root:	-	Processing Tweet 368/1001
DEBUG:root:	-	Processing Tweet 369/1001
DEBUG:root:	-	Processing Tweet 370/1001
DEBUG:root:	-	Processing Tweet 371/1001
DEBUG:root:	-	Processing Tweet 372/1001
DEBUG:root:	-	Processing Tweet 373/1001
DEBUG:root:	-	Processing Tweet 374/1001
DEBUG:root:	-	Processing Tweet 375/1001
DEBUG:root:	-	Processing Tweet 376/1001
DEBUG:root:	-	Processing Tweet 377/1001
DEBUG:root:	-	Processing Tweet 378/1001
DEBUG:root:	-	Processing Tweet 379/1001
DEBUG:root:	-	Processing Tweet 380/1001
DEBUG:root:	-	Processing Tweet 381/1001
DEBUG:root:	-	Processing Tweet 382/1001
DEBUG:root:	-	Processing Tweet 383/1001
DEBUG:root:	-	Processing Tweet 384/1001
DEBUG:root:	-	Processing Tweet 385/1001
DEBUG:root:	-	Processing Tweet 386/1001
DEBUG:root:	-	Processing Tweet 387/1001
DEBUG:root:	-	Processing Tweet 388/1001
DEBUG:root:	-	Processing Tweet 389/1001
DEBUG:root:	-	Processing Tweet 390/1001
DEBUG:root:	-	Processing Tweet 391/1001
DEBUG:root:	-	Processing Tweet 392/1001
DEBUG:root:	-	Processing Tweet 393/1001
DEBUG:root:	-	Processing Tweet 394/1001
DEBUG:root:	-	Processing Tweet 395/1001
DEBUG:root:	-	Processing Tweet 396/1001
DEBUG:root:	-	Processing Tweet 397/1001
DEBUG:root:	-	Processing Tweet 398/1001
DEBUG:root:	-	Processing Tweet 399/1001
DEBUG:root:	-	Processing Tweet 400/1001
DEBUG:root:	-	Processing Tweet 401/1001
DEBUG:root:	-	Processing Tweet 402/1001
DEBUG:root:	-	Processing Tweet 403/1001
DEBUG:root:	-	Processing Tweet 404/1001
DEBUG:root:	-	Processing Tweet 405/1001
DEBUG:root:	-	Processing Tweet 406/1001
DEBUG:root:	-	Processing Tweet 407/1001
DEBUG:root:	-	Processing Tweet 408/1001
DEBUG:root:	-	Processing Tweet 409/1001
DEBUG:root:	-	Processing Tweet 410/1001
DEBUG:root:	-	Processing Tweet 411/1001
DEBUG:root:	-	Processing Tweet 412/1001
DEBUG:root:	-	Processing Tweet 413/1001
DEBUG:root:	-	Processing Tweet 414/1001
DEBUG:root:	-	Processing Tweet 415/1001
DEBUG:root:	-	Processing Tweet 416/1001
DEBUG:root:	-	Processing Tweet 417/1001
DEBUG:root:	-	Processing Tweet 418/1001
DEBUG:root:	-	Processing Tweet 419/1001
DEBUG:root:	-	Processing Tweet 420/1001
DEBUG:root:	-	Processing Tweet 421/1001
DEBUG:root:	-	Processing Tweet 422/1001
DEBUG:root:	-	Processing Tweet 423/1001
DEBUG:root:	-	Processing Tweet 424/1001
DEBUG:root:	-	Processing Tweet 425/1001
DEBUG:root:	-	Processing Tweet 426/1001
DEBUG:root:	-	Processing Tweet 427/1001
DEBUG:root:	-	Processing Tweet 428/1001
DEBUG:root:	-	Processing Tweet 429/1001
DEBUG:root:	-	Processing Tweet 430/1001
DEBUG:root:	-	Processing Tweet 431/1001
DEBUG:root:	-	Processing Tweet 432/1001
DEBUG:root:	-	Processing Tweet 433/1001
DEBUG:root:	-	Processing Tweet 434/1001
DEBUG:root:	-	Processing Tweet 435/1001
DEBUG:root:	-	Processing Tweet 436/1001
DEBUG:root:	-	Processing Tweet 437/1001
DEBUG:root:	-	Processing Tweet 438/1001
DEBUG:root:	-	Processing Tweet 439/1001
DEBUG:root:	-	Processing Tweet 440/1001
DEBUG:root:	-	Processing Tweet 441/1001
DEBUG:root:	-	Processing Tweet 442/1001
DEBUG:root:	-	Processing Tweet 443/1001
DEBUG:root:	-	Processing Tweet 444/1001
DEBUG:root:	-	Processing Tweet 445/1001
DEBUG:root:	-	Processing Tweet 446/1001
DEBUG:root:	-	Processing Tweet 447/1001
DEBUG:root:	-	Processing Tweet 448/1001
DEBUG:root:	-	Processing Tweet 449/1001
DEBUG:root:	-	Processing Tweet 450/1001
DEBUG:root:	-	Processing Tweet 451/1001
DEBUG:root:	-	Processing Tweet 452/1001
DEBUG:root:	-	Processing Tweet 453/1001
DEBUG:root:	-	Processing Tweet 454/1001
DEBUG:root:	-	Processing Tweet 455/1001
DEBUG:root:	-	Processing Tweet 456/1001
DEBUG:root:	-	Processing Tweet 457/1001
DEBUG:root:	-	Processing Tweet 458/1001
DEBUG:root:	-	Processing Tweet 459/1001
DEBUG:root:	-	Processing Tweet 460/1001
DEBUG:root:	-	Processing Tweet 461/1001
DEBUG:root:	-	Processing Tweet 462/1001
DEBUG:root:	-	Processing Tweet 463/1001
DEBUG:root:	-	Processing Tweet 464/1001
DEBUG:root:	-	Processing Tweet 465/1001
DEBUG:root:	-	Processing Tweet 466/1001
DEBUG:root:	-	Processing Tweet 467/1001
DEBUG:root:	-	Processing Tweet 468/1001
DEBUG:root:	-	Processing Tweet 469/1001
DEBUG:root:	-	Processing Tweet 470/1001
DEBUG:root:	-	Processing Tweet 471/1001
DEBUG:root:	-	Processing Tweet 472/1001
DEBUG:root:	-	Processing Tweet 473/1001
DEBUG:root:	-	Processing Tweet 474/1001
DEBUG:root:	-	Processing Tweet 475/1001
DEBUG:root:	-	Processing Tweet 476/1001
DEBUG:root:	-	Processing Tweet 477/1001
DEBUG:root:	-	Processing Tweet 478/1001
DEBUG:root:	-	Processing Tweet 479/1001
DEBUG:root:	-	Processing Tweet 480/1001
DEBUG:root:	-	Processing Tweet 481/1001
DEBUG:root:	-	Processing Tweet 482/1001
DEBUG:root:	-	Processing Tweet 483/1001
DEBUG:root:	-	Processing Tweet 484/1001
DEBUG:root:	-	Processing Tweet 485/1001
DEBUG:root:	-	Processing Tweet 486/1001
DEBUG:root:	-	Processing Tweet 487/1001
DEBUG:root:	-	Processing Tweet 488/1001
DEBUG:root:	-	Processing Tweet 489/1001
DEBUG:root:	-	Processing Tweet 490/1001
DEBUG:root:	-	Processing Tweet 491/1001
DEBUG:root:	-	Processing Tweet 492/1001
DEBUG:root:	-	Processing Tweet 493/1001
DEBUG:root:	-	Processing Tweet 494/1001
DEBUG:root:	-	Processing Tweet 495/1001
DEBUG:root:	-	Processing Tweet 496/1001
DEBUG:root:	-	Processing Tweet 497/1001
DEBUG:root:	-	Processing Tweet 498/1001
DEBUG:root:	-	Processing Tweet 499/1001
DEBUG:root:	-	Processing Tweet 500/1001
DEBUG:root:	-	Processing Tweet 501/1001
DEBUG:root:	-	Processing Tweet 502/1001
DEBUG:root:	-	Processing Tweet 503/1001
DEBUG:root:	-	Processing Tweet 504/1001
DEBUG:root:	-	Processing Tweet 505/1001
DEBUG:root:	-	Processing Tweet 506/1001
DEBUG:root:	-	Processing Tweet 507/1001
DEBUG:root:	-	Processing Tweet 508/1001
DEBUG:root:	-	Processing Tweet 509/1001
DEBUG:root:	-	Processing Tweet 510/1001
DEBUG:root:	-	Processing Tweet 511/1001
DEBUG:root:	-	Processing Tweet 512/1001
DEBUG:root:	-	Processing Tweet 513/1001
DEBUG:root:	-	Processing Tweet 514/1001
DEBUG:root:	-	Processing Tweet 515/1001
DEBUG:root:	-	Processing Tweet 516/1001
DEBUG:root:	-	Processing Tweet 517/1001
DEBUG:root:	-	Processing Tweet 518/1001
DEBUG:root:	-	Processing Tweet 519/1001
DEBUG:root:	-	Processing Tweet 520/1001
DEBUG:root:	-	Processing Tweet 521/1001
DEBUG:root:	-	Processing Tweet 522/1001
DEBUG:root:	-	Processing Tweet 523/1001
DEBUG:root:	-	Processing Tweet 524/1001
DEBUG:root:	-	Processing Tweet 525/1001
DEBUG:root:	-	Processing Tweet 526/1001
DEBUG:root:	-	Processing Tweet 527/1001
DEBUG:root:	-	Processing Tweet 528/1001
DEBUG:root:	-	Processing Tweet 529/1001
DEBUG:root:	-	Processing Tweet 530/1001
DEBUG:root:	-	Processing Tweet 531/1001
DEBUG:root:	-	Processing Tweet 532/1001
DEBUG:root:	-	Processing Tweet 533/1001
DEBUG:root:	-	Processing Tweet 534/1001
DEBUG:root:	-	Processing Tweet 535/1001
DEBUG:root:	-	Processing Tweet 536/1001
DEBUG:root:	-	Processing Tweet 537/1001
DEBUG:root:	-	Processing Tweet 538/1001
DEBUG:root:	-	Processing Tweet 539/1001
DEBUG:root:	-	Processing Tweet 540/1001
DEBUG:root:	-	Processing Tweet 541/1001
DEBUG:root:	-	Processing Tweet 542/1001
DEBUG:root:	-	Processing Tweet 543/1001
DEBUG:root:	-	Processing Tweet 544/1001
DEBUG:root:	-	Processing Tweet 545/1001
DEBUG:root:	-	Processing Tweet 546/1001
DEBUG:root:	-	Processing Tweet 547/1001
DEBUG:root:	-	Processing Tweet 548/1001
DEBUG:root:	-	Processing Tweet 549/1001
DEBUG:root:	-	Processing Tweet 550/1001
DEBUG:root:	-	Processing Tweet 551/1001
DEBUG:root:	-	Processing Tweet 552/1001
DEBUG:root:	-	Processing Tweet 553/1001
DEBUG:root:	-	Processing Tweet 554/1001
DEBUG:root:	-	Processing Tweet 555/1001
DEBUG:root:	-	Processing Tweet 556/1001
DEBUG:root:	-	Processing Tweet 557/1001
DEBUG:root:	-	Processing Tweet 558/1001
DEBUG:root:	-	Processing Tweet 559/1001
DEBUG:root:	-	Processing Tweet 560/1001
DEBUG:root:	-	Processing Tweet 561/1001
DEBUG:root:	-	Processing Tweet 562/1001
DEBUG:root:	-	Processing Tweet 563/1001
DEBUG:root:	-	Processing Tweet 564/1001
DEBUG:root:	-	Processing Tweet 565/1001
DEBUG:root:	-	Processing Tweet 566/1001
DEBUG:root:	-	Processing Tweet 567/1001
DEBUG:root:	-	Processing Tweet 568/1001
DEBUG:root:	-	Processing Tweet 569/1001
DEBUG:root:	-	Processing Tweet 570/1001
DEBUG:root:	-	Processing Tweet 571/1001
DEBUG:root:	-	Processing Tweet 572/1001
DEBUG:root:	-	Processing Tweet 573/1001
DEBUG:root:	-	Processing Tweet 574/1001
DEBUG:root:	-	Processing Tweet 575/1001
DEBUG:root:	-	Processing Tweet 576/1001
DEBUG:root:	-	Processing Tweet 577/1001
DEBUG:root:	-	Processing Tweet 578/1001
DEBUG:root:	-	Processing Tweet 579/1001
DEBUG:root:	-	Processing Tweet 580/1001
DEBUG:root:	-	Processing Tweet 581/1001
DEBUG:root:	-	Processing Tweet 582/1001
DEBUG:root:	-	Processing Tweet 583/1001
DEBUG:root:	-	Processing Tweet 584/1001
DEBUG:root:	-	Processing Tweet 585/1001
DEBUG:root:	-	Processing Tweet 586/1001
DEBUG:root:	-	Processing Tweet 587/1001
DEBUG:root:	-	Processing Tweet 588/1001
DEBUG:root:	-	Processing Tweet 589/1001
DEBUG:root:	-	Processing Tweet 590/1001
DEBUG:root:	-	Processing Tweet 591/1001
DEBUG:root:	-	Processing Tweet 592/1001
DEBUG:root:	-	Processing Tweet 593/1001
DEBUG:root:	-	Processing Tweet 594/1001
DEBUG:root:	-	Processing Tweet 595/1001
DEBUG:root:	-	Processing Tweet 596/1001
DEBUG:root:	-	Processing Tweet 597/1001
DEBUG:root:	-	Processing Tweet 598/1001
DEBUG:root:	-	Processing Tweet 599/1001
DEBUG:root:	-	Processing Tweet 600/1001
DEBUG:root:	-	Processing Tweet 601/1001
DEBUG:root:	-	Processing Tweet 602/1001
DEBUG:root:	-	Processing Tweet 603/1001
DEBUG:root:	-	Processing Tweet 604/1001
DEBUG:root:	-	Processing Tweet 605/1001
DEBUG:root:	-	Processing Tweet 606/1001
DEBUG:root:	-	Processing Tweet 607/1001
DEBUG:root:	-	Processing Tweet 608/1001
DEBUG:root:	-	Processing Tweet 609/1001
DEBUG:root:	-	Processing Tweet 610/1001
DEBUG:root:	-	Processing Tweet 611/1001
DEBUG:root:	-	Processing Tweet 612/1001
DEBUG:root:	-	Processing Tweet 613/1001
DEBUG:root:	-	Processing Tweet 614/1001
DEBUG:root:	-	Processing Tweet 615/1001
DEBUG:root:	-	Processing Tweet 616/1001
DEBUG:root:	-	Processing Tweet 617/1001
DEBUG:root:	-	Processing Tweet 618/1001
DEBUG:root:	-	Processing Tweet 619/1001
DEBUG:root:	-	Processing Tweet 620/1001
DEBUG:root:	-	Processing Tweet 621/1001
DEBUG:root:	-	Processing Tweet 622/1001
DEBUG:root:	-	Processing Tweet 623/1001
DEBUG:root:	-	Processing Tweet 624/1001
DEBUG:root:	-	Processing Tweet 625/1001
DEBUG:root:	-	Processing Tweet 626/1001
DEBUG:root:	-	Processing Tweet 627/1001
DEBUG:root:	-	Processing Tweet 628/1001
DEBUG:root:	-	Processing Tweet 629/1001
DEBUG:root:	-	Processing Tweet 630/1001
DEBUG:root:	-	Processing Tweet 631/1001
DEBUG:root:	-	Processing Tweet 632/1001
DEBUG:root:	-	Processing Tweet 633/1001
DEBUG:root:	-	Processing Tweet 634/1001
DEBUG:root:	-	Processing Tweet 635/1001
DEBUG:root:	-	Processing Tweet 636/1001
DEBUG:root:	-	Processing Tweet 637/1001
DEBUG:root:	-	Processing Tweet 638/1001
DEBUG:root:	-	Processing Tweet 639/1001
DEBUG:root:	-	Processing Tweet 640/1001
DEBUG:root:	-	Processing Tweet 641/1001
DEBUG:root:	-	Processing Tweet 642/1001
DEBUG:root:	-	Processing Tweet 643/1001
DEBUG:root:	-	Processing Tweet 644/1001
DEBUG:root:	-	Processing Tweet 645/1001
DEBUG:root:	-	Processing Tweet 646/1001
DEBUG:root:	-	Processing Tweet 647/1001
DEBUG:root:	-	Processing Tweet 648/1001
DEBUG:root:	-	Processing Tweet 649/1001
DEBUG:root:	-	Processing Tweet 650/1001
DEBUG:root:	-	Processing Tweet 651/1001
DEBUG:root:	-	Processing Tweet 652/1001
DEBUG:root:	-	Processing Tweet 653/1001
DEBUG:root:	-	Processing Tweet 654/1001
DEBUG:root:	-	Processing Tweet 655/1001
DEBUG:root:	-	Processing Tweet 656/1001
DEBUG:root:	-	Processing Tweet 657/1001
DEBUG:root:	-	Processing Tweet 658/1001
DEBUG:root:	-	Processing Tweet 659/1001
DEBUG:root:	-	Processing Tweet 660/1001
DEBUG:root:	-	Processing Tweet 661/1001
DEBUG:root:	-	Processing Tweet 662/1001
DEBUG:root:	-	Processing Tweet 663/1001
DEBUG:root:	-	Processing Tweet 664/1001
DEBUG:root:	-	Processing Tweet 665/1001
DEBUG:root:	-	Processing Tweet 666/1001
DEBUG:root:	-	Processing Tweet 667/1001
DEBUG:root:	-	Processing Tweet 668/1001
DEBUG:root:	-	Processing Tweet 669/1001
DEBUG:root:	-	Processing Tweet 670/1001
DEBUG:root:	-	Processing Tweet 671/1001
DEBUG:root:	-	Processing Tweet 672/1001
DEBUG:root:	-	Processing Tweet 673/1001
DEBUG:root:	-	Processing Tweet 674/1001
DEBUG:root:	-	Processing Tweet 675/1001
DEBUG:root:	-	Processing Tweet 676/1001
DEBUG:root:	-	Processing Tweet 677/1001
DEBUG:root:	-	Processing Tweet 678/1001
DEBUG:root:	-	Processing Tweet 679/1001
DEBUG:root:	-	Processing Tweet 680/1001
DEBUG:root:	-	Processing Tweet 681/1001
DEBUG:root:	-	Processing Tweet 682/1001
DEBUG:root:	-	Processing Tweet 683/1001
DEBUG:root:	-	Processing Tweet 684/1001
DEBUG:root:	-	Processing Tweet 685/1001
DEBUG:root:	-	Processing Tweet 686/1001
DEBUG:root:	-	Processing Tweet 687/1001
DEBUG:root:	-	Processing Tweet 688/1001
DEBUG:root:	-	Processing Tweet 689/1001
DEBUG:root:	-	Processing Tweet 690/1001
DEBUG:root:	-	Processing Tweet 691/1001
DEBUG:root:	-	Processing Tweet 692/1001
DEBUG:root:	-	Processing Tweet 693/1001
DEBUG:root:	-	Processing Tweet 694/1001
DEBUG:root:	-	Processing Tweet 695/1001
DEBUG:root:	-	Processing Tweet 696/1001
DEBUG:root:	-	Processing Tweet 697/1001
DEBUG:root:	-	Processing Tweet 698/1001
DEBUG:root:	-	Processing Tweet 699/1001
DEBUG:root:	-	Processing Tweet 700/1001
DEBUG:root:	-	Processing Tweet 701/1001
DEBUG:root:	-	Processing Tweet 702/1001
DEBUG:root:	-	Processing Tweet 703/1001
DEBUG:root:	-	Processing Tweet 704/1001
DEBUG:root:	-	Processing Tweet 705/1001
DEBUG:root:	-	Processing Tweet 706/1001
DEBUG:root:	-	Processing Tweet 707/1001
DEBUG:root:	-	Processing Tweet 708/1001
DEBUG:root:	-	Processing Tweet 709/1001
DEBUG:root:	-	Processing Tweet 710/1001
DEBUG:root:	-	Processing Tweet 711/1001
DEBUG:root:	-	Processing Tweet 712/1001
DEBUG:root:	-	Processing Tweet 713/1001
DEBUG:root:	-	Processing Tweet 714/1001
DEBUG:root:	-	Processing Tweet 715/1001
DEBUG:root:	-	Processing Tweet 716/1001
DEBUG:root:	-	Processing Tweet 717/1001
DEBUG:root:	-	Processing Tweet 718/1001
DEBUG:root:	-	Processing Tweet 719/1001
DEBUG:root:	-	Processing Tweet 720/1001
DEBUG:root:	-	Processing Tweet 721/1001
DEBUG:root:	-	Processing Tweet 722/1001
DEBUG:root:	-	Processing Tweet 723/1001
DEBUG:root:	-	Processing Tweet 724/1001
DEBUG:root:	-	Processing Tweet 725/1001
DEBUG:root:	-	Processing Tweet 726/1001
DEBUG:root:	-	Processing Tweet 727/1001
DEBUG:root:	-	Processing Tweet 728/1001
DEBUG:root:	-	Processing Tweet 729/1001
DEBUG:root:	-	Processing Tweet 730/1001
DEBUG:root:	-	Processing Tweet 731/1001
DEBUG:root:	-	Processing Tweet 732/1001
DEBUG:root:	-	Processing Tweet 733/1001
DEBUG:root:	-	Processing Tweet 734/1001
DEBUG:root:	-	Processing Tweet 735/1001
DEBUG:root:	-	Processing Tweet 736/1001
DEBUG:root:	-	Processing Tweet 737/1001
DEBUG:root:	-	Processing Tweet 738/1001
DEBUG:root:	-	Processing Tweet 739/1001
DEBUG:root:	-	Processing Tweet 740/1001
DEBUG:root:	-	Processing Tweet 741/1001
DEBUG:root:	-	Processing Tweet 742/1001
DEBUG:root:	-	Processing Tweet 743/1001
DEBUG:root:	-	Processing Tweet 744/1001
DEBUG:root:	-	Processing Tweet 745/1001
DEBUG:root:	-	Processing Tweet 746/1001
DEBUG:root:	-	Processing Tweet 747/1001
DEBUG:root:	-	Processing Tweet 748/1001
DEBUG:root:	-	Processing Tweet 749/1001
DEBUG:root:	-	Processing Tweet 750/1001
DEBUG:root:	-	Processing Tweet 751/1001
DEBUG:root:	-	Processing Tweet 752/1001
DEBUG:root:	-	Processing Tweet 753/1001
DEBUG:root:	-	Processing Tweet 754/1001
DEBUG:root:	-	Processing Tweet 755/1001
DEBUG:root:	-	Processing Tweet 756/1001
DEBUG:root:	-	Processing Tweet 757/1001
DEBUG:root:	-	Processing Tweet 758/1001
DEBUG:root:	-	Processing Tweet 759/1001
DEBUG:root:	-	Processing Tweet 760/1001
DEBUG:root:	-	Processing Tweet 761/1001
DEBUG:root:	-	Processing Tweet 762/1001
DEBUG:root:	-	Processing Tweet 763/1001
DEBUG:root:	-	Processing Tweet 764/1001
DEBUG:root:	-	Processing Tweet 765/1001
DEBUG:root:	-	Processing Tweet 766/1001
DEBUG:root:	-	Processing Tweet 767/1001
DEBUG:root:	-	Processing Tweet 768/1001
DEBUG:root:	-	Processing Tweet 769/1001
DEBUG:root:	-	Processing Tweet 770/1001
DEBUG:root:	-	Processing Tweet 771/1001
DEBUG:root:	-	Processing Tweet 772/1001
DEBUG:root:	-	Processing Tweet 773/1001
DEBUG:root:	-	Processing Tweet 774/1001
DEBUG:root:	-	Processing Tweet 775/1001
DEBUG:root:	-	Processing Tweet 776/1001
DEBUG:root:	-	Processing Tweet 777/1001
DEBUG:root:	-	Processing Tweet 778/1001
DEBUG:root:	-	Processing Tweet 779/1001
DEBUG:root:	-	Processing Tweet 780/1001
DEBUG:root:	-	Processing Tweet 781/1001
DEBUG:root:	-	Processing Tweet 782/1001
DEBUG:root:	-	Processing Tweet 783/1001
DEBUG:root:	-	Processing Tweet 784/1001
DEBUG:root:	-	Processing Tweet 785/1001
DEBUG:root:	-	Processing Tweet 786/1001
DEBUG:root:	-	Processing Tweet 787/1001
DEBUG:root:	-	Processing Tweet 788/1001
DEBUG:root:	-	Processing Tweet 789/1001
DEBUG:root:	-	Processing Tweet 790/1001
DEBUG:root:	-	Processing Tweet 791/1001
DEBUG:root:	-	Processing Tweet 792/1001
DEBUG:root:	-	Processing Tweet 793/1001
DEBUG:root:	-	Processing Tweet 794/1001
DEBUG:root:	-	Processing Tweet 795/1001
DEBUG:root:	-	Processing Tweet 796/1001
DEBUG:root:	-	Processing Tweet 797/1001
DEBUG:root:	-	Processing Tweet 798/1001
DEBUG:root:	-	Processing Tweet 799/1001
DEBUG:root:	-	Processing Tweet 800/1001
DEBUG:root:	-	Processing Tweet 801/1001
DEBUG:root:	-	Processing Tweet 802/1001
DEBUG:root:	-	Processing Tweet 803/1001
DEBUG:root:	-	Processing Tweet 804/1001
DEBUG:root:	-	Processing Tweet 805/1001
DEBUG:root:	-	Processing Tweet 806/1001
DEBUG:root:	-	Processing Tweet 807/1001
DEBUG:root:	-	Processing Tweet 808/1001
DEBUG:root:	-	Processing Tweet 809/1001
DEBUG:root:	-	Processing Tweet 810/1001
DEBUG:root:	-	Processing Tweet 811/1001
DEBUG:root:	-	Processing Tweet 812/1001
DEBUG:root:	-	Processing Tweet 813/1001
DEBUG:root:	-	Processing Tweet 814/1001
DEBUG:root:	-	Processing Tweet 815/1001
DEBUG:root:	-	Processing Tweet 816/1001
DEBUG:root:	-	Processing Tweet 817/1001
DEBUG:root:	-	Processing Tweet 818/1001
DEBUG:root:	-	Processing Tweet 819/1001
DEBUG:root:	-	Processing Tweet 820/1001
DEBUG:root:	-	Processing Tweet 821/1001
DEBUG:root:	-	Processing Tweet 822/1001
DEBUG:root:	-	Processing Tweet 823/1001
DEBUG:root:	-	Processing Tweet 824/1001
DEBUG:root:	-	Processing Tweet 825/1001
DEBUG:root:	-	Processing Tweet 826/1001
DEBUG:root:	-	Processing Tweet 827/1001
DEBUG:root:	-	Processing Tweet 828/1001
DEBUG:root:	-	Processing Tweet 829/1001
DEBUG:root:	-	Processing Tweet 830/1001
DEBUG:root:	-	Processing Tweet 831/1001
DEBUG:root:	-	Processing Tweet 832/1001
DEBUG:root:	-	Processing Tweet 833/1001
DEBUG:root:	-	Processing Tweet 834/1001
DEBUG:root:	-	Processing Tweet 835/1001
DEBUG:root:	-	Processing Tweet 836/1001
DEBUG:root:	-	Processing Tweet 837/1001
DEBUG:root:	-	Processing Tweet 838/1001
DEBUG:root:	-	Processing Tweet 839/1001
DEBUG:root:	-	Processing Tweet 840/1001
DEBUG:root:	-	Processing Tweet 841/1001
DEBUG:root:	-	Processing Tweet 842/1001
DEBUG:root:	-	Processing Tweet 843/1001
DEBUG:root:	-	Processing Tweet 844/1001
DEBUG:root:	-	Processing Tweet 845/1001
DEBUG:root:	-	Processing Tweet 846/1001
DEBUG:root:	-	Processing Tweet 847/1001
DEBUG:root:	-	Processing Tweet 848/1001
DEBUG:root:	-	Processing Tweet 849/1001
DEBUG:root:	-	Processing Tweet 850/1001
DEBUG:root:	-	Processing Tweet 851/1001
DEBUG:root:	-	Processing Tweet 852/1001
DEBUG:root:	-	Processing Tweet 853/1001
DEBUG:root:	-	Processing Tweet 854/1001
DEBUG:root:	-	Processing Tweet 855/1001
DEBUG:root:	-	Processing Tweet 856/1001
DEBUG:root:	-	Processing Tweet 857/1001
DEBUG:root:	-	Processing Tweet 858/1001
DEBUG:root:	-	Processing Tweet 859/1001
DEBUG:root:	-	Processing Tweet 860/1001
DEBUG:root:	-	Processing Tweet 861/1001
DEBUG:root:	-	Processing Tweet 862/1001
DEBUG:root:	-	Processing Tweet 863/1001
DEBUG:root:	-	Processing Tweet 864/1001
DEBUG:root:	-	Processing Tweet 865/1001
DEBUG:root:	-	Processing Tweet 866/1001
DEBUG:root:	-	Processing Tweet 867/1001
DEBUG:root:	-	Processing Tweet 868/1001
DEBUG:root:	-	Processing Tweet 869/1001
DEBUG:root:	-	Processing Tweet 870/1001
DEBUG:root:	-	Processing Tweet 871/1001
DEBUG:root:	-	Processing Tweet 872/1001
DEBUG:root:	-	Processing Tweet 873/1001
DEBUG:root:	-	Processing Tweet 874/1001
DEBUG:root:	-	Processing Tweet 875/1001
DEBUG:root:	-	Processing Tweet 876/1001
DEBUG:root:	-	Processing Tweet 877/1001
DEBUG:root:	-	Processing Tweet 878/1001
DEBUG:root:	-	Processing Tweet 879/1001
DEBUG:root:	-	Processing Tweet 880/1001
DEBUG:root:	-	Processing Tweet 881/1001
DEBUG:root:	-	Processing Tweet 882/1001
DEBUG:root:	-	Processing Tweet 883/1001
DEBUG:root:	-	Processing Tweet 884/1001
DEBUG:root:	-	Processing Tweet 885/1001
DEBUG:root:	-	Processing Tweet 886/1001
DEBUG:root:	-	Processing Tweet 887/1001
DEBUG:root:	-	Processing Tweet 888/1001
DEBUG:root:	-	Processing Tweet 889/1001
DEBUG:root:	-	Processing Tweet 890/1001
DEBUG:root:	-	Processing Tweet 891/1001
DEBUG:root:	-	Processing Tweet 892/1001
DEBUG:root:	-	Processing Tweet 893/1001
DEBUG:root:	-	Processing Tweet 894/1001
DEBUG:root:	-	Processing Tweet 895/1001
DEBUG:root:	-	Processing Tweet 896/1001
DEBUG:root:	-	Processing Tweet 897/1001
DEBUG:root:	-	Processing Tweet 898/1001
DEBUG:root:	-	Processing Tweet 899/1001
DEBUG:root:	-	Processing Tweet 900/1001
DEBUG:root:	-	Processing Tweet 901/1001
DEBUG:root:	-	Processing Tweet 902/1001
DEBUG:root:	-	Processing Tweet 903/1001
DEBUG:root:	-	Processing Tweet 904/1001
DEBUG:root:	-	Processing Tweet 905/1001
DEBUG:root:	-	Processing Tweet 906/1001
DEBUG:root:	-	Processing Tweet 907/1001
DEBUG:root:	-	Processing Tweet 908/1001
DEBUG:root:	-	Processing Tweet 909/1001
DEBUG:root:	-	Processing Tweet 910/1001
DEBUG:root:	-	Processing Tweet 911/1001
DEBUG:root:	-	Processing Tweet 912/1001
DEBUG:root:	-	Processing Tweet 913/1001
DEBUG:root:	-	Processing Tweet 914/1001
DEBUG:root:	-	Processing Tweet 915/1001
DEBUG:root:	-	Processing Tweet 916/1001
DEBUG:root:	-	Processing Tweet 917/1001
DEBUG:root:	-	Processing Tweet 918/1001
DEBUG:root:	-	Processing Tweet 919/1001
DEBUG:root:	-	Processing Tweet 920/1001
DEBUG:root:	-	Processing Tweet 921/1001
DEBUG:root:	-	Processing Tweet 922/1001
DEBUG:root:	-	Processing Tweet 923/1001
DEBUG:root:	-	Processing Tweet 924/1001
DEBUG:root:	-	Processing Tweet 925/1001
DEBUG:root:	-	Processing Tweet 926/1001
DEBUG:root:	-	Processing Tweet 927/1001
DEBUG:root:	-	Processing Tweet 928/1001
DEBUG:root:	-	Processing Tweet 929/1001
DEBUG:root:	-	Processing Tweet 930/1001
DEBUG:root:	-	Processing Tweet 931/1001
DEBUG:root:	-	Processing Tweet 932/1001
DEBUG:root:	-	Processing Tweet 933/1001
DEBUG:root:	-	Processing Tweet 934/1001
DEBUG:root:	-	Processing Tweet 935/1001
DEBUG:root:	-	Processing Tweet 936/1001
DEBUG:root:	-	Processing Tweet 937/1001
DEBUG:root:	-	Processing Tweet 938/1001
DEBUG:root:	-	Processing Tweet 939/1001
DEBUG:root:	-	Processing Tweet 940/1001
DEBUG:root:	-	Processing Tweet 941/1001
DEBUG:root:	-	Processing Tweet 942/1001
DEBUG:root:	-	Processing Tweet 943/1001
DEBUG:root:	-	Processing Tweet 944/1001
DEBUG:root:	-	Processing Tweet 945/1001
DEBUG:root:	-	Processing Tweet 946/1001
DEBUG:root:	-	Processing Tweet 947/1001
DEBUG:root:	-	Processing Tweet 948/1001
DEBUG:root:	-	Processing Tweet 949/1001
DEBUG:root:	-	Processing Tweet 950/1001
DEBUG:root:	-	Processing Tweet 951/1001
DEBUG:root:	-	Processing Tweet 952/1001
DEBUG:root:	-	Processing Tweet 953/1001
DEBUG:root:	-	Processing Tweet 954/1001
DEBUG:root:	-	Processing Tweet 955/1001
DEBUG:root:	-	Processing Tweet 956/1001
DEBUG:root:	-	Processing Tweet 957/1001
DEBUG:root:	-	Processing Tweet 958/1001
DEBUG:root:	-	Processing Tweet 959/1001
DEBUG:root:	-	Processing Tweet 960/1001
DEBUG:root:	-	Processing Tweet 961/1001
DEBUG:root:	-	Processing Tweet 962/1001
DEBUG:root:	-	Processing Tweet 963/1001
DEBUG:root:	-	Processing Tweet 964/1001
DEBUG:root:	-	Processing Tweet 965/1001
DEBUG:root:	-	Processing Tweet 966/1001
DEBUG:root:	-	Processing Tweet 967/1001
DEBUG:root:	-	Processing Tweet 968/1001
DEBUG:root:	-	Processing Tweet 969/1001
DEBUG:root:	-	Processing Tweet 970/1001
DEBUG:root:	-	Processing Tweet 971/1001
DEBUG:root:	-	Processing Tweet 972/1001
DEBUG:root:	-	Processing Tweet 973/1001
DEBUG:root:	-	Processing Tweet 974/1001
DEBUG:root:	-	Processing Tweet 975/1001
DEBUG:root:	-	Processing Tweet 976/1001
DEBUG:root:	-	Processing Tweet 977/1001
DEBUG:root:	-	Processing Tweet 978/1001
DEBUG:root:	-	Processing Tweet 979/1001
DEBUG:root:	-	Processing Tweet 980/1001
DEBUG:root:	-	Processing Tweet 981/1001
DEBUG:root:	-	Processing Tweet 982/1001
DEBUG:root:	-	Processing Tweet 983/1001
DEBUG:root:	-	Processing Tweet 984/1001
DEBUG:root:	-	Processing Tweet 985/1001
DEBUG:root:	-	Processing Tweet 986/1001
DEBUG:root:	-	Processing Tweet 987/1001
DEBUG:root:	-	Processing Tweet 988/1001
DEBUG:root:	-	Processing Tweet 989/1001
DEBUG:root:	-	Processing Tweet 990/1001
DEBUG:root:	-	Processing Tweet 991/1001
DEBUG:root:	-	Processing Tweet 992/1001
DEBUG:root:	-	Processing Tweet 993/1001
DEBUG:root:	-	Processing Tweet 994/1001
DEBUG:root:	-	Processing Tweet 995/1001
DEBUG:root:	-	Processing Tweet 996/1001
DEBUG:root:	-	Processing Tweet 997/1001
DEBUG:root:	-	Processing Tweet 998/1001
DEBUG:root:	-	Processing Tweet 999/1001
DEBUG:root:	-	Processing Tweet 1000/1001
DEBUG:root:	-	Processing Tweet 1001/1001
