INFO:root:Start: 1_search_target_tweets.py 
INFO:root:Processing mode of research: UNCW
INFO:root:Processing query: @UNCW OR #UNCW OR UNCW OR @uncw OR #uncw OR uncw
INFO:root:Called function: get_last_tweet_id 
DEBUG:root:Latest tweet ID: 1338631119764418565
INFO:root:Called function: search_tweets_from_API 
INFO:root:Initialize Twitter
DEBUG:urllib3.connectionpool:Starting new HTTPS connection (1): api.twitter.com:443
DEBUG:urllib3.connectionpool:https://api.twitter.com:443 "POST /oauth2/token HTTP/1.1" 200 155
INFO:root:Called function: Twitter.connect_to_API 
INFO:root:Called function: Twitter.search_tweets 
DEBUG:tweepy.binder:PARAMS: {'q': b'@UNCW OR #UNCW OR UNCW OR @uncw OR #uncw OR uncw', 'count': b'100', 'since_id': b'1338631119764418565', 'tweet_mode': b'extended'}
DEBUG:urllib3.connectionpool:Starting new HTTPS connection (1): api.twitter.com:443
DEBUG:urllib3.connectionpool:https://api.twitter.com:443 "GET /1.1/search/tweets.json?q=%40UNCW+OR+%23UNCW+OR+UNCW+OR+%40uncw+OR+%23uncw+OR+uncw&count=100&since_id=1338631119764418565&tweet_mode=extended HTTP/1.1" 200 456833
DEBUG:root:Downloaded number of tweets: 100
INFO:root:Called function: Twitter.search_tweets 
DEBUG:tweepy.binder:PARAMS: {'q': b'@UNCW OR #UNCW OR UNCW OR @uncw OR #uncw OR uncw', 'count': b'100', 'max_id': b'1340813617621450753', 'since_id': b'1338631119764418565', 'tweet_mode': b'extended'}
DEBUG:urllib3.connectionpool:Starting new HTTPS connection (1): api.twitter.com:443
DEBUG:urllib3.connectionpool:https://api.twitter.com:443 "GET /1.1/search/tweets.json?q=%40UNCW+OR+%23UNCW+OR+UNCW+OR+%40uncw+OR+%23uncw+OR+uncw&count=100&max_id=1340813617621450753&since_id=1338631119764418565&tweet_mode=extended HTTP/1.1" 200 472269
DEBUG:root:Downloaded number of tweets: 200
INFO:root:Called function: Twitter.search_tweets 
DEBUG:tweepy.binder:PARAMS: {'q': b'@UNCW OR #UNCW OR UNCW OR @uncw OR #uncw OR uncw', 'count': b'100', 'max_id': b'1340149860985679871', 'since_id': b'1338631119764418565', 'tweet_mode': b'extended'}
DEBUG:urllib3.connectionpool:Starting new HTTPS connection (1): api.twitter.com:443
DEBUG:urllib3.connectionpool:https://api.twitter.com:443 "GET /1.1/search/tweets.json?q=%40UNCW+OR+%23UNCW+OR+UNCW+OR+%40uncw+OR+%23uncw+OR+uncw&count=100&max_id=1340149860985679871&since_id=1338631119764418565&tweet_mode=extended HTTP/1.1" 200 390313
DEBUG:root:Downloaded number of tweets: 300
INFO:root:Called function: Twitter.search_tweets 
DEBUG:tweepy.binder:PARAMS: {'q': b'@UNCW OR #UNCW OR UNCW OR @uncw OR #uncw OR uncw', 'count': b'100', 'max_id': b'1340037306057678848', 'since_id': b'1338631119764418565', 'tweet_mode': b'extended'}
DEBUG:urllib3.connectionpool:Starting new HTTPS connection (1): api.twitter.com:443
DEBUG:urllib3.connectionpool:https://api.twitter.com:443 "GET /1.1/search/tweets.json?q=%40UNCW+OR+%23UNCW+OR+UNCW+OR+%40uncw+OR+%23uncw+OR+uncw&count=100&max_id=1340037306057678848&since_id=1338631119764418565&tweet_mode=extended HTTP/1.1" 200 454475
DEBUG:root:Downloaded number of tweets: 400
INFO:root:Called function: Twitter.search_tweets 
DEBUG:tweepy.binder:PARAMS: {'q': b'@UNCW OR #UNCW OR UNCW OR @uncw OR #uncw OR uncw', 'count': b'100', 'max_id': b'1339927852968521728', 'since_id': b'1338631119764418565', 'tweet_mode': b'extended'}
DEBUG:urllib3.connectionpool:Starting new HTTPS connection (1): api.twitter.com:443
DEBUG:urllib3.connectionpool:https://api.twitter.com:443 "GET /1.1/search/tweets.json?q=%40UNCW+OR+%23UNCW+OR+UNCW+OR+%40uncw+OR+%23uncw+OR+uncw&count=100&max_id=1339927852968521728&since_id=1338631119764418565&tweet_mode=extended HTTP/1.1" 200 562887
DEBUG:root:Downloaded number of tweets: 500
INFO:root:Called function: Twitter.search_tweets 
DEBUG:tweepy.binder:PARAMS: {'q': b'@UNCW OR #UNCW OR UNCW OR @uncw OR #uncw OR uncw', 'count': b'100', 'max_id': b'1339416766439714817', 'since_id': b'1338631119764418565', 'tweet_mode': b'extended'}
DEBUG:urllib3.connectionpool:Starting new HTTPS connection (1): api.twitter.com:443
DEBUG:urllib3.connectionpool:https://api.twitter.com:443 "GET /1.1/search/tweets.json?q=%40UNCW+OR+%23UNCW+OR+UNCW+OR+%40uncw+OR+%23uncw+OR+uncw&count=100&max_id=1339416766439714817&since_id=1338631119764418565&tweet_mode=extended HTTP/1.1" 200 568354
DEBUG:root:Downloaded number of tweets: 600
INFO:root:Called function: Twitter.search_tweets 
DEBUG:tweepy.binder:PARAMS: {'q': b'@UNCW OR #UNCW OR UNCW OR @uncw OR #uncw OR uncw', 'count': b'100', 'max_id': b'1339254926854086655', 'since_id': b'1338631119764418565', 'tweet_mode': b'extended'}
DEBUG:urllib3.connectionpool:Starting new HTTPS connection (1): api.twitter.com:443
DEBUG:urllib3.connectionpool:https://api.twitter.com:443 "GET /1.1/search/tweets.json?q=%40UNCW+OR+%23UNCW+OR+UNCW+OR+%40uncw+OR+%23uncw+OR+uncw&count=100&max_id=1339254926854086655&since_id=1338631119764418565&tweet_mode=extended HTTP/1.1" 200 707239
DEBUG:root:Downloaded number of tweets: 700
INFO:root:Called function: Twitter.search_tweets 
DEBUG:tweepy.binder:PARAMS: {'q': b'@UNCW OR #UNCW OR UNCW OR @uncw OR #uncw OR uncw', 'count': b'100', 'max_id': b'1338957168956088321', 'since_id': b'1338631119764418565', 'tweet_mode': b'extended'}
DEBUG:urllib3.connectionpool:Starting new HTTPS connection (1): api.twitter.com:443
DEBUG:urllib3.connectionpool:https://api.twitter.com:443 "GET /1.1/search/tweets.json?q=%40UNCW+OR+%23UNCW+OR+UNCW+OR+%40uncw+OR+%23uncw+OR+uncw&count=100&max_id=1338957168956088321&since_id=1338631119764418565&tweet_mode=extended HTTP/1.1" 200 698277
DEBUG:root:Downloaded number of tweets: 800
INFO:root:Called function: Twitter.search_tweets 
DEBUG:tweepy.binder:PARAMS: {'q': b'@UNCW OR #UNCW OR UNCW OR @uncw OR #uncw OR uncw', 'count': b'100', 'max_id': b'1338878053854941183', 'since_id': b'1338631119764418565', 'tweet_mode': b'extended'}
DEBUG:urllib3.connectionpool:Starting new HTTPS connection (1): api.twitter.com:443
DEBUG:urllib3.connectionpool:https://api.twitter.com:443 "GET /1.1/search/tweets.json?q=%40UNCW+OR+%23UNCW+OR+UNCW+OR+%40uncw+OR+%23uncw+OR+uncw&count=100&max_id=1338878053854941183&since_id=1338631119764418565&tweet_mode=extended HTTP/1.1" 200 227260
DEBUG:root:Downloaded number of tweets: 844
INFO:root:Called function: Twitter.search_tweets 
DEBUG:tweepy.binder:PARAMS: {'q': b'@UNCW OR #UNCW OR UNCW OR @uncw OR #uncw OR uncw', 'count': b'100', 'max_id': b'1338639622709129217', 'since_id': b'1338631119764418565', 'tweet_mode': b'extended'}
DEBUG:urllib3.connectionpool:Starting new HTTPS connection (1): api.twitter.com:443
DEBUG:urllib3.connectionpool:https://api.twitter.com:443 "GET /1.1/search/tweets.json?q=%40UNCW+OR+%23UNCW+OR+UNCW+OR+%40uncw+OR+%23uncw+OR+uncw&count=100&max_id=1338639622709129217&since_id=1338631119764418565&tweet_mode=extended HTTP/1.1" 200 411
DEBUG:root:No more tweets found, exiting...
INFO:root:Finished collecting UNCW tweets

