INFO:root:Start: 2_parse_target_tweets.py 
INFO:root:Processing mode of research: UNCW
INFO:root:Processing file files\target_tweets\UNCW\UNCW-20201025194056.txt 1/2
INFO:root:Tweet ID 1320504711062212609 already processed, skipping...
INFO:root:Tweet ID 1320496970381828100 already processed, skipping...
INFO:root:Tweet ID 1320488997030952960 already processed, skipping...
INFO:root:Tweet ID 1320478347709865984 already processed, skipping...
INFO:root:Tweet ID 1320472251821674496 already processed, skipping...
INFO:root:Tweet ID 1320469208619245580 already processed, skipping...
INFO:root:Tweet ID 1320459980152180737 already processed, skipping...
INFO:root:Tweet ID 1320457940172722176 already processed, skipping...
INFO:root:Tweet ID 1320427550108246017 already processed, skipping...
INFO:root:Tweet ID 1320420764991016960 already processed, skipping...
INFO:root:Tweet ID 1320417447535575043 already processed, skipping...
INFO:root:Tweet ID 1320417191729287169 already processed, skipping...
INFO:root:Tweet ID 1320416740673835008 already processed, skipping...
INFO:root:Tweet ID 1320407755308601351 already processed, skipping...
INFO:root:Tweet ID 1320399439421460488 already processed, skipping...
INFO:root:Tweet ID 1320396680760598530 already processed, skipping...
INFO:root:Tweet ID 1320391533342920707 already processed, skipping...
INFO:root:Tweet ID 1320385831752945676 already processed, skipping...
INFO:root:Tweet ID 1320381942483869701 already processed, skipping...
INFO:root:Tweet ID 1320372403168563200 already processed, skipping...
INFO:root:Tweet ID 1320367597704151041 already processed, skipping...
INFO:root:Tweet ID 1320352645459202048 already processed, skipping...
INFO:root:Tweet ID 1320350466610323456 already processed, skipping...
INFO:root:Tweet ID 1320346558358061058 already processed, skipping...
INFO:root:Tweet ID 1320346494587838465 already processed, skipping...
INFO:root:Tweet ID 1320345611154096128 already processed, skipping...
INFO:root:Tweet ID 1320341942278946816 already processed, skipping...
INFO:root:Tweet ID 1320340252821782528 already processed, skipping...
INFO:root:Tweet ID 1320340100711141377 already processed, skipping...
INFO:root:Tweet ID 1320337796410769408 already processed, skipping...
INFO:root:Tweet ID 1320336998603788288 already processed, skipping...
INFO:root:Tweet ID 1320334892845068288 already processed, skipping...
INFO:root:Tweet ID 1320332526955732994 already processed, skipping...
INFO:root:Tweet ID 1320331897214480385 already processed, skipping...
INFO:root:Tweet ID 1320331638925070336 already processed, skipping...
INFO:root:Tweet ID 1320330877524713472 already processed, skipping...
INFO:root:Tweet ID 1320325448228810752 already processed, skipping...
INFO:root:Tweet ID 1320303423611437057 already processed, skipping...
INFO:root:Tweet ID 1320286956752936961 already processed, skipping...
INFO:root:Tweet ID 1320264665692311557 already processed, skipping...
INFO:root:Tweet ID 1320255934002843650 already processed, skipping...
INFO:root:Tweet ID 1320240591792386048 already processed, skipping...
INFO:root:Tweet ID 1320231435563880448 already processed, skipping...
INFO:root:Tweet ID 1320230954766635009 already processed, skipping...
INFO:root:Tweet ID 1320223335633006592 already processed, skipping...
INFO:root:Tweet ID 1320222881301889024 already processed, skipping...
INFO:root:Tweet ID 1320221635257970688 already processed, skipping...
INFO:root:Tweet ID 1320212657622913025 already processed, skipping...
INFO:root:Tweet ID 1320207720293728259 already processed, skipping...
INFO:root:Tweet ID 1320205919079247872 already processed, skipping...
INFO:root:Tweet ID 1320188978675548161 already processed, skipping...
INFO:root:Tweet ID 1320187534685687813 already processed, skipping...
INFO:root:Tweet ID 1320187027648925697 already processed, skipping...
INFO:root:Tweet ID 1320169164728897537 already processed, skipping...
INFO:root:Tweet ID 1320168923560640512 already processed, skipping...
INFO:root:Tweet ID 1320148164394049536 already processed, skipping...
INFO:root:Tweet ID 1320133980205817856 already processed, skipping...
INFO:root:Tweet ID 1320127117099700225 already processed, skipping...
INFO:root:Tweet ID 1320121470467641345 already processed, skipping...
INFO:root:Tweet ID 1320118617644650497 already processed, skipping...
INFO:root:Tweet ID 1320110331159584769 already processed, skipping...
INFO:root:Tweet ID 1320083929408393218 already processed, skipping...
INFO:root:Tweet ID 1320065027748016128 already processed, skipping...
INFO:root:Tweet ID 1320054401432801281 already processed, skipping...
INFO:root:Tweet ID 1320048237705822209 already processed, skipping...
INFO:root:Tweet ID 1320047403261542401 already processed, skipping...
INFO:root:Tweet ID 1320021074336043008 already processed, skipping...
INFO:root:Tweet ID 1320018688808865792 already processed, skipping...
INFO:root:Tweet ID 1320013604217933825 already processed, skipping...
INFO:root:Tweet ID 1320010538143854593 already processed, skipping...
INFO:root:Tweet ID 1320008963463806978 already processed, skipping...
INFO:root:Tweet ID 1319995784809619456 already processed, skipping...
INFO:root:Tweet ID 1319988801377308673 already processed, skipping...
INFO:root:Tweet ID 1319984026388733952 already processed, skipping...
INFO:root:Tweet ID 1319977626061209600 already processed, skipping...
INFO:root:Tweet ID 1319969553317830656 already processed, skipping...
INFO:root:Tweet ID 1319968867221950464 already processed, skipping...
INFO:root:Tweet ID 1319963235198619649 already processed, skipping...
INFO:root:Tweet ID 1319957120197025793 already processed, skipping...
INFO:root:Tweet ID 1319868078927323136 already processed, skipping...
INFO:root:Tweet ID 1319863238159261697 already processed, skipping...
INFO:root:Tweet ID 1319859546148438016 already processed, skipping...
INFO:root:Tweet ID 1319851727479341058 already processed, skipping...
INFO:root:Tweet ID 1319834819451387904 already processed, skipping...
INFO:root:Tweet ID 1319831469716574218 already processed, skipping...
INFO:root:Tweet ID 1319830689081163781 already processed, skipping...
INFO:root:Tweet ID 1319822060374396929 already processed, skipping...
INFO:root:Tweet ID 1319804908523024385 already processed, skipping...
INFO:root:Tweet ID 1319796191631212545 already processed, skipping...
INFO:root:Tweet ID 1319791748982374400 already processed, skipping...
INFO:root:Tweet ID 1319791281061695488 already processed, skipping...
INFO:root:Tweet ID 1319777642963402754 already processed, skipping...
INFO:root:Tweet ID 1319766367759990785 already processed, skipping...
INFO:root:Tweet ID 1319764633176186881 already processed, skipping...
INFO:root:Tweet ID 1319763885717598211 already processed, skipping...
INFO:root:Tweet ID 1319757640390594564 already processed, skipping...
INFO:root:Tweet ID 1319756412210139136 already processed, skipping...
INFO:root:Tweet ID 1319756168424615936 already processed, skipping...
INFO:root:Tweet ID 1319756056772239360 already processed, skipping...
INFO:root:Tweet ID 1319753135179481089 already processed, skipping...
INFO:root:Tweet ID 1319752991642021888 already processed, skipping...
INFO:root:Tweet ID 1319746462914260992 already processed, skipping...
INFO:root:Tweet ID 1319745761911898113 already processed, skipping...
INFO:root:Tweet ID 1319736546149474305 already processed, skipping...
INFO:root:Tweet ID 1319731587379068929 already processed, skipping...
INFO:root:Tweet ID 1319727788287406080 already processed, skipping...
INFO:root:Tweet ID 1319725854696624129 already processed, skipping...
INFO:root:Tweet ID 1319725452362174466 already processed, skipping...
INFO:root:Tweet ID 1319722012005322755 already processed, skipping...
INFO:root:Tweet ID 1319718728817381377 already processed, skipping...
INFO:root:Tweet ID 1319715516626317312 already processed, skipping...
INFO:root:Tweet ID 1319714805222166528 already processed, skipping...
INFO:root:Tweet ID 1319711804872769536 already processed, skipping...
INFO:root:Tweet ID 1319710860495843328 already processed, skipping...
INFO:root:Tweet ID 1319710301256908802 already processed, skipping...
INFO:root:Tweet ID 1319710218213875712 already processed, skipping...
INFO:root:Tweet ID 1319710189780570112 already processed, skipping...
INFO:root:Tweet ID 1319706148874969094 already processed, skipping...
INFO:root:Tweet ID 1319705821215948807 already processed, skipping...
INFO:root:Tweet ID 1319705351550283779 already processed, skipping...
INFO:root:Tweet ID 1319704118869610496 already processed, skipping...
INFO:root:Tweet ID 1319703274547744769 already processed, skipping...
INFO:root:Tweet ID 1319702773471105024 already processed, skipping...
INFO:root:Tweet ID 1319697406980653058 already processed, skipping...
INFO:root:Tweet ID 1319696404831473670 already processed, skipping...
INFO:root:Tweet ID 1319682950611357697 already processed, skipping...
INFO:root:Tweet ID 1319678011797610496 already processed, skipping...
INFO:root:Tweet ID 1319672192184045570 already processed, skipping...
INFO:root:Tweet ID 1319671213443211266 already processed, skipping...
INFO:root:Tweet ID 1319663279401218049 already processed, skipping...
INFO:root:Tweet ID 1319662334722322434 already processed, skipping...
INFO:root:Tweet ID 1319659421971218432 already processed, skipping...
INFO:root:Tweet ID 1319655375696764928 already processed, skipping...
INFO:root:Tweet ID 1319655274140045320 already processed, skipping...
INFO:root:Tweet ID 1319654636228431873 already processed, skipping...
INFO:root:Tweet ID 1319653604148596736 already processed, skipping...
INFO:root:Tweet ID 1319649849302802439 already processed, skipping...
INFO:root:Tweet ID 1319648845245054977 already processed, skipping...
INFO:root:Tweet ID 1319647518620254210 already processed, skipping...
INFO:root:Tweet ID 1319640481681317889 already processed, skipping...
INFO:root:Tweet ID 1319638834943086599 already processed, skipping...
INFO:root:Tweet ID 1319637979573440512 already processed, skipping...
INFO:root:Tweet ID 1319637725277028353 already processed, skipping...
INFO:root:Tweet ID 1319632439480700928 already processed, skipping...
INFO:root:Tweet ID 1319632423349571585 already processed, skipping...
INFO:root:Tweet ID 1319624616432775177 already processed, skipping...
INFO:root:Tweet ID 1319615615427088384 already processed, skipping...
INFO:root:Tweet ID 1319609535066214400 already processed, skipping...
INFO:root:Tweet ID 1319609518226026496 already processed, skipping...
INFO:root:Tweet ID 1319609311656628224 already processed, skipping...
INFO:root:Tweet ID 1319609295705616385 already processed, skipping...
INFO:root:Tweet ID 1319606943409934337 already processed, skipping...
INFO:root:Tweet ID 1319605868640587776 already processed, skipping...
INFO:root:Tweet ID 1319600425214136320 already processed, skipping...
INFO:root:Tweet ID 1319600003116138498 already processed, skipping...
INFO:root:Tweet ID 1319594345977163776 already processed, skipping...
INFO:root:Tweet ID 1319594273717669888 already processed, skipping...
INFO:root:Tweet ID 1319588571129544706 already processed, skipping...
INFO:root:Tweet ID 1319584149506764800 already processed, skipping...
INFO:root:Tweet ID 1319564078738776067 already processed, skipping...
INFO:root:Tweet ID 1319505108435161088 already processed, skipping...
INFO:root:Tweet ID 1319504508171542529 already processed, skipping...
INFO:root:Tweet ID 1319496573982810112 already processed, skipping...
INFO:root:Tweet ID 1319478271864496128 already processed, skipping...
INFO:root:Tweet ID 1319477713627836416 already processed, skipping...
INFO:root:Tweet ID 1319476937799143438 already processed, skipping...
INFO:root:Tweet ID 1319476647871983616 already processed, skipping...
INFO:root:Tweet ID 1319474416707928067 already processed, skipping...
INFO:root:Tweet ID 1319473116343635968 already processed, skipping...
INFO:root:Tweet ID 1319458668111450113 already processed, skipping...
INFO:root:Tweet ID 1319453494072561664 already processed, skipping...
INFO:root:Tweet ID 1319448054487867392 already processed, skipping...
INFO:root:Tweet ID 1319446918418866176 already processed, skipping...
INFO:root:Tweet ID 1319437378675789824 already processed, skipping...
INFO:root:Tweet ID 1319436193520619522 already processed, skipping...
INFO:root:Tweet ID 1319435875479150598 already processed, skipping...
INFO:root:Tweet ID 1319435875302899714 already processed, skipping...
INFO:root:Tweet ID 1319429122498543616 already processed, skipping...
INFO:root:Tweet ID 1319428231284613120 already processed, skipping...
INFO:root:Tweet ID 1319428180415971329 already processed, skipping...
INFO:root:Tweet ID 1319427811078230018 already processed, skipping...
INFO:root:Tweet ID 1319422584723734529 already processed, skipping...
INFO:root:Tweet ID 1319422561986531329 already processed, skipping...
INFO:root:Tweet ID 1319421882471505922 already processed, skipping...
INFO:root:Tweet ID 1319421882228232192 already processed, skipping...
INFO:root:Tweet ID 1319413225071415296 already processed, skipping...
INFO:root:Tweet ID 1319410074490687489 already processed, skipping...
INFO:root:Tweet ID 1319409959520665602 already processed, skipping...
INFO:root:Tweet ID 1319409926964469760 already processed, skipping...
INFO:root:Tweet ID 1319409075688439808 already processed, skipping...
INFO:root:Tweet ID 1319405664716861440 already processed, skipping...
INFO:root:Tweet ID 1319405111572074501 already processed, skipping...
INFO:root:Tweet ID 1319405032513548288 already processed, skipping...
INFO:root:Tweet ID 1319404990012837895 already processed, skipping...
INFO:root:Tweet ID 1319403256154566656 already processed, skipping...
INFO:root:Tweet ID 1319402805891899392 already processed, skipping...
INFO:root:Tweet ID 1319402244660514823 already processed, skipping...
INFO:root:Tweet ID 1319401610255175685 already processed, skipping...
INFO:root:Tweet ID 1319400874326872065 already processed, skipping...
INFO:root:Tweet ID 1319399918700810240 already processed, skipping...
INFO:root:Tweet ID 1319396963528380418 already processed, skipping...
INFO:root:Tweet ID 1319394750135472130 already processed, skipping...
INFO:root:Tweet ID 1319393291322814464 already processed, skipping...
INFO:root:Tweet ID 1319391545515192322 already processed, skipping...
INFO:root:Tweet ID 1319387578790010886 already processed, skipping...
INFO:root:Tweet ID 1319386895055466500 already processed, skipping...
INFO:root:Tweet ID 1319386813639856129 already processed, skipping...
INFO:root:Tweet ID 1319386576233897985 already processed, skipping...
INFO:root:Tweet ID 1319383947369943042 already processed, skipping...
INFO:root:Tweet ID 1319383222283915265 already processed, skipping...
INFO:root:Tweet ID 1319380892347842562 already processed, skipping...
INFO:root:Tweet ID 1319380744322494464 already processed, skipping...
INFO:root:Tweet ID 1319376556616224768 already processed, skipping...
INFO:root:Tweet ID 1319375152052899852 already processed, skipping...
INFO:root:Tweet ID 1319368815013208065 already processed, skipping...
INFO:root:Tweet ID 1319367863010951168 already processed, skipping...
INFO:root:Tweet ID 1319367605447135232 already processed, skipping...
INFO:root:Tweet ID 1319366922153062401 already processed, skipping...
INFO:root:Tweet ID 1319366498943553536 already processed, skipping...
INFO:root:Tweet ID 1319366478492098560 already processed, skipping...
INFO:root:Tweet ID 1319366329753743360 already processed, skipping...
INFO:root:Tweet ID 1319362033477963779 already processed, skipping...
INFO:root:Tweet ID 1319361570154160130 already processed, skipping...
INFO:root:Tweet ID 1319361424922185728 already processed, skipping...
INFO:root:Tweet ID 1319361308215496704 already processed, skipping...
INFO:root:Tweet ID 1319360428254875648 already processed, skipping...
INFO:root:Tweet ID 1319358044958937088 already processed, skipping...
INFO:root:Tweet ID 1319357933084430337 already processed, skipping...
INFO:root:Tweet ID 1319355423506321408 already processed, skipping...
INFO:root:Tweet ID 1319353805864161291 already processed, skipping...
INFO:root:Tweet ID 1319351070238384130 already processed, skipping...
INFO:root:Tweet ID 1319350842227568640 already processed, skipping...
INFO:root:Tweet ID 1319347610520530944 already processed, skipping...
INFO:root:Tweet ID 1319347050996088833 already processed, skipping...
INFO:root:Tweet ID 1319343553429065733 already processed, skipping...
INFO:root:Tweet ID 1319342496816746498 already processed, skipping...
INFO:root:Tweet ID 1319342494849617927 already processed, skipping...
INFO:root:Tweet ID 1319341196813258753 already processed, skipping...
INFO:root:Tweet ID 1319341164147937283 already processed, skipping...
INFO:root:Tweet ID 1319334245215633409 already processed, skipping...
INFO:root:Tweet ID 1319334009856495616 already processed, skipping...
INFO:root:Tweet ID 1319332473692585984 already processed, skipping...
INFO:root:Tweet ID 1319331972657930241 already processed, skipping...
INFO:root:Tweet ID 1319318890888003584 already processed, skipping...
INFO:root:Tweet ID 1319316248040296450 already processed, skipping...
INFO:root:Tweet ID 1319314989455265795 already processed, skipping...
INFO:root:Tweet ID 1319312680570613761 already processed, skipping...
INFO:root:Tweet ID 1319311481494736898 already processed, skipping...
INFO:root:Tweet ID 1319311001263681536 already processed, skipping...
INFO:root:Tweet ID 1319310314714914821 already processed, skipping...
INFO:root:Tweet ID 1319307204588150787 already processed, skipping...
INFO:root:Tweet ID 1319305777098653696 already processed, skipping...
INFO:root:Tweet ID 1319304916930707456 already processed, skipping...
INFO:root:Tweet ID 1319304643608866821 already processed, skipping...
INFO:root:Tweet ID 1319304625858646016 already processed, skipping...
INFO:root:Tweet ID 1319304405523443713 already processed, skipping...
INFO:root:Tweet ID 1319304392546287616 already processed, skipping...
INFO:root:Tweet ID 1319304345725202432 already processed, skipping...
INFO:root:Tweet ID 1319303569837797377 already processed, skipping...
INFO:root:Tweet ID 1319289575341051911 already processed, skipping...
INFO:root:Tweet ID 1319288540790837248 already processed, skipping...
INFO:root:Tweet ID 1319286768626061323 already processed, skipping...
INFO:root:Tweet ID 1319286732529958915 already processed, skipping...
INFO:root:Tweet ID 1319285039675236356 already processed, skipping...
INFO:root:Tweet ID 1319277786272391171 already processed, skipping...
INFO:root:Tweet ID 1319277329944903680 already processed, skipping...
INFO:root:Tweet ID 1319276744268861441 already processed, skipping...
INFO:root:Tweet ID 1319273204347662341 already processed, skipping...
INFO:root:Tweet ID 1319262231591153665 already processed, skipping...
INFO:root:Tweet ID 1319256739947032576 already processed, skipping...
INFO:root:Tweet ID 1319255363129147392 already processed, skipping...
INFO:root:Tweet ID 1319253080924442625 already processed, skipping...
INFO:root:Tweet ID 1319246521800388610 already processed, skipping...
INFO:root:Tweet ID 1319245089613484032 already processed, skipping...
INFO:root:Tweet ID 1319245064489607168 already processed, skipping...
INFO:root:Tweet ID 1319244674796818435 already processed, skipping...
INFO:root:Tweet ID 1319244525647396866 already processed, skipping...
INFO:root:Tweet ID 1319243729178447872 already processed, skipping...
INFO:root:Tweet ID 1319243351405756417 already processed, skipping...
INFO:root:Tweet ID 1319240472532045826 already processed, skipping...
INFO:root:Tweet ID 1319240417255264256 already processed, skipping...
INFO:root:Tweet ID 1319237726693183491 already processed, skipping...
INFO:root:Tweet ID 1319142000051081217 already processed, skipping...
INFO:root:Tweet ID 1319131347760263168 already processed, skipping...
INFO:root:Tweet ID 1319130343774035969 already processed, skipping...
INFO:root:Tweet ID 1319113977692114945 already processed, skipping...
INFO:root:Tweet ID 1319098845255655425 already processed, skipping...
INFO:root:Tweet ID 1319098560059568128 already processed, skipping...
INFO:root:Tweet ID 1319088146408235008 already processed, skipping...
INFO:root:Tweet ID 1319074449455566848 already processed, skipping...
INFO:root:Tweet ID 1319073207941500930 already processed, skipping...
INFO:root:Tweet ID 1319073133626703872 already processed, skipping...
INFO:root:Tweet ID 1319073102869954561 already processed, skipping...
INFO:root:Tweet ID 1319072320821092355 already processed, skipping...
INFO:root:Tweet ID 1319059066640019456 already processed, skipping...
INFO:root:Tweet ID 1319058821092937728 already processed, skipping...
INFO:root:Tweet ID 1319058745826152449 already processed, skipping...
INFO:root:Tweet ID 1319056929679958016 already processed, skipping...
INFO:root:Tweet ID 1319052312795557888 already processed, skipping...
INFO:root:Tweet ID 1319050713603936257 already processed, skipping...
INFO:root:Tweet ID 1319044684044505091 already processed, skipping...
INFO:root:Tweet ID 1319043933947621376 already processed, skipping...
INFO:root:Tweet ID 1319041000166330372 already processed, skipping...
INFO:root:Tweet ID 1319040552969658368 already processed, skipping...
INFO:root:Tweet ID 1319040488947712000 already processed, skipping...
INFO:root:Tweet ID 1319039463608193031 already processed, skipping...
INFO:root:Tweet ID 1319039117871689730 already processed, skipping...
INFO:root:Tweet ID 1319038830108835840 already processed, skipping...
INFO:root:Tweet ID 1319036935046914055 already processed, skipping...
INFO:root:Tweet ID 1319035911548665862 already processed, skipping...
INFO:root:Tweet ID 1319035797887197184 already processed, skipping...
INFO:root:Tweet ID 1319035735744212992 already processed, skipping...
INFO:root:Tweet ID 1319030006966833153 already processed, skipping...
INFO:root:Tweet ID 1319023452628680706 already processed, skipping...
INFO:root:Tweet ID 1319016874290614273 already processed, skipping...
INFO:root:Tweet ID 1319013926823030784 already processed, skipping...
INFO:root:Tweet ID 1319011537839886336 already processed, skipping...
INFO:root:Tweet ID 1319008034463621130 already processed, skipping...
INFO:root:Tweet ID 1319006639266144256 already processed, skipping...
INFO:root:Tweet ID 1318999257601421313 already processed, skipping...
INFO:root:Tweet ID 1318994630701207552 already processed, skipping...
INFO:root:Tweet ID 1318993863688802304 already processed, skipping...
INFO:root:Tweet ID 1318993833837907968 already processed, skipping...
INFO:root:Tweet ID 1318986182722785286 already processed, skipping...
INFO:root:Tweet ID 1318985597076254720 already processed, skipping...
INFO:root:Tweet ID 1318983396245340160 already processed, skipping...
INFO:root:Tweet ID 1318981364507607043 already processed, skipping...
INFO:root:Tweet ID 1318977475360194562 already processed, skipping...
INFO:root:Tweet ID 1318975922981244931 already processed, skipping...
INFO:root:Tweet ID 1318975229213827072 already processed, skipping...
INFO:root:Tweet ID 1318973111434444800 already processed, skipping...
INFO:root:Tweet ID 1318972992056102920 already processed, skipping...
INFO:root:Tweet ID 1318972450944765953 already processed, skipping...
INFO:root:Tweet ID 1318970564480958465 already processed, skipping...
INFO:root:Tweet ID 1318970544172064768 already processed, skipping...
INFO:root:Tweet ID 1318970527277584384 already processed, skipping...
INFO:root:Tweet ID 1318970452757315584 already processed, skipping...
INFO:root:Tweet ID 1318970150100426752 already processed, skipping...
INFO:root:Tweet ID 1318955654636339202 already processed, skipping...
INFO:root:Tweet ID 1318955208165281793 already processed, skipping...
INFO:root:Tweet ID 1318954485994184705 already processed, skipping...
INFO:root:Tweet ID 1318954005616349185 already processed, skipping...
INFO:root:Tweet ID 1318954004576194564 already processed, skipping...
INFO:root:Tweet ID 1318953727429062659 already processed, skipping...
INFO:root:Tweet ID 1318952874521616384 already processed, skipping...
INFO:root:Tweet ID 1318946212834279427 already processed, skipping...
INFO:root:Tweet ID 1318946187748147211 already processed, skipping...
INFO:root:Tweet ID 1318946144366391296 already processed, skipping...
INFO:root:Tweet ID 1318946078167805952 already processed, skipping...
INFO:root:Tweet ID 1318945483771949057 already processed, skipping...
INFO:root:Tweet ID 1318945482408820737 already processed, skipping...
INFO:root:Tweet ID 1318945461378506754 already processed, skipping...
INFO:root:Tweet ID 1318945412145795075 already processed, skipping...
INFO:root:Tweet ID 1318945161863454720 already processed, skipping...
INFO:root:Tweet ID 1318943145648902145 already processed, skipping...
INFO:root:Tweet ID 1318940965965582336 already processed, skipping...
INFO:root:Tweet ID 1318940821463486464 already processed, skipping...
INFO:root:Tweet ID 1318940801578225666 already processed, skipping...
INFO:root:Tweet ID 1318940690416545793 already processed, skipping...
INFO:root:Tweet ID 1318940180225662979 already processed, skipping...
INFO:root:Tweet ID 1318938939776905221 already processed, skipping...
INFO:root:Tweet ID 1318936481298325504 already processed, skipping...
INFO:root:Tweet ID 1318933461248450560 already processed, skipping...
INFO:root:Tweet ID 1318932474085429250 already processed, skipping...
INFO:root:Tweet ID 1318931470703013889 already processed, skipping...
INFO:root:Tweet ID 1318931203681099777 already processed, skipping...
INFO:root:Tweet ID 1318929084869758976 already processed, skipping...
INFO:root:Tweet ID 1318928277013233672 already processed, skipping...
INFO:root:Tweet ID 1318926891529703426 already processed, skipping...
INFO:root:Tweet ID 1318923770946555904 already processed, skipping...
INFO:root:Tweet ID 1318921038571319299 already processed, skipping...
INFO:root:Tweet ID 1318920840340246528 already processed, skipping...
INFO:root:Tweet ID 1318920600149250050 already processed, skipping...
INFO:root:Tweet ID 1318919938871074823 already processed, skipping...
INFO:root:Tweet ID 1318919146118254595 already processed, skipping...
INFO:root:Tweet ID 1318918355546525702 already processed, skipping...
INFO:root:Tweet ID 1318914978037063680 already processed, skipping...
INFO:root:Tweet ID 1318914281732214786 already processed, skipping...
INFO:root:Tweet ID 1318914180066562049 already processed, skipping...
INFO:root:Tweet ID 1318914072302280704 already processed, skipping...
INFO:root:Tweet ID 1318908123332096000 already processed, skipping...
INFO:root:Tweet ID 1318904150453792773 already processed, skipping...
INFO:root:Tweet ID 1318902438431236099 already processed, skipping...
INFO:root:Tweet ID 1318901595246034945 already processed, skipping...
INFO:root:Tweet ID 1318900643197845507 already processed, skipping...
INFO:root:Tweet ID 1318897995925118976 already processed, skipping...
INFO:root:Tweet ID 1318896831133372416 already processed, skipping...
INFO:root:Tweet ID 1318895674591637504 already processed, skipping...
INFO:root:Tweet ID 1318895666773463044 already processed, skipping...
INFO:root:Tweet ID 1318895641326612485 already processed, skipping...
INFO:root:Tweet ID 1318893258232205312 already processed, skipping...
INFO:root:Tweet ID 1318890616999284740 already processed, skipping...
INFO:root:Tweet ID 1318882234263285762 already processed, skipping...
INFO:root:Tweet ID 1318881195967602689 already processed, skipping...
INFO:root:Tweet ID 1318875607963439105 already processed, skipping...
INFO:root:Tweet ID 1318867672835084293 already processed, skipping...
INFO:root:Tweet ID 1318859660376592385 already processed, skipping...
INFO:root:Tweet ID 1318859255240339456 already processed, skipping...
INFO:root:Tweet ID 1318784512172707842 already processed, skipping...
INFO:root:Tweet ID 1318779825163784200 already processed, skipping...
INFO:root:Tweet ID 1318773602611793921 already processed, skipping...
INFO:root:Tweet ID 1318754259664592901 already processed, skipping...
INFO:root:Tweet ID 1318741546813083649 already processed, skipping...
INFO:root:Tweet ID 1318741413262217218 already processed, skipping...
INFO:root:Tweet ID 1318736368491745283 already processed, skipping...
INFO:root:Tweet ID 1318732206471368706 already processed, skipping...
INFO:root:Tweet ID 1318717336363347976 already processed, skipping...
INFO:root:Tweet ID 1318703464533446656 already processed, skipping...
INFO:root:Tweet ID 1318698203487834115 already processed, skipping...
INFO:root:Tweet ID 1318686929177710592 already processed, skipping...
INFO:root:Tweet ID 1318686005298343936 already processed, skipping...
INFO:root:Tweet ID 1318678760405729280 already processed, skipping...
INFO:root:Tweet ID 1318678476262694912 already processed, skipping...
INFO:root:Tweet ID 1318675469785616386 already processed, skipping...
INFO:root:Tweet ID 1318675198636339200 already processed, skipping...
INFO:root:Tweet ID 1318672638064164870 already processed, skipping...
INFO:root:Tweet ID 1318668060891488259 already processed, skipping...
INFO:root:Tweet ID 1318663935667687424 already processed, skipping...
INFO:root:Tweet ID 1318662859908386818 already processed, skipping...
INFO:root:Tweet ID 1318662472786587648 already processed, skipping...
INFO:root:Tweet ID 1318661862872010753 already processed, skipping...
INFO:root:Tweet ID 1318653280013197312 already processed, skipping...
INFO:root:Tweet ID 1318647176487198721 already processed, skipping...
INFO:root:Tweet ID 1318642655216238610 already processed, skipping...
INFO:root:Tweet ID 1318634913982078976 already processed, skipping...
INFO:root:Tweet ID 1318633328807903240 already processed, skipping...
INFO:root:Tweet ID 1318627599090774016 already processed, skipping...
INFO:root:Tweet ID 1318625581278298113 already processed, skipping...
INFO:root:Tweet ID 1318623642595565573 already processed, skipping...
INFO:root:Tweet ID 1318623360490692609 already processed, skipping...
INFO:root:Tweet ID 1318622732263841798 already processed, skipping...
INFO:root:Tweet ID 1318617099120463873 already processed, skipping...
INFO:root:Tweet ID 1318611519849062400 already processed, skipping...
INFO:root:Tweet ID 1318602553110663169 already processed, skipping...
INFO:root:Tweet ID 1318599390529953792 already processed, skipping...
INFO:root:Tweet ID 1318598689158385664 already processed, skipping...
INFO:root:Tweet ID 1318598334634917888 already processed, skipping...
INFO:root:Tweet ID 1318597854336847877 already processed, skipping...
INFO:root:Tweet ID 1318597851681902593 already processed, skipping...
INFO:root:Tweet ID 1318597850905812992 already processed, skipping...
INFO:root:Tweet ID 1318594310770741249 already processed, skipping...
INFO:root:Tweet ID 1318593610724540425 already processed, skipping...
INFO:root:Tweet ID 1318591153856536576 already processed, skipping...
INFO:root:Tweet ID 1318590736087027712 already processed, skipping...
INFO:root:Tweet ID 1318587011423494146 already processed, skipping...
INFO:root:Tweet ID 1318585479781093376 already processed, skipping...
INFO:root:Tweet ID 1318585201719640064 already processed, skipping...
INFO:root:Tweet ID 1318584027310362625 already processed, skipping...
INFO:root:Tweet ID 1318583712284639232 already processed, skipping...
INFO:root:Tweet ID 1318581128043823104 already processed, skipping...
INFO:root:Tweet ID 1318579586339196929 already processed, skipping...
INFO:root:Tweet ID 1318578928622227460 already processed, skipping...
INFO:root:Tweet ID 1318576578683670536 already processed, skipping...
INFO:root:Tweet ID 1318574194687434754 already processed, skipping...
INFO:root:Tweet ID 1318574164316459008 already processed, skipping...
INFO:root:Tweet ID 1318574100483330048 already processed, skipping...
INFO:root:Tweet ID 1318573555345444866 already processed, skipping...
INFO:root:Tweet ID 1318572798760026117 already processed, skipping...
INFO:root:Tweet ID 1318571809076400128 already processed, skipping...
INFO:root:Tweet ID 1318571470012940288 already processed, skipping...
INFO:root:Tweet ID 1318571138402996226 already processed, skipping...
INFO:root:Tweet ID 1318571068194394120 already processed, skipping...
INFO:root:Tweet ID 1318571015522324484 already processed, skipping...
INFO:root:Tweet ID 1318570983645536256 already processed, skipping...
INFO:root:Tweet ID 1318569377982238722 already processed, skipping...
INFO:root:Tweet ID 1318568310653526016 already processed, skipping...
INFO:root:Tweet ID 1318568162271649792 already processed, skipping...
INFO:root:Tweet ID 1318568094797864960 already processed, skipping...
INFO:root:Tweet ID 1318566453805809665 already processed, skipping...
INFO:root:Tweet ID 1318566040708763649 already processed, skipping...
INFO:root:Tweet ID 1318564632584458240 already processed, skipping...
INFO:root:Tweet ID 1318563264536727552 already processed, skipping...
INFO:root:Tweet ID 1318561966282199041 already processed, skipping...
INFO:root:Tweet ID 1318559054990614532 already processed, skipping...
INFO:root:Tweet ID 1318558304948391937 already processed, skipping...
INFO:root:Tweet ID 1318557808053321729 already processed, skipping...
INFO:root:Tweet ID 1318556984795406338 already processed, skipping...
INFO:root:Tweet ID 1318556523413602304 already processed, skipping...
INFO:root:Tweet ID 1318556508205043713 already processed, skipping...
INFO:root:Tweet ID 1318556419436797953 already processed, skipping...
INFO:root:Tweet ID 1318556375287500800 already processed, skipping...
INFO:root:Tweet ID 1318556191182774275 already processed, skipping...
INFO:root:Tweet ID 1318555996374093824 already processed, skipping...
INFO:root:Tweet ID 1318555941185400834 already processed, skipping...
INFO:root:Tweet ID 1318555667054157832 already processed, skipping...
INFO:root:Tweet ID 1318555651229011975 already processed, skipping...
INFO:root:Tweet ID 1318555627191472129 already processed, skipping...
INFO:root:Tweet ID 1318555593116975108 already processed, skipping...
INFO:root:Tweet ID 1318554159189250048 already processed, skipping...
INFO:root:Tweet ID 1318538889208991750 already processed, skipping...
INFO:root:Tweet ID 1318537453150588929 already processed, skipping...
INFO:root:Tweet ID 1318537254613254145 already processed, skipping...
INFO:root:Tweet ID 1318533985534922753 already processed, skipping...
INFO:root:Tweet ID 1318530650148868097 already processed, skipping...
INFO:root:Tweet ID 1318529534602416134 already processed, skipping...
INFO:root:Tweet ID 1318525553096466432 already processed, skipping...
INFO:root:Tweet ID 1318522887184306177 already processed, skipping...
INFO:root:Tweet ID 1318521834095202305 already processed, skipping...
INFO:root:Tweet ID 1318520755936788480 already processed, skipping...
INFO:root:Tweet ID 1318520737674788864 already processed, skipping...
INFO:root:Tweet ID 1318519454855290881 already processed, skipping...
INFO:root:Tweet ID 1318517434652020738 already processed, skipping...
INFO:root:Tweet ID 1318512344553693184 already processed, skipping...
INFO:root:Tweet ID 1318509013718454272 already processed, skipping...
INFO:root:Tweet ID 1318489478302924800 already processed, skipping...
INFO:root:Tweet ID 1318417567912951810 already processed, skipping...
INFO:root:Tweet ID 1318415777368842240 already processed, skipping...
INFO:root:Tweet ID 1318399683895635968 already processed, skipping...
INFO:root:Tweet ID 1318399421265096711 already processed, skipping...
INFO:root:Tweet ID 1318396793969926151 already processed, skipping...
INFO:root:Tweet ID 1318391800810426368 already processed, skipping...
INFO:root:Tweet ID 1318387113008766976 already processed, skipping...
INFO:root:Tweet ID 1318377876849295360 already processed, skipping...
INFO:root:Tweet ID 1318377480986779648 already processed, skipping...
INFO:root:Tweet ID 1318374109823291392 already processed, skipping...
INFO:root:Tweet ID 1318374098695847938 already processed, skipping...
INFO:root:Tweet ID 1318372089620029441 already processed, skipping...
INFO:root:Tweet ID 1318363104615563266 already processed, skipping...
INFO:root:Tweet ID 1318363042564825090 already processed, skipping...
INFO:root:Tweet ID 1318362899342004224 already processed, skipping...
INFO:root:Tweet ID 1318361800015040512 already processed, skipping...
INFO:root:Tweet ID 1318353665934184448 already processed, skipping...
INFO:root:Tweet ID 1318351218025091075 already processed, skipping...
INFO:root:Tweet ID 1318348414216773632 already processed, skipping...
INFO:root:Tweet ID 1318348203947851777 already processed, skipping...
INFO:root:Tweet ID 1318348000163434496 already processed, skipping...
INFO:root:Tweet ID 1318347853551620096 already processed, skipping...
INFO:root:Tweet ID 1318347522302267392 already processed, skipping...
INFO:root:Tweet ID 1318344708834398210 already processed, skipping...
INFO:root:Tweet ID 1318344530198933504 already processed, skipping...
INFO:root:Tweet ID 1318337807459471361 already processed, skipping...
INFO:root:Tweet ID 1318337481071263745 already processed, skipping...
INFO:root:Tweet ID 1318335624525582336 already processed, skipping...
INFO:root:Tweet ID 1318335033329975297 already processed, skipping...
INFO:root:Tweet ID 1318333500618047489 already processed, skipping...
INFO:root:Tweet ID 1318331378317012992 already processed, skipping...
INFO:root:Tweet ID 1318330428248522752 already processed, skipping...
INFO:root:Tweet ID 1318329849732321282 already processed, skipping...
INFO:root:Tweet ID 1318328305800675328 already processed, skipping...
INFO:root:Tweet ID 1318327897329823746 already processed, skipping...
INFO:root:Tweet ID 1318327740022611969 already processed, skipping...
INFO:root:Tweet ID 1318327451475431424 already processed, skipping...
INFO:root:Tweet ID 1318326819121225728 already processed, skipping...
INFO:root:Tweet ID 1318326776897167361 already processed, skipping...
INFO:root:Tweet ID 1318326640716500992 already processed, skipping...
INFO:root:Tweet ID 1318326244174422023 already processed, skipping...
INFO:root:Tweet ID 1318326060841279489 already processed, skipping...
INFO:root:Tweet ID 1318316582842605568 already processed, skipping...
INFO:root:Tweet ID 1318308894096097281 already processed, skipping...
INFO:root:Tweet ID 1318306841953226753 already processed, skipping...
INFO:root:Tweet ID 1318306819291447296 already processed, skipping...
INFO:root:Tweet ID 1318302363984269315 already processed, skipping...
INFO:root:Tweet ID 1318297687322693632 already processed, skipping...
INFO:root:Tweet ID 1318296602927374336 already processed, skipping...
INFO:root:Tweet ID 1318296341290897410 already processed, skipping...
INFO:root:Tweet ID 1318292485924212736 already processed, skipping...
INFO:root:Tweet ID 1318291846771044352 already processed, skipping...
INFO:root:Tweet ID 1318291374542884867 already processed, skipping...
INFO:root:Tweet ID 1318291246574690306 already processed, skipping...
INFO:root:Tweet ID 1318290996250218507 already processed, skipping...
INFO:root:Tweet ID 1318288087147896833 already processed, skipping...
INFO:root:Tweet ID 1318288050665869312 already processed, skipping...
INFO:root:Tweet ID 1318287504269840385 already processed, skipping...
INFO:root:Tweet ID 1318278229292208130 already processed, skipping...
INFO:root:Tweet ID 1318275722390261764 already processed, skipping...
INFO:root:Tweet ID 1318270824802037762 already processed, skipping...
INFO:root:Tweet ID 1318270434199162880 already processed, skipping...
INFO:root:Tweet ID 1318269570038333441 already processed, skipping...
INFO:root:Tweet ID 1318266260187209729 already processed, skipping...
INFO:root:Tweet ID 1318265189519839232 already processed, skipping...
INFO:root:Tweet ID 1318263242557358081 already processed, skipping...
INFO:root:Tweet ID 1318262969759825920 already processed, skipping...
INFO:root:Tweet ID 1318254291899985920 already processed, skipping...
INFO:root:Tweet ID 1318254160010080256 already processed, skipping...
INFO:root:Tweet ID 1318252637498888193 already processed, skipping...
INFO:root:Tweet ID 1318252507609636870 already processed, skipping...
INFO:root:Tweet ID 1318252248980459526 already processed, skipping...
INFO:root:Tweet ID 1318250971391250434 already processed, skipping...
INFO:root:Tweet ID 1318250364534226946 already processed, skipping...
INFO:root:Tweet ID 1318250315414753280 already processed, skipping...
INFO:root:Tweet ID 1318250218672943104 already processed, skipping...
INFO:root:Tweet ID 1318249293971660806 already processed, skipping...
INFO:root:Tweet ID 1318248392104005632 already processed, skipping...
INFO:root:Tweet ID 1318247610944192512 already processed, skipping...
INFO:root:Tweet ID 1318247115714416641 already processed, skipping...
INFO:root:Tweet ID 1318246854090436616 already processed, skipping...
INFO:root:Tweet ID 1318246483548917760 already processed, skipping...
INFO:root:Tweet ID 1318242276783673344 already processed, skipping...
INFO:root:Tweet ID 1318241844019433473 already processed, skipping...
INFO:root:Tweet ID 1318240967309262854 already processed, skipping...
INFO:root:Tweet ID 1318234723555168258 already processed, skipping...
INFO:root:Tweet ID 1318230819807244288 already processed, skipping...
INFO:root:Tweet ID 1318228977279029249 already processed, skipping...
INFO:root:Tweet ID 1318228220018368512 already processed, skipping...
INFO:root:Tweet ID 1318225974199083014 already processed, skipping...
INFO:root:Tweet ID 1318225747945861120 already processed, skipping...
INFO:root:Tweet ID 1318224344204587012 already processed, skipping...
INFO:root:Tweet ID 1318222913473024006 already processed, skipping...
INFO:root:Tweet ID 1318221768088195072 already processed, skipping...
INFO:root:Tweet ID 1318221290529050627 already processed, skipping...
INFO:root:Tweet ID 1318220363399127040 already processed, skipping...
INFO:root:Tweet ID 1318220361981362178 already processed, skipping...
INFO:root:Tweet ID 1318220290992865281 already processed, skipping...
INFO:root:Tweet ID 1318219203632050176 already processed, skipping...
INFO:root:Tweet ID 1318218768917594115 already processed, skipping...
INFO:root:Tweet ID 1318217610840989696 already processed, skipping...
INFO:root:Tweet ID 1318217403700948992 already processed, skipping...
INFO:root:Tweet ID 1318217369936928768 already processed, skipping...
INFO:root:Tweet ID 1318216435378814976 already processed, skipping...
INFO:root:Tweet ID 1318216309675560960 already processed, skipping...
INFO:root:Tweet ID 1318213492818804736 already processed, skipping...
INFO:root:Tweet ID 1318212413674692615 already processed, skipping...
INFO:root:Tweet ID 1318209002413694976 already processed, skipping...
INFO:root:Tweet ID 1318202823864066051 already processed, skipping...
INFO:root:Tweet ID 1318202759263539200 already processed, skipping...
INFO:root:Tweet ID 1318198523222020100 already processed, skipping...
INFO:root:Tweet ID 1318197786496696321 already processed, skipping...
INFO:root:Tweet ID 1318195057464283138 already processed, skipping...
INFO:root:Tweet ID 1318193935488110592 already processed, skipping...
INFO:root:Tweet ID 1318192994491768833 already processed, skipping...
INFO:root:Tweet ID 1318190171037274119 already processed, skipping...
INFO:root:Tweet ID 1318190166184402945 already processed, skipping...
INFO:root:Tweet ID 1318189178132201472 already processed, skipping...
INFO:root:Tweet ID 1318188938893225985 already processed, skipping...
INFO:root:Tweet ID 1318176498189242368 already processed, skipping...
INFO:root:Tweet ID 1318176448595824641 already processed, skipping...
INFO:root:Tweet ID 1318173266834608128 already processed, skipping...
INFO:root:Tweet ID 1318171160794849282 already processed, skipping...
INFO:root:Tweet ID 1318170752202452992 already processed, skipping...
INFO:root:Tweet ID 1318167039010361346 already processed, skipping...
INFO:root:Tweet ID 1318166153844445184 already processed, skipping...
INFO:root:Tweet ID 1318164190167793666 already processed, skipping...
INFO:root:Tweet ID 1318158065045209088 already processed, skipping...
INFO:root:Tweet ID 1318157480338333697 already processed, skipping...
INFO:root:Tweet ID 1318156876316610560 already processed, skipping...
INFO:root:Tweet ID 1318150046182002688 already processed, skipping...
INFO:root:Tweet ID 1318149496988180481 already processed, skipping...
INFO:root:Tweet ID 1318148488346128385 already processed, skipping...
INFO:root:Tweet ID 1318116435609161728 already processed, skipping...
INFO:root:Tweet ID 1318104819165548545 already processed, skipping...
INFO:root:Tweet ID 1318059628186505217 already processed, skipping...
INFO:root:Tweet ID 1318055436122206208 already processed, skipping...
INFO:root:Tweet ID 1318034093611884544 already processed, skipping...
INFO:root:Tweet ID 1318025750512107522 already processed, skipping...
INFO:root:Tweet ID 1318023914623291392 already processed, skipping...
INFO:root:Tweet ID 1318017878000619520 already processed, skipping...
INFO:root:Tweet ID 1317986572512325632 already processed, skipping...
INFO:root:Tweet ID 1317985438406037505 already processed, skipping...
INFO:root:Tweet ID 1317975885509775360 already processed, skipping...
INFO:root:Tweet ID 1317967774178791426 already processed, skipping...
INFO:root:Tweet ID 1317954734448386048 already processed, skipping...
INFO:root:Tweet ID 1317950723854897153 already processed, skipping...
INFO:root:Tweet ID 1317936310766702593 already processed, skipping...
INFO:root:Tweet ID 1317935516424294406 already processed, skipping...
INFO:root:Tweet ID 1317926832423972865 already processed, skipping...
INFO:root:Tweet ID 1317924748282761217 already processed, skipping...
INFO:root:Tweet ID 1317920829548695552 already processed, skipping...
INFO:root:Tweet ID 1317919547459051531 already processed, skipping...
INFO:root:Tweet ID 1317918145726865408 already processed, skipping...
INFO:root:Tweet ID 1317915361270968328 already processed, skipping...
INFO:root:Tweet ID 1317904029083643905 already processed, skipping...
INFO:root:Tweet ID 1317895416764092417 already processed, skipping...
INFO:root:Tweet ID 1317894739178541056 already processed, skipping...
INFO:root:Tweet ID 1317892615946338306 already processed, skipping...
INFO:root:Tweet ID 1317865780906700800 already processed, skipping...
INFO:root:Tweet ID 1317837412974944259 already processed, skipping...
INFO:root:Tweet ID 1317827836019843072 already processed, skipping...
INFO:root:Tweet ID 1317827779870687234 already processed, skipping...
INFO:root:Tweet ID 1317818541031235584 already processed, skipping...
INFO:root:Tweet ID 1317817051365412864 already processed, skipping...
INFO:root:Tweet ID 1317815968513597441 already processed, skipping...
INFO:root:Tweet ID 1317811452472889345 already processed, skipping...
INFO:root:Tweet ID 1317803706419761154 already processed, skipping...
INFO:root:Tweet ID 1317797875145953280 already processed, skipping...
INFO:root:Tweet ID 1317794941804961798 already processed, skipping...
INFO:root:Tweet ID 1317794242526388225 already processed, skipping...
INFO:root:Tweet ID 1317787468947689473 already processed, skipping...
INFO:root:Tweet ID 1317787344536207360 already processed, skipping...
INFO:root:Tweet ID 1317787051765436416 already processed, skipping...
INFO:root:Tweet ID 1317785247031975938 already processed, skipping...
INFO:root:Tweet ID 1317783781114286080 already processed, skipping...
INFO:root:Tweet ID 1317767785485914120 already processed, skipping...
INFO:root:Tweet ID 1317764591997235202 already processed, skipping...
INFO:root:Tweet ID 1317726225025146880 already processed, skipping...
INFO:root:Tweet ID 1317716681670746112 already processed, skipping...
INFO:root:Tweet ID 1317703986842161152 already processed, skipping...
INFO:root:Tweet ID 1317694813668605952 already processed, skipping...
INFO:root:Tweet ID 1317687091590008833 already processed, skipping...
INFO:root:Tweet ID 1317671548824727553 already processed, skipping...
INFO:root:Tweet ID 1317663724535250944 already processed, skipping...
INFO:root:Tweet ID 1317624352330772480 already processed, skipping...
INFO:root:Tweet ID 1317614555527323649 already processed, skipping...
INFO:root:Tweet ID 1317602795902652419 already processed, skipping...
INFO:root:Tweet ID 1317601334569267200 already processed, skipping...
INFO:root:Tweet ID 1317592319412080640 already processed, skipping...
INFO:root:Tweet ID 1317591472791801856 already processed, skipping...
INFO:root:Tweet ID 1317584551774924801 already processed, skipping...
INFO:root:Tweet ID 1317575476139917313 already processed, skipping...
INFO:root:Tweet ID 1317573723097092098 already processed, skipping...
INFO:root:Tweet ID 1317565105073135616 already processed, skipping...
INFO:root:Tweet ID 1317561640250970119 already processed, skipping...
INFO:root:Tweet ID 1317561543261761536 already processed, skipping...
INFO:root:Tweet ID 1317558542858178561 already processed, skipping...
INFO:root:Tweet ID 1317554312181055488 already processed, skipping...
INFO:root:Tweet ID 1317553594967707649 already processed, skipping...
INFO:root:Tweet ID 1317551228486901765 already processed, skipping...
INFO:root:Tweet ID 1317550747341496320 already processed, skipping...
INFO:root:Tweet ID 1317547867687583745 already processed, skipping...
INFO:root:Tweet ID 1317547292547833856 already processed, skipping...
INFO:root:Tweet ID 1317534590496591875 already processed, skipping...
INFO:root:Tweet ID 1317512633151520768 already processed, skipping...
INFO:root:Tweet ID 1317510691935252480 already processed, skipping...
INFO:root:Tweet ID 1317507728831664129 already processed, skipping...
INFO:root:Tweet ID 1317506001789243392 already processed, skipping...
INFO:root:Tweet ID 1317502745319014403 already processed, skipping...
INFO:root:Tweet ID 1317497984779681792 already processed, skipping...
INFO:root:Tweet ID 1317497707351736325 already processed, skipping...
INFO:root:Tweet ID 1317497220220944386 already processed, skipping...
INFO:root:Tweet ID 1317496741705490432 already processed, skipping...
INFO:root:Tweet ID 1317488832103829505 already processed, skipping...
INFO:root:Tweet ID 1317474172277325826 already processed, skipping...
INFO:root:Tweet ID 1317473982124380161 already processed, skipping...
INFO:root:Tweet ID 1317471170879393795 already processed, skipping...
INFO:root:Tweet ID 1317467358731141120 already processed, skipping...
INFO:root:Tweet ID 1317467001305051137 already processed, skipping...
INFO:root:Tweet ID 1317465387366273026 already processed, skipping...
INFO:root:Tweet ID 1317459397384183808 already processed, skipping...
INFO:root:Tweet ID 1317457782707204096 already processed, skipping...
INFO:root:Tweet ID 1317451450285461506 already processed, skipping...
INFO:root:Tweet ID 1317450677308821509 already processed, skipping...
INFO:root:Tweet ID 1317450661810810880 already processed, skipping...
INFO:root:Tweet ID 1317440987610886145 already processed, skipping...
INFO:root:Tweet ID 1317439600915304450 already processed, skipping...
INFO:root:Tweet ID 1317434041075978242 already processed, skipping...
INFO:root:Tweet ID 1317432694746304512 already processed, skipping...
INFO:root:Tweet ID 1317431290455523329 already processed, skipping...
INFO:root:Tweet ID 1317424659999166464 already processed, skipping...
INFO:root:Tweet ID 1317422840577167360 already processed, skipping...
INFO:root:Tweet ID 1317415239487455232 already processed, skipping...
INFO:root:Tweet ID 1317404146023190531 already processed, skipping...
INFO:root:Tweet ID 1317396608246554624 already processed, skipping...
INFO:root:Tweet ID 1317394982387417088 already processed, skipping...
INFO:root:Tweet ID 1317379908130177025 already processed, skipping...
INFO:root:Tweet ID 1317373877606060032 already processed, skipping...
INFO:root:Tweet ID 1317371662451564549 already processed, skipping...
INFO:root:Tweet ID 1317368421189931009 already processed, skipping...
INFO:root:Tweet ID 1317367265273270272 already processed, skipping...
INFO:root:Tweet ID 1317364869860122624 already processed, skipping...
INFO:root:Tweet ID 1317363220693327872 already processed, skipping...
INFO:root:Tweet ID 1317362883068571648 already processed, skipping...
INFO:root:Tweet ID 1317362696426237952 already processed, skipping...
INFO:root:Tweet ID 1317362636170973185 already processed, skipping...
INFO:root:Tweet ID 1317360615669858304 already processed, skipping...
INFO:root:Tweet ID 1317360571851866112 already processed, skipping...
INFO:root:Tweet ID 1317349310317666305 already processed, skipping...
INFO:root:Tweet ID 1317349154138542080 already processed, skipping...
INFO:root:Tweet ID 1317341107999551488 already processed, skipping...
INFO:root:Tweet ID 1317338015400927233 already processed, skipping...
INFO:root:Tweet ID 1317337575032385536 already processed, skipping...
INFO:root:Tweet ID 1317331336185643010 already processed, skipping...
INFO:root:Tweet ID 1317329896994074624 already processed, skipping...
INFO:root:Tweet ID 1317308480760483841 already processed, skipping...
INFO:root:Tweet ID 1317308235125301249 already processed, skipping...
INFO:root:Tweet ID 1317304031551913990 already processed, skipping...
INFO:root:Tweet ID 1317295562891366401 already processed, skipping...
INFO:root:Tweet ID 1317288247848992769 already processed, skipping...
INFO:root:Processing file files\target_tweets\UNCW\UNCW-20201101221202.txt 2/2
