INFO:root:Start: 1_search_target_tweets.py 
INFO:root:Created directory: files\target_tweets\UNCW
INFO:root:Processing mode of research: UNCW
INFO:root:Processing query: @UNCW OR #UNCW OR UNCW OR @uncw OR #uncw OR uncw
INFO:root:Called function: get_last_tweet_id 
DEBUG:root:No tweets found, returning None as latest ID
INFO:root:Called function: search_tweets_from_API 
INFO:root:Initialize Twitter
DEBUG:urllib3.connectionpool:Starting new HTTPS connection (1): api.twitter.com:443
DEBUG:urllib3.connectionpool:https://api.twitter.com:443 "POST /oauth2/token HTTP/1.1" 200 155
INFO:root:Called function: Twitter.connect_to_API 
INFO:root:Called function: Twitter.search_tweets 
DEBUG:tweepy.binder:PARAMS: {'q': b'@UNCW OR #UNCW OR UNCW OR @uncw OR #uncw OR uncw', 'count': b'100', 'tweet_mode': b'extended'}
DEBUG:urllib3.connectionpool:Starting new HTTPS connection (1): api.twitter.com:443
DEBUG:urllib3.connectionpool:https://api.twitter.com:443 "GET /1.1/search/tweets.json?q=%40UNCW+OR+%23UNCW+OR+UNCW+OR+%40uncw+OR+%23uncw+OR+uncw&count=100&tweet_mode=extended HTTP/1.1" 200 527400
DEBUG:root:Downloaded number of tweets: 100
INFO:root:Called function: Twitter.search_tweets 
DEBUG:tweepy.binder:PARAMS: {'q': b'@UNCW OR #UNCW OR UNCW OR @uncw OR #uncw OR uncw', 'count': b'100', 'max_id': b'1319753135179481088', 'tweet_mode': b'extended'}
DEBUG:urllib3.connectionpool:Starting new HTTPS connection (1): api.twitter.com:443
DEBUG:urllib3.connectionpool:https://api.twitter.com:443 "GET /1.1/search/tweets.json?q=%40UNCW+OR+%23UNCW+OR+UNCW+OR+%40uncw+OR+%23uncw+OR+uncw&count=100&max_id=1319753135179481088&tweet_mode=extended HTTP/1.1" 200 526446
DEBUG:root:Downloaded number of tweets: 200
INFO:root:Called function: Twitter.search_tweets 
DEBUG:tweepy.binder:PARAMS: {'q': b'@UNCW OR #UNCW OR UNCW OR @uncw OR #uncw OR uncw', 'count': b'100', 'max_id': b'1319399918700810239', 'tweet_mode': b'extended'}
DEBUG:urllib3.connectionpool:Starting new HTTPS connection (1): api.twitter.com:443
DEBUG:urllib3.connectionpool:https://api.twitter.com:443 "GET /1.1/search/tweets.json?q=%40UNCW+OR+%23UNCW+OR+UNCW+OR+%40uncw+OR+%23uncw+OR+uncw&count=100&max_id=1319399918700810239&tweet_mode=extended HTTP/1.1" 200 604230
DEBUG:root:Downloaded number of tweets: 300
INFO:root:Called function: Twitter.search_tweets 
DEBUG:tweepy.binder:PARAMS: {'q': b'@UNCW OR #UNCW OR UNCW OR @uncw OR #uncw OR uncw', 'count': b'100', 'max_id': b'1319050713603936256', 'tweet_mode': b'extended'}
DEBUG:urllib3.connectionpool:Starting new HTTPS connection (1): api.twitter.com:443
DEBUG:urllib3.connectionpool:https://api.twitter.com:443 "GET /1.1/search/tweets.json?q=%40UNCW+OR+%23UNCW+OR+UNCW+OR+%40uncw+OR+%23uncw+OR+uncw&count=100&max_id=1319050713603936256&tweet_mode=extended HTTP/1.1" 200 555404
DEBUG:root:Downloaded number of tweets: 400
INFO:root:Called function: Twitter.search_tweets 
DEBUG:tweepy.binder:PARAMS: {'q': b'@UNCW OR #UNCW OR UNCW OR @uncw OR #uncw OR uncw', 'count': b'100', 'max_id': b'1318779825163784199', 'tweet_mode': b'extended'}
DEBUG:urllib3.connectionpool:Starting new HTTPS connection (1): api.twitter.com:443
DEBUG:urllib3.connectionpool:https://api.twitter.com:443 "GET /1.1/search/tweets.json?q=%40UNCW+OR+%23UNCW+OR+UNCW+OR+%40uncw+OR+%23uncw+OR+uncw&count=100&max_id=1318779825163784199&tweet_mode=extended HTTP/1.1" 200 561332
DEBUG:root:Downloaded number of tweets: 500
INFO:root:Called function: Twitter.search_tweets 
DEBUG:tweepy.binder:PARAMS: {'q': b'@UNCW OR #UNCW OR UNCW OR @uncw OR #uncw OR uncw', 'count': b'100', 'max_id': b'1318520737674788863', 'tweet_mode': b'extended'}
DEBUG:urllib3.connectionpool:Starting new HTTPS connection (1): api.twitter.com:443
DEBUG:urllib3.connectionpool:https://api.twitter.com:443 "GET /1.1/search/tweets.json?q=%40UNCW+OR+%23UNCW+OR+UNCW+OR+%40uncw+OR+%23uncw+OR+uncw&count=100&max_id=1318520737674788863&tweet_mode=extended HTTP/1.1" 200 524213
DEBUG:root:Downloaded number of tweets: 600
INFO:root:Called function: Twitter.search_tweets 
DEBUG:tweepy.binder:PARAMS: {'q': b'@UNCW OR #UNCW OR UNCW OR @uncw OR #uncw OR uncw', 'count': b'100', 'max_id': b'1318221290529050626', 'tweet_mode': b'extended'}
DEBUG:urllib3.connectionpool:Starting new HTTPS connection (1): api.twitter.com:443
DEBUG:urllib3.connectionpool:https://api.twitter.com:443 "GET /1.1/search/tweets.json?q=%40UNCW+OR+%23UNCW+OR+UNCW+OR+%40uncw+OR+%23uncw+OR+uncw&count=100&max_id=1318221290529050626&tweet_mode=extended HTTP/1.1" 200 497463
DEBUG:root:Downloaded number of tweets: 700
INFO:root:Called function: Twitter.search_tweets 
DEBUG:tweepy.binder:PARAMS: {'q': b'@UNCW OR #UNCW OR UNCW OR @uncw OR #uncw OR uncw', 'count': b'100', 'max_id': b'1317565105073135615', 'tweet_mode': b'extended'}
DEBUG:urllib3.connectionpool:Starting new HTTPS connection (1): api.twitter.com:443
DEBUG:urllib3.connectionpool:https://api.twitter.com:443 "GET /1.1/search/tweets.json?q=%40UNCW+OR+%23UNCW+OR+UNCW+OR+%40uncw+OR+%23uncw+OR+uncw&count=100&max_id=1317565105073135615&tweet_mode=extended HTTP/1.1" 200 383119
DEBUG:root:Downloaded number of tweets: 766
INFO:root:Called function: Twitter.search_tweets 
DEBUG:tweepy.binder:PARAMS: {'q': b'@UNCW OR #UNCW OR UNCW OR @uncw OR #uncw OR uncw', 'count': b'100', 'max_id': b'1317288247848992768', 'tweet_mode': b'extended'}
DEBUG:urllib3.connectionpool:Starting new HTTPS connection (1): api.twitter.com:443
DEBUG:urllib3.connectionpool:https://api.twitter.com:443 "GET /1.1/search/tweets.json?q=%40UNCW+OR+%23UNCW+OR+UNCW+OR+%40uncw+OR+%23uncw+OR+uncw&count=100&max_id=1317288247848992768&tweet_mode=extended HTTP/1.1" 200 374
DEBUG:root:No more tweets found, exiting...
INFO:root:Finished collecting UNCW tweets

